{"uid":"bb5e3f3b25c5c693","name":"Performance tests for Home page","fullName":"tests.test_performance.TestPerformance#test_home_page_performance","historyId":"817198a01cc242faad7e9af9f654acc2","time":{"start":1709197632499,"stop":1709197632500,"duration":1},"status":"broken","statusMessage":"TypeError: Page.get() missing 1 required positional argument: 'url_suffix'","statusTrace":"self = <test_performance.TestPerformance object at 0x7fa266568d90>\nperformance_tests_config = PerformanceMeasurementConfig(number_of_measurements=5, lcp=2500, ttfb=800)\nperformance_metrics = {}\n\n    @allure.id('1')\n    @allure.title('Performance tests for Home page')\n    def test_home_page_performance(self,\n                                   performance_tests_config: PerformanceMeasurementConfig(),\n                                   performance_metrics: dict):\n        ui_config = UIConfig()\n    \n        for n in range(performance_tests_config.number_of_measurements):\n            page_client = Page(ui_config)\n            home_page = HomePage(page_client)\n>           home_page.get_performance_metrics(run=n + 1, performance_metrics=performance_metrics)\n\ntests/test_performance.py:29: \n_ _ _ _ _ _ _ _ _ _ _ _ _ _ _ _ _ _ _ _ _ _ _ _ _ _ _ _ _ _ _ _ _ _ _ _ _ _ _ _ \n\nself = <pom.pages.home_page.HomePage object at 0x7fa266737310>, run = 1\nperformance_metrics = {}, url = ''\n\n    def get_performance_metrics(self, run: int, performance_metrics: dict, url: str = '') -> None:\n        with allure.step(f'Performance test run №{run}'):\n            with allure.step(f'Opening the url \"{self.page.config.base_url}{url}\"'):\n>               self.page.get(url)\nE               TypeError: Page.get() missing 1 required positional argument: 'url_suffix'\n\npom/pages/base_page.py:23: TypeError","flaky":false,"newFailed":false,"newBroken":false,"newPassed":false,"retriesCount":1,"retriesStatusChange":false,"beforeStages":[{"name":"performance_tests_config","time":{"start":1709197632425,"stop":1709197632426,"duration":1},"status":"passed","steps":[],"attachments":[],"parameters":[],"shouldDisplayMessage":false,"stepsCount":0,"attachmentsCount":0,"hasContent":false},{"name":"performance_metrics","time":{"start":1709197632426,"stop":1709197632426,"duration":0},"status":"passed","steps":[],"attachments":[],"parameters":[],"shouldDisplayMessage":false,"stepsCount":0,"attachmentsCount":0,"hasContent":false}],"testStage":{"status":"broken","statusMessage":"TypeError: Page.get() missing 1 required positional argument: 'url_suffix'","statusTrace":"self = <test_performance.TestPerformance object at 0x7fa266568d90>\nperformance_tests_config = PerformanceMeasurementConfig(number_of_measurements=5, lcp=2500, ttfb=800)\nperformance_metrics = {}\n\n    @allure.id('1')\n    @allure.title('Performance tests for Home page')\n    def test_home_page_performance(self,\n                                   performance_tests_config: PerformanceMeasurementConfig(),\n                                   performance_metrics: dict):\n        ui_config = UIConfig()\n    \n        for n in range(performance_tests_config.number_of_measurements):\n            page_client = Page(ui_config)\n            home_page = HomePage(page_client)\n>           home_page.get_performance_metrics(run=n + 1, performance_metrics=performance_metrics)\n\ntests/test_performance.py:29: \n_ _ _ _ _ _ _ _ _ _ _ _ _ _ _ _ _ _ _ _ _ _ _ _ _ _ _ _ _ _ _ _ _ _ _ _ _ _ _ _ \n\nself = <pom.pages.home_page.HomePage object at 0x7fa266737310>, run = 1\nperformance_metrics = {}, url = ''\n\n    def get_performance_metrics(self, run: int, performance_metrics: dict, url: str = '') -> None:\n        with allure.step(f'Performance test run №{run}'):\n            with allure.step(f'Opening the url \"{self.page.config.base_url}{url}\"'):\n>               self.page.get(url)\nE               TypeError: Page.get() missing 1 required positional argument: 'url_suffix'\n\npom/pages/base_page.py:23: TypeError","steps":[{"name":"Performance test run №1","time":{"start":1709197632500,"stop":1709197632500,"duration":0},"status":"broken","statusMessage":"TypeError: Page.get() missing 1 required positional argument: 'url_suffix'\n","statusTrace":"  File \"/code/pom/pages/base_page.py\", line 23, in get_performance_metrics\n    self.page.get(url)\n","steps":[{"name":"Opening the url \"https://next.4zida.rs\"","time":{"start":1709197632500,"stop":1709197632500,"duration":0},"status":"broken","statusMessage":"TypeError: Page.get() missing 1 required positional argument: 'url_suffix'\n","statusTrace":"  File \"/code/pom/pages/base_page.py\", line 23, in get_performance_metrics\n    self.page.get(url)\n","steps":[],"attachments":[],"parameters":[],"shouldDisplayMessage":true,"stepsCount":0,"attachmentsCount":0,"hasContent":true}],"attachments":[],"parameters":[],"shouldDisplayMessage":false,"stepsCount":1,"attachmentsCount":0,"hasContent":true}],"attachments":[],"parameters":[],"shouldDisplayMessage":true,"stepsCount":2,"attachmentsCount":0,"hasContent":true},"afterStages":[{"name":"performance_metrics::0","time":{"start":1709197981754,"stop":1709197981754,"duration":0},"status":"passed","steps":[],"attachments":[],"parameters":[],"shouldDisplayMessage":false,"stepsCount":0,"attachmentsCount":0,"hasContent":false}],"labels":[{"name":"suite","value":"Performance Tests"},{"name":"as_id","value":"1"},{"name":"severity","value":"critical"},{"name":"tag","value":"performance"},{"name":"tag","value":"ui"},{"name":"parentSuite","value":"tests"},{"name":"subSuite","value":"TestPerformance"},{"name":"host","value":"684ab77dbf7d"},{"name":"thread","value":"1-MainThread"},{"name":"framework","value":"pytest"},{"name":"language","value":"cpython3"},{"name":"package","value":"tests.test_performance"},{"name":"resultFormat","value":"allure2"}],"parameters":[],"links":[],"hidden":false,"retry":false,"extra":{"severity":"critical","retries":[{"uid":"a3d89cd5b7f57b87","status":"broken","statusDetails":"TypeError: Page.get() missing 1 required positional argument: 'url_suffix'","time":{"start":1709197632426,"stop":1709197632427,"duration":1}}],"categories":[{"name":"Test defects","matchedStatuses":[],"flaky":false}],"history":{"statistic":{"failed":0,"broken":5,"skipped":0,"passed":19,"unknown":0,"total":24},"items":[{"uid":"3af6b641317d2398","reportUrl":"https://valeryia-lukyanava.github.io/automated-testing-project-4zida/112//#testresult/3af6b641317d2398","status":"broken","statusDetails":"TypeError: Page.get() missing 1 required positional argument: 'url_suffix'","time":{"start":1709195862826,"stop":1709195862827,"duration":1}},{"uid":"64803e615e2c33c3","reportUrl":"https://valeryia-lukyanava.github.io/automated-testing-project-4zida/111//#testresult/64803e615e2c33c3","status":"broken","statusDetails":"TypeError: Page.get() missing 1 required positional argument: 'url_suffix'","time":{"start":1709119815353,"stop":1709119815354,"duration":1}},{"uid":"f580c905dd2bc6bd","reportUrl":"https://valeryia-lukyanava.github.io/automated-testing-project-4zida/110//#testresult/f580c905dd2bc6bd","status":"passed","time":{"start":1709116698033,"stop":1709116713084,"duration":15051}},{"uid":"faf1ebfbee0729d","reportUrl":"https://valeryia-lukyanava.github.io/automated-testing-project-4zida/109//#testresult/faf1ebfbee0729d","status":"passed","time":{"start":1709113296184,"stop":1709113316617,"duration":20433}},{"uid":"b4c65ae0e8f9e385","reportUrl":"https://valeryia-lukyanava.github.io/automated-testing-project-4zida/108//#testresult/b4c65ae0e8f9e385","status":"passed","time":{"start":1709112241375,"stop":1709112352290,"duration":110915}},{"uid":"97b401142565b93","reportUrl":"https://valeryia-lukyanava.github.io/automated-testing-project-4zida/107//#testresult/97b401142565b93","status":"passed","time":{"start":1709111518600,"stop":1709111698021,"duration":179421}},{"uid":"db2e16c61b43ebec","reportUrl":"https://valeryia-lukyanava.github.io/automated-testing-project-4zida/106//#testresult/db2e16c61b43ebec","status":"passed","time":{"start":1709110758828,"stop":1709110818917,"duration":60089}},{"uid":"2257c72e535ece37","reportUrl":"https://valeryia-lukyanava.github.io/automated-testing-project-4zida/105//#testresult/2257c72e535ece37","status":"broken","statusDetails":"selenium.common.exceptions.SessionNotCreatedException: Message: Could not start a new session. New session request timed out \nHost info: host: '02a054136b4d', ip: '172.18.0.2'\nBuild info: version: '4.18.1', revision: 'b1d3319b48'\nSystem info: os.name: 'Linux', os.arch: 'amd64', os.version: '6.2.0-1019-azure', java.version: '11.0.21'\nDriver info: driver.version: unknown\nStacktrace:\n    at org.openqa.selenium.grid.sessionqueue.local.LocalNewSessionQueue.addToQueue (LocalNewSessionQueue.java:221)\n    at org.openqa.selenium.grid.sessionqueue.NewSessionQueue.lambda$new$0 (NewSessionQueue.java:68)\n    at org.openqa.selenium.remote.http.Route$TemplatizedRoute.handle (Route.java:192)\n    at org.openqa.selenium.remote.http.Route.execute (Route.java:69)\n    at org.openqa.selenium.remote.http.Route$CombinedRoute.handle (Route.java:346)\n    at org.openqa.selenium.remote.http.Route.execute (Route.java:69)\n    at org.openqa.selenium.grid.sessionqueue.NewSessionQueue.execute (NewSessionQueue.java:128)\n    at org.openqa.selenium.remote.tracing.SpanWrappedHttpHandler.execute (SpanWrappedHttpHandler.java:87)\n    at org.openqa.selenium.remote.http.Filter$1.execute (Filter.java:63)\n    at org.openqa.selenium.remote.http.Route$CombinedRoute.handle (Route.java:346)\n    at org.openqa.selenium.remote.http.Route.execute (Route.java:69)\n    at org.openqa.selenium.grid.router.Router.execute (Router.java:87)\n    at org.openqa.selenium.grid.web.EnsureSpecCompliantResponseHeaders.lambda$apply$0 (EnsureSpecCompliantResponseHeaders.java:34)\n    at org.openqa.selenium.remote.http.Filter$1.execute (Filter.java:63)\n    at org.openqa.selenium.remote.http.Route$CombinedRoute.handle (Route.java:346)\n    at org.openqa.selenium.remote.http.Route.execute (Route.java:69)\n    at org.openqa.selenium.remote.http.Route$NestedRoute.handle (Route.java:270)\n    at org.openqa.selenium.remote.http.Route.execute (Route.java:69)\n    at org.openqa.selenium.remote.http.Route$CombinedRoute.handle (Route.java:346)\n    at org.openqa.selenium.remote.http.Route.execute (Route.java:69)\n    at org.openqa.selenium.remote.http.Route$CombinedRoute.handle (Route.java:346)\n    at org.openqa.selenium.remote.http.Route.execute (Route.java:69)\n    at org.openqa.selenium.remote.http.Route$CombinedRoute.handle (Route.java:346)\n    at org.openqa.selenium.remote.http.Route.execute (Route.java:69)\n    at org.openqa.selenium.remote.http.Route$CombinedRoute.handle (Route.java:346)\n    at org.openqa.selenium.remote.http.Route.execute (Route.java:69)\n    at org.openqa.selenium.remote.AddWebDriverSpecHeaders.lambda$apply$0 (AddWebDriverSpecHeaders.java:35)\n    at org.openqa.selenium.remote.ErrorFilter.lambda$apply$0 (ErrorFilter.java:44)\n    at org.openqa.selenium.remote.http.Filter$1.execute (Filter.java:63)\n    at org.openqa.selenium.remote.ErrorFilter.lambda$apply$0 (ErrorFilter.java:44)\n    at org.openqa.selenium.remote.http.Filter$1.execute (Filter.java:63)\n    at org.openqa.selenium.netty.server.SeleniumHandler.lambda$channelRead0$0 (SeleniumHandler.java:44)\n    at java.util.concurrent.Executors$RunnableAdapter.call (Executors.java:515)\n    at java.util.concurrent.FutureTask.run (FutureTask.java:264)\n    at java.util.concurrent.ThreadPoolExecutor.runWorker (ThreadPoolExecutor.java:1128)\n    at java.util.concurrent.ThreadPoolExecutor$Worker.run (ThreadPoolExecutor.java:628)\n    at java.lang.Thread.run (Thread.java:829)","time":{"start":1709107813723,"stop":1709108113745,"duration":300022}},{"uid":"b806cc6ba3dada99","reportUrl":"https://valeryia-lukyanava.github.io/automated-testing-project-4zida/104//#testresult/b806cc6ba3dada99","status":"broken","statusDetails":"selenium.common.exceptions.SessionNotCreatedException: Message: Could not start a new session. New session request timed out \nHost info: host: '19d0f351ccd2', ip: '172.18.0.2'\nBuild info: version: '4.18.1', revision: 'b1d3319b48'\nSystem info: os.name: 'Linux', os.arch: 'amd64', os.version: '6.5.0-1015-azure', java.version: '11.0.21'\nDriver info: driver.version: unknown\nStacktrace:\n    at org.openqa.selenium.grid.sessionqueue.local.LocalNewSessionQueue.addToQueue (LocalNewSessionQueue.java:221)\n    at org.openqa.selenium.grid.sessionqueue.NewSessionQueue.lambda$new$0 (NewSessionQueue.java:68)\n    at org.openqa.selenium.remote.http.Route$TemplatizedRoute.handle (Route.java:192)\n    at org.openqa.selenium.remote.http.Route.execute (Route.java:69)\n    at org.openqa.selenium.remote.http.Route$CombinedRoute.handle (Route.java:346)\n    at org.openqa.selenium.remote.http.Route.execute (Route.java:69)\n    at org.openqa.selenium.grid.sessionqueue.NewSessionQueue.execute (NewSessionQueue.java:128)\n    at org.openqa.selenium.remote.tracing.SpanWrappedHttpHandler.execute (SpanWrappedHttpHandler.java:87)\n    at org.openqa.selenium.remote.http.Filter$1.execute (Filter.java:63)\n    at org.openqa.selenium.remote.http.Route$CombinedRoute.handle (Route.java:346)\n    at org.openqa.selenium.remote.http.Route.execute (Route.java:69)\n    at org.openqa.selenium.grid.router.Router.execute (Router.java:87)\n    at org.openqa.selenium.grid.web.EnsureSpecCompliantResponseHeaders.lambda$apply$0 (EnsureSpecCompliantResponseHeaders.java:34)\n    at org.openqa.selenium.remote.http.Filter$1.execute (Filter.java:63)\n    at org.openqa.selenium.remote.http.Route$CombinedRoute.handle (Route.java:346)\n    at org.openqa.selenium.remote.http.Route.execute (Route.java:69)\n    at org.openqa.selenium.remote.http.Route$NestedRoute.handle (Route.java:270)\n    at org.openqa.selenium.remote.http.Route.execute (Route.java:69)\n    at org.openqa.selenium.remote.http.Route$CombinedRoute.handle (Route.java:346)\n    at org.openqa.selenium.remote.http.Route.execute (Route.java:69)\n    at org.openqa.selenium.remote.http.Route$CombinedRoute.handle (Route.java:346)\n    at org.openqa.selenium.remote.http.Route.execute (Route.java:69)\n    at org.openqa.selenium.remote.http.Route$CombinedRoute.handle (Route.java:346)\n    at org.openqa.selenium.remote.http.Route.execute (Route.java:69)\n    at org.openqa.selenium.remote.http.Route$CombinedRoute.handle (Route.java:346)\n    at org.openqa.selenium.remote.http.Route.execute (Route.java:69)\n    at org.openqa.selenium.remote.AddWebDriverSpecHeaders.lambda$apply$0 (AddWebDriverSpecHeaders.java:35)\n    at org.openqa.selenium.remote.ErrorFilter.lambda$apply$0 (ErrorFilter.java:44)\n    at org.openqa.selenium.remote.http.Filter$1.execute (Filter.java:63)\n    at org.openqa.selenium.remote.ErrorFilter.lambda$apply$0 (ErrorFilter.java:44)\n    at org.openqa.selenium.remote.http.Filter$1.execute (Filter.java:63)\n    at org.openqa.selenium.netty.server.SeleniumHandler.lambda$channelRead0$0 (SeleniumHandler.java:44)\n    at java.util.concurrent.Executors$RunnableAdapter.call (Executors.java:515)\n    at java.util.concurrent.FutureTask.run (FutureTask.java:264)\n    at java.util.concurrent.ThreadPoolExecutor.runWorker (ThreadPoolExecutor.java:1128)\n    at java.util.concurrent.ThreadPoolExecutor$Worker.run (ThreadPoolExecutor.java:628)\n    at java.lang.Thread.run (Thread.java:829)","time":{"start":1709105366685,"stop":1709105667210,"duration":300525}},{"uid":"18f9ba6715fb70f9","reportUrl":"https://valeryia-lukyanava.github.io/automated-testing-project-4zida/103//#testresult/18f9ba6715fb70f9","status":"passed","time":{"start":1708868606759,"stop":1708868622929,"duration":16170}},{"uid":"a6667992c1e0db8c","reportUrl":"https://valeryia-lukyanava.github.io/automated-testing-project-4zida/102//#testresult/a6667992c1e0db8c","status":"passed","time":{"start":1708855517249,"stop":1708855537582,"duration":20333}},{"uid":"ca46d9023740be7c","reportUrl":"https://valeryia-lukyanava.github.io/automated-testing-project-4zida/101//#testresult/ca46d9023740be7c","status":"passed","time":{"start":1708854182419,"stop":1708854198706,"duration":16287}},{"uid":"d74f881187d204c9","reportUrl":"https://valeryia-lukyanava.github.io/automated-testing-project-4zida/100//#testresult/d74f881187d204c9","status":"passed","time":{"start":1708853388614,"stop":1708853405029,"duration":16415}},{"uid":"d0731bbb31917107","reportUrl":"https://valeryia-lukyanava.github.io/automated-testing-project-4zida/99//#testresult/d0731bbb31917107","status":"passed","time":{"start":1708852198303,"stop":1708852213653,"duration":15350}},{"uid":"1d318e2891c700d5","reportUrl":"https://valeryia-lukyanava.github.io/automated-testing-project-4zida/98//#testresult/1d318e2891c700d5","status":"passed","time":{"start":1708851657737,"stop":1708851676892,"duration":19155}},{"uid":"bd1a74e0cc82cb5d","reportUrl":"https://valeryia-lukyanava.github.io/automated-testing-project-4zida/97//#testresult/bd1a74e0cc82cb5d","status":"passed","time":{"start":1708848549165,"stop":1708848563913,"duration":14748}},{"uid":"b0e8705f6b925202","reportUrl":"https://valeryia-lukyanava.github.io/automated-testing-project-4zida/96//#testresult/b0e8705f6b925202","status":"passed","time":{"start":1708846438735,"stop":1708846455324,"duration":16589}},{"uid":"16d7ddc7432c2df3","reportUrl":"https://valeryia-lukyanava.github.io/automated-testing-project-4zida/95//#testresult/16d7ddc7432c2df3","status":"passed","time":{"start":1708810686971,"stop":1708810701710,"duration":14739}},{"uid":"28a8d39394eb5861","reportUrl":"https://valeryia-lukyanava.github.io/automated-testing-project-4zida/94//#testresult/28a8d39394eb5861","status":"passed","time":{"start":1708796400847,"stop":1708796416109,"duration":15262}},{"uid":"4b2a59456df84781","reportUrl":"https://valeryia-lukyanava.github.io/automated-testing-project-4zida/93//#testresult/4b2a59456df84781","status":"passed","time":{"start":1708794561372,"stop":1708794575062,"duration":13690}}]},"tags":["performance","ui"]},"source":"bb5e3f3b25c5c693.json","parameterValues":[]}