{"uid":"f2743056e8d69830","name":"Check Menu Navigation: \"Novogradnja\"","fullName":"tests.test_ui_navigation_menu.TestUINavigationMenu#test_navigation_menu_new","historyId":"23591d8557689fe22086bc636b3709ac","time":{"start":1709446362053,"stop":1709446902815,"duration":540762},"status":"broken","statusMessage":"selenium.common.exceptions.WebDriverException: Message: Unable to execute request for an existing session: java.util.concurrent.TimeoutException\nBuild info: version: '4.18.1', revision: 'b1d3319b48'\nSystem info: os.name: 'Linux', os.arch: 'amd64', os.version: '6.5.0-1015-azure', java.version: '11.0.21'\nDriver info: driver.version: unknown\nStacktrace:\njava.lang.RuntimeException: Unable to execute request for an existing session: java.util.concurrent.TimeoutException\nBuild info: version: '4.18.1', revision: 'b1d3319b48'\nSystem info: os.name: 'Linux', os.arch: 'amd64', os.version: '6.5.0-1015-azure', java.version: '11.0.21'\nDriver info: driver.version: unknown\n\tat org.openqa.selenium.grid.router.HandleSession.execute(HandleSession.java:208)\n\tat org.openqa.selenium.remote.http.Route$PredicatedRoute.handle(Route.java:383)\n\tat org.openqa.selenium.remote.http.Route.execute(Route.java:69)\n\tat org.openqa.selenium.remote.http.Route$CombinedRoute.handle(Route.java:346)\n\tat org.openqa.selenium.remote.http.Route.execute(Route.java:69)\n\tat org.openqa.selenium.grid.router.Router.execute(Router.java:87)\n\tat org.openqa.selenium.grid.web.EnsureSpecCompliantResponseHeaders.lambda$apply$0(EnsureSpecCompliantResponseHeaders.java:34)\n\tat org.openqa.selenium.remote.http.Filter$1.execute(Filter.java:63)\n\tat org.openqa.selenium.remote.http.Route$CombinedRoute.handle(Route.java:346)\n\tat org.openqa.selenium.remote.http.Route.execute(Route.java:69)\n\tat org.openqa.selenium.remote.http.Route$NestedRoute.handle(Route.java:270)\n\tat org.openqa.selenium.remote.http.Route.execute(Route.java:69)\n\tat org.openqa.selenium.remote.http.Route$CombinedRoute.handle(Route.java:346)\n\tat org.openqa.selenium.remote.http.Route.execute(Route.java:69)\n\tat org.openqa.selenium.remote.http.Route$CombinedRoute.handle(Route.java:346)\n\tat org.openqa.selenium.remote.http.Route.execute(Route.java:69)\n\tat org.openqa.selenium.remote.http.Route$CombinedRoute.handle(Route.java:346)\n\tat org.openqa.selenium.remote.http.Route.execute(Route.java:69)\n\tat org.openqa.selenium.remote.http.Route$CombinedRoute.handle(Route.java:346)\n\tat org.openqa.selenium.remote.http.Route.execute(Route.java:69)\n\tat org.openqa.selenium.remote.AddWebDriverSpecHeaders.lambda$apply$0(AddWebDriverSpecHeaders.java:35)\n\tat org.openqa.selenium.remote.ErrorFilter.lambda$apply$0(ErrorFilter.java:44)\n\tat org.openqa.selenium.remote.http.Filter$1.execute(Filter.java:63)\n\tat org.openqa.selenium.remote.ErrorFilter.lambda$apply$0(ErrorFilter.java:44)\n\tat org.openqa.selenium.remote.http.Filter$1.execute(Filter.java:63)\n\tat org.openqa.selenium.netty.server.SeleniumHandler.lambda$channelRead0$0(SeleniumHandler.java:44)\n\tat java.base/java.util.concurrent.Executors$RunnableAdapter.call(Executors.java:515)\n\tat java.base/java.util.concurrent.FutureTask.run(FutureTask.java:264)\n\tat java.base/java.util.concurrent.ThreadPoolExecutor.runWorker(ThreadPoolExecutor.java:1128)\n\tat java.base/java.util.concurrent.ThreadPoolExecutor$Worker.run(ThreadPoolExecutor.java:628)\n\tat java.base/java.lang.Thread.run(Thread.java:829)\nCaused by: java.util.concurrent.TimeoutException\n\tat java.base/java.util.concurrent.CompletableFuture.timedGet(CompletableFuture.java:1892)\n\tat java.base/java.util.concurrent.CompletableFuture.get(CompletableFuture.java:2027)\n\tat org.openqa.selenium.remote.http.jdk.JdkHttpClient.execute0(JdkHttpClient.java:386)\n\tat org.openqa.selenium.remote.http.RetryRequest.lambda$apply$5(RetryRequest.java:81)\n\tat dev.failsafe.Functions.lambda$toCtxSupplier$11(Functions.java:243)\n\tat dev.failsafe.Functions.lambda$get$0(Functions.java:46)\n\tat dev.failsafe.internal.RetryPolicyExecutor.lambda$apply$0(RetryPolicyExecutor.java:74)\n\tat dev.failsafe.internal.RetryPolicyExecutor.lambda$apply$0(RetryPolicyExecutor.java:74)\n\tat dev.failsafe.internal.FallbackExecutor.lambda$apply$0(FallbackExecutor.java:51)\n\tat dev.failsafe.SyncExecutionImpl.executeSync(SyncExecutionImpl.java:187)\n\tat dev.failsafe.FailsafeExecutor.call(FailsafeExecutor.java:376)\n\tat dev.failsafe.FailsafeExecutor.get(FailsafeExecutor.java:112)\n\tat org.openqa.selenium.remote.http.RetryRequest.lambda$apply$6(RetryRequest.java:81)\n\tat org.openqa.selenium.remote.http.AddSeleniumUserAgent.lambda$apply$0(AddSeleniumUserAgent.java:42)\n\tat org.openqa.selenium.remote.http.Filter.lambda$andFinally$1(Filter.java:55)\n\tat org.openqa.selenium.remote.http.jdk.JdkHttpClient.execute(JdkHttpClient.java:359)\n\tat org.openqa.selenium.remote.tracing.TracedHttpClient.execute(TracedHttpClient.java:54)\n\tat org.openqa.selenium.grid.web.ReverseProxyHandler.execute(ReverseProxyHandler.java:90)\n\tat org.openqa.selenium.grid.router.HandleSession.execute(HandleSession.java:181)\n\t... 30 more","statusTrace":"self = <test_ui_navigation_menu.TestUINavigationMenu object at 0x7fe9d4e69300>\nhome_page = <pom.pages.home_page.HomePage object at 0x7fe9d4932170>, index = 19\nsub_menu = 'Novogradnja u Prokuplju'\nexpected_url = 'https://next.4zida.rs/novogradnja/prokuplje'\n\n    @allure.id('3')\n    @allure.sub_suite('Menu Navigation: \"Novogradnja\"')\n    @allure.title('Check Menu Navigation: \"Novogradnja\"')\n    @pytest.mark.parametrize(\"index,sub_menu,expected_url\", NavigationSubMenu.SUB_MENU_NEW)\n    def test_navigation_menu_new(self, home_page: HomePage, index: int, sub_menu: str, expected_url: str):\n>       home_page.visit()\n\ntests/test_ui_navigation_menu.py:36: \n_ _ _ _ _ _ _ _ _ _ _ _ _ _ _ _ _ _ _ _ _ _ _ _ _ _ _ _ _ _ _ _ _ _ _ _ _ _ _ _ \npom/pages/base_page.py:17: in visit\n    self.page.get(url, url_suffix)\npom/models/page.py:73: in get\n    self.get_page_by_url(url, url_suffix)\npom/models/page.py:109: in get_page_by_url\n    self.webdriver.get(f\"{normalized_url}{url_suffix}\")\n/usr/local/lib/python3.10/site-packages/selenium/webdriver/remote/webdriver.py:449: in get\n    self.execute(Command.GET, {\"url\": url})\n/usr/local/lib/python3.10/site-packages/selenium/webdriver/remote/webdriver.py:440: in execute\n    self.error_handler.check_response(response)\n_ _ _ _ _ _ _ _ _ _ _ _ _ _ _ _ _ _ _ _ _ _ _ _ _ _ _ _ _ _ _ _ _ _ _ _ _ _ _ _ \n\nself = <selenium.webdriver.remote.errorhandler.ErrorHandler object at 0x7fe9d4930a30>\nresponse = {'status': 500, 'value': '{\\n  \"value\": {\\n    \"message\": \"Unable to execute request for an existing session: java.uti...0)\\\\n\\\\tat org.openqa.selenium.grid.router.HandleSession.execute(HandleSession.java:181)\\\\n\\\\t... 30 more\\\\n\"\\n  }\\n}'}\n\n    def check_response(self, response: Dict[str, Any]) -> None:\n        \"\"\"Checks that a JSON response from the WebDriver does not have an\n        error.\n    \n        :Args:\n         - response - The JSON response from the WebDriver server as a dictionary\n           object.\n    \n        :Raises: If the response contains an error message.\n        \"\"\"\n        status = response.get(\"status\", None)\n        if not status or status == ErrorCode.SUCCESS:\n            return\n        value = None\n        message = response.get(\"message\", \"\")\n        screen: str = response.get(\"screen\", \"\")\n        stacktrace = None\n        if isinstance(status, int):\n            value_json = response.get(\"value\", None)\n            if value_json and isinstance(value_json, str):\n                import json\n    \n                try:\n                    value = json.loads(value_json)\n                    if len(value.keys()) == 1:\n                        value = value[\"value\"]\n                    status = value.get(\"error\", None)\n                    if not status:\n                        status = value.get(\"status\", ErrorCode.UNKNOWN_ERROR)\n                        message = value.get(\"value\") or value.get(\"message\")\n                        if not isinstance(message, str):\n                            value = message\n                            message = message.get(\"message\")\n                    else:\n                        message = value.get(\"message\", None)\n                except ValueError:\n                    pass\n    \n        exception_class: Type[WebDriverException]\n        if status in ErrorCode.NO_SUCH_ELEMENT:\n            exception_class = NoSuchElementException\n        elif status in ErrorCode.NO_SUCH_FRAME:\n            exception_class = NoSuchFrameException\n        elif status in ErrorCode.NO_SUCH_SHADOW_ROOT:\n            exception_class = NoSuchShadowRootException\n        elif status in ErrorCode.NO_SUCH_WINDOW:\n            exception_class = NoSuchWindowException\n        elif status in ErrorCode.STALE_ELEMENT_REFERENCE:\n            exception_class = StaleElementReferenceException\n        elif status in ErrorCode.ELEMENT_NOT_VISIBLE:\n            exception_class = ElementNotVisibleException\n        elif status in ErrorCode.INVALID_ELEMENT_STATE:\n            exception_class = InvalidElementStateException\n        elif (\n            status in ErrorCode.INVALID_SELECTOR\n            or status in ErrorCode.INVALID_XPATH_SELECTOR\n            or status in ErrorCode.INVALID_XPATH_SELECTOR_RETURN_TYPER\n        ):\n            exception_class = InvalidSelectorException\n        elif status in ErrorCode.ELEMENT_IS_NOT_SELECTABLE:\n            exception_class = ElementNotSelectableException\n        elif status in ErrorCode.ELEMENT_NOT_INTERACTABLE:\n            exception_class = ElementNotInteractableException\n        elif status in ErrorCode.INVALID_COOKIE_DOMAIN:\n            exception_class = InvalidCookieDomainException\n        elif status in ErrorCode.UNABLE_TO_SET_COOKIE:\n            exception_class = UnableToSetCookieException\n        elif status in ErrorCode.TIMEOUT:\n            exception_class = TimeoutException\n        elif status in ErrorCode.SCRIPT_TIMEOUT:\n            exception_class = TimeoutException\n        elif status in ErrorCode.UNKNOWN_ERROR:\n            exception_class = WebDriverException\n        elif status in ErrorCode.UNEXPECTED_ALERT_OPEN:\n            exception_class = UnexpectedAlertPresentException\n        elif status in ErrorCode.NO_ALERT_OPEN:\n            exception_class = NoAlertPresentException\n        elif status in ErrorCode.IME_NOT_AVAILABLE:\n            exception_class = ImeNotAvailableException\n        elif status in ErrorCode.IME_ENGINE_ACTIVATION_FAILED:\n            exception_class = ImeActivationFailedException\n        elif status in ErrorCode.MOVE_TARGET_OUT_OF_BOUNDS:\n            exception_class = MoveTargetOutOfBoundsException\n        elif status in ErrorCode.JAVASCRIPT_ERROR:\n            exception_class = JavascriptException\n        elif status in ErrorCode.SESSION_NOT_CREATED:\n            exception_class = SessionNotCreatedException\n        elif status in ErrorCode.INVALID_ARGUMENT:\n            exception_class = InvalidArgumentException\n        elif status in ErrorCode.NO_SUCH_COOKIE:\n            exception_class = NoSuchCookieException\n        elif status in ErrorCode.UNABLE_TO_CAPTURE_SCREEN:\n            exception_class = ScreenshotException\n        elif status in ErrorCode.ELEMENT_CLICK_INTERCEPTED:\n            exception_class = ElementClickInterceptedException\n        elif status in ErrorCode.INSECURE_CERTIFICATE:\n            exception_class = InsecureCertificateException\n        elif status in ErrorCode.INVALID_COORDINATES:\n            exception_class = InvalidCoordinatesException\n        elif status in ErrorCode.INVALID_SESSION_ID:\n            exception_class = InvalidSessionIdException\n        elif status in ErrorCode.UNKNOWN_METHOD:\n            exception_class = UnknownMethodException\n        else:\n            exception_class = WebDriverException\n        if not value:\n            value = response[\"value\"]\n        if isinstance(value, str):\n            raise exception_class(value)\n        if message == \"\" and \"message\" in value:\n            message = value[\"message\"]\n    \n        screen = None  # type: ignore[assignment]\n        if \"screen\" in value:\n            screen = value[\"screen\"]\n    \n        stacktrace = None\n        st_value = value.get(\"stackTrace\") or value.get(\"stacktrace\")\n        if st_value:\n            if isinstance(st_value, str):\n                stacktrace = st_value.split(\"\\n\")\n            else:\n                stacktrace = []\n                try:\n                    for frame in st_value:\n                        line = frame.get(\"lineNumber\", \"\")\n                        file = frame.get(\"fileName\", \"<anonymous>\")\n                        if line:\n                            file = f\"{file}:{line}\"\n                        meth = frame.get(\"methodName\", \"<anonymous>\")\n                        if \"className\" in frame:\n                            meth = f\"{frame['className']}.{meth}\"\n                        msg = \"    at %s (%s)\"\n                        msg = msg % (meth, file)\n                        stacktrace.append(msg)\n                except TypeError:\n                    pass\n        if exception_class == UnexpectedAlertPresentException:\n            alert_text = None\n            if \"data\" in value:\n                alert_text = value[\"data\"].get(\"text\")\n            elif \"alert\" in value:\n                alert_text = value[\"alert\"].get(\"text\")\n            raise exception_class(message, screen, stacktrace, alert_text)  # type: ignore[call-arg]  # mypy is not smart enough here\n>       raise exception_class(message, screen, stacktrace)\nE       selenium.common.exceptions.WebDriverException: Message: Unable to execute request for an existing session: java.util.concurrent.TimeoutException\nE       Build info: version: '4.18.1', revision: 'b1d3319b48'\nE       System info: os.name: 'Linux', os.arch: 'amd64', os.version: '6.5.0-1015-azure', java.version: '11.0.21'\nE       Driver info: driver.version: unknown\nE       Stacktrace:\nE       java.lang.RuntimeException: Unable to execute request for an existing session: java.util.concurrent.TimeoutException\nE       Build info: version: '4.18.1', revision: 'b1d3319b48'\nE       System info: os.name: 'Linux', os.arch: 'amd64', os.version: '6.5.0-1015-azure', java.version: '11.0.21'\nE       Driver info: driver.version: unknown\nE       \tat org.openqa.selenium.grid.router.HandleSession.execute(HandleSession.java:208)\nE       \tat org.openqa.selenium.remote.http.Route$PredicatedRoute.handle(Route.java:383)\nE       \tat org.openqa.selenium.remote.http.Route.execute(Route.java:69)\nE       \tat org.openqa.selenium.remote.http.Route$CombinedRoute.handle(Route.java:346)\nE       \tat org.openqa.selenium.remote.http.Route.execute(Route.java:69)\nE       \tat org.openqa.selenium.grid.router.Router.execute(Router.java:87)\nE       \tat org.openqa.selenium.grid.web.EnsureSpecCompliantResponseHeaders.lambda$apply$0(EnsureSpecCompliantResponseHeaders.java:34)\nE       \tat org.openqa.selenium.remote.http.Filter$1.execute(Filter.java:63)\nE       \tat org.openqa.selenium.remote.http.Route$CombinedRoute.handle(Route.java:346)\nE       \tat org.openqa.selenium.remote.http.Route.execute(Route.java:69)\nE       \tat org.openqa.selenium.remote.http.Route$NestedRoute.handle(Route.java:270)\nE       \tat org.openqa.selenium.remote.http.Route.execute(Route.java:69)\nE       \tat org.openqa.selenium.remote.http.Route$CombinedRoute.handle(Route.java:346)\nE       \tat org.openqa.selenium.remote.http.Route.execute(Route.java:69)\nE       \tat org.openqa.selenium.remote.http.Route$CombinedRoute.handle(Route.java:346)\nE       \tat org.openqa.selenium.remote.http.Route.execute(Route.java:69)\nE       \tat org.openqa.selenium.remote.http.Route$CombinedRoute.handle(Route.java:346)\nE       \tat org.openqa.selenium.remote.http.Route.execute(Route.java:69)\nE       \tat org.openqa.selenium.remote.http.Route$CombinedRoute.handle(Route.java:346)\nE       \tat org.openqa.selenium.remote.http.Route.execute(Route.java:69)\nE       \tat org.openqa.selenium.remote.AddWebDriverSpecHeaders.lambda$apply$0(AddWebDriverSpecHeaders.java:35)\nE       \tat org.openqa.selenium.remote.ErrorFilter.lambda$apply$0(ErrorFilter.java:44)\nE       \tat org.openqa.selenium.remote.http.Filter$1.execute(Filter.java:63)\nE       \tat org.openqa.selenium.remote.ErrorFilter.lambda$apply$0(ErrorFilter.java:44)\nE       \tat org.openqa.selenium.remote.http.Filter$1.execute(Filter.java:63)\nE       \tat org.openqa.selenium.netty.server.SeleniumHandler.lambda$channelRead0$0(SeleniumHandler.java:44)\nE       \tat java.base/java.util.concurrent.Executors$RunnableAdapter.call(Executors.java:515)\nE       \tat java.base/java.util.concurrent.FutureTask.run(FutureTask.java:264)\nE       \tat java.base/java.util.concurrent.ThreadPoolExecutor.runWorker(ThreadPoolExecutor.java:1128)\nE       \tat java.base/java.util.concurrent.ThreadPoolExecutor$Worker.run(ThreadPoolExecutor.java:628)\nE       \tat java.base/java.lang.Thread.run(Thread.java:829)\nE       Caused by: java.util.concurrent.TimeoutException\nE       \tat java.base/java.util.concurrent.CompletableFuture.timedGet(CompletableFuture.java:1892)\nE       \tat java.base/java.util.concurrent.CompletableFuture.get(CompletableFuture.java:2027)\nE       \tat org.openqa.selenium.remote.http.jdk.JdkHttpClient.execute0(JdkHttpClient.java:386)\nE       \tat org.openqa.selenium.remote.http.RetryRequest.lambda$apply$5(RetryRequest.java:81)\nE       \tat dev.failsafe.Functions.lambda$toCtxSupplier$11(Functions.java:243)\nE       \tat dev.failsafe.Functions.lambda$get$0(Functions.java:46)\nE       \tat dev.failsafe.internal.RetryPolicyExecutor.lambda$apply$0(RetryPolicyExecutor.java:74)\nE       \tat dev.failsafe.internal.RetryPolicyExecutor.lambda$apply$0(RetryPolicyExecutor.java:74)\nE       \tat dev.failsafe.internal.FallbackExecutor.lambda$apply$0(FallbackExecutor.java:51)\nE       \tat dev.failsafe.SyncExecutionImpl.executeSync(SyncExecutionImpl.java:187)\nE       \tat dev.failsafe.FailsafeExecutor.call(FailsafeExecutor.java:376)\nE       \tat dev.failsafe.FailsafeExecutor.get(FailsafeExecutor.java:112)\nE       \tat org.openqa.selenium.remote.http.RetryRequest.lambda$apply$6(RetryRequest.java:81)\nE       \tat org.openqa.selenium.remote.http.AddSeleniumUserAgent.lambda$apply$0(AddSeleniumUserAgent.java:42)\nE       \tat org.openqa.selenium.remote.http.Filter.lambda$andFinally$1(Filter.java:55)\nE       \tat org.openqa.selenium.remote.http.jdk.JdkHttpClient.execute(JdkHttpClient.java:359)\nE       \tat org.openqa.selenium.remote.tracing.TracedHttpClient.execute(TracedHttpClient.java:54)\nE       \tat org.openqa.selenium.grid.web.ReverseProxyHandler.execute(ReverseProxyHandler.java:90)\nE       \tat org.openqa.selenium.grid.router.HandleSession.execute(HandleSession.java:181)\nE       \t... 30 more\n\n/usr/local/lib/python3.10/site-packages/selenium/webdriver/remote/errorhandler.py:245: WebDriverException","flaky":false,"newFailed":false,"newBroken":true,"newPassed":false,"retriesCount":0,"retriesStatusChange":false,"beforeStages":[{"name":"ui_config","time":{"start":1709445554253,"stop":1709445554254,"duration":1},"status":"passed","steps":[],"attachments":[],"parameters":[],"hasContent":false,"shouldDisplayMessage":false,"stepsCount":0,"attachmentsCount":0},{"name":"page","time":{"start":1709446361668,"stop":1709446362051,"duration":383},"status":"passed","steps":[],"attachments":[],"parameters":[],"hasContent":false,"shouldDisplayMessage":false,"stepsCount":0,"attachmentsCount":0},{"name":"home_page","time":{"start":1709446362052,"stop":1709446362052,"duration":0},"status":"passed","steps":[],"attachments":[],"parameters":[],"hasContent":false,"shouldDisplayMessage":false,"stepsCount":0,"attachmentsCount":0}],"testStage":{"status":"broken","statusMessage":"selenium.common.exceptions.WebDriverException: Message: Unable to execute request for an existing session: java.util.concurrent.TimeoutException\nBuild info: version: '4.18.1', revision: 'b1d3319b48'\nSystem info: os.name: 'Linux', os.arch: 'amd64', os.version: '6.5.0-1015-azure', java.version: '11.0.21'\nDriver info: driver.version: unknown\nStacktrace:\njava.lang.RuntimeException: Unable to execute request for an existing session: java.util.concurrent.TimeoutException\nBuild info: version: '4.18.1', revision: 'b1d3319b48'\nSystem info: os.name: 'Linux', os.arch: 'amd64', os.version: '6.5.0-1015-azure', java.version: '11.0.21'\nDriver info: driver.version: unknown\n\tat org.openqa.selenium.grid.router.HandleSession.execute(HandleSession.java:208)\n\tat org.openqa.selenium.remote.http.Route$PredicatedRoute.handle(Route.java:383)\n\tat org.openqa.selenium.remote.http.Route.execute(Route.java:69)\n\tat org.openqa.selenium.remote.http.Route$CombinedRoute.handle(Route.java:346)\n\tat org.openqa.selenium.remote.http.Route.execute(Route.java:69)\n\tat org.openqa.selenium.grid.router.Router.execute(Router.java:87)\n\tat org.openqa.selenium.grid.web.EnsureSpecCompliantResponseHeaders.lambda$apply$0(EnsureSpecCompliantResponseHeaders.java:34)\n\tat org.openqa.selenium.remote.http.Filter$1.execute(Filter.java:63)\n\tat org.openqa.selenium.remote.http.Route$CombinedRoute.handle(Route.java:346)\n\tat org.openqa.selenium.remote.http.Route.execute(Route.java:69)\n\tat org.openqa.selenium.remote.http.Route$NestedRoute.handle(Route.java:270)\n\tat org.openqa.selenium.remote.http.Route.execute(Route.java:69)\n\tat org.openqa.selenium.remote.http.Route$CombinedRoute.handle(Route.java:346)\n\tat org.openqa.selenium.remote.http.Route.execute(Route.java:69)\n\tat org.openqa.selenium.remote.http.Route$CombinedRoute.handle(Route.java:346)\n\tat org.openqa.selenium.remote.http.Route.execute(Route.java:69)\n\tat org.openqa.selenium.remote.http.Route$CombinedRoute.handle(Route.java:346)\n\tat org.openqa.selenium.remote.http.Route.execute(Route.java:69)\n\tat org.openqa.selenium.remote.http.Route$CombinedRoute.handle(Route.java:346)\n\tat org.openqa.selenium.remote.http.Route.execute(Route.java:69)\n\tat org.openqa.selenium.remote.AddWebDriverSpecHeaders.lambda$apply$0(AddWebDriverSpecHeaders.java:35)\n\tat org.openqa.selenium.remote.ErrorFilter.lambda$apply$0(ErrorFilter.java:44)\n\tat org.openqa.selenium.remote.http.Filter$1.execute(Filter.java:63)\n\tat org.openqa.selenium.remote.ErrorFilter.lambda$apply$0(ErrorFilter.java:44)\n\tat org.openqa.selenium.remote.http.Filter$1.execute(Filter.java:63)\n\tat org.openqa.selenium.netty.server.SeleniumHandler.lambda$channelRead0$0(SeleniumHandler.java:44)\n\tat java.base/java.util.concurrent.Executors$RunnableAdapter.call(Executors.java:515)\n\tat java.base/java.util.concurrent.FutureTask.run(FutureTask.java:264)\n\tat java.base/java.util.concurrent.ThreadPoolExecutor.runWorker(ThreadPoolExecutor.java:1128)\n\tat java.base/java.util.concurrent.ThreadPoolExecutor$Worker.run(ThreadPoolExecutor.java:628)\n\tat java.base/java.lang.Thread.run(Thread.java:829)\nCaused by: java.util.concurrent.TimeoutException\n\tat java.base/java.util.concurrent.CompletableFuture.timedGet(CompletableFuture.java:1892)\n\tat java.base/java.util.concurrent.CompletableFuture.get(CompletableFuture.java:2027)\n\tat org.openqa.selenium.remote.http.jdk.JdkHttpClient.execute0(JdkHttpClient.java:386)\n\tat org.openqa.selenium.remote.http.RetryRequest.lambda$apply$5(RetryRequest.java:81)\n\tat dev.failsafe.Functions.lambda$toCtxSupplier$11(Functions.java:243)\n\tat dev.failsafe.Functions.lambda$get$0(Functions.java:46)\n\tat dev.failsafe.internal.RetryPolicyExecutor.lambda$apply$0(RetryPolicyExecutor.java:74)\n\tat dev.failsafe.internal.RetryPolicyExecutor.lambda$apply$0(RetryPolicyExecutor.java:74)\n\tat dev.failsafe.internal.FallbackExecutor.lambda$apply$0(FallbackExecutor.java:51)\n\tat dev.failsafe.SyncExecutionImpl.executeSync(SyncExecutionImpl.java:187)\n\tat dev.failsafe.FailsafeExecutor.call(FailsafeExecutor.java:376)\n\tat dev.failsafe.FailsafeExecutor.get(FailsafeExecutor.java:112)\n\tat org.openqa.selenium.remote.http.RetryRequest.lambda$apply$6(RetryRequest.java:81)\n\tat org.openqa.selenium.remote.http.AddSeleniumUserAgent.lambda$apply$0(AddSeleniumUserAgent.java:42)\n\tat org.openqa.selenium.remote.http.Filter.lambda$andFinally$1(Filter.java:55)\n\tat org.openqa.selenium.remote.http.jdk.JdkHttpClient.execute(JdkHttpClient.java:359)\n\tat org.openqa.selenium.remote.tracing.TracedHttpClient.execute(TracedHttpClient.java:54)\n\tat org.openqa.selenium.grid.web.ReverseProxyHandler.execute(ReverseProxyHandler.java:90)\n\tat org.openqa.selenium.grid.router.HandleSession.execute(HandleSession.java:181)\n\t... 30 more","statusTrace":"self = <test_ui_navigation_menu.TestUINavigationMenu object at 0x7fe9d4e69300>\nhome_page = <pom.pages.home_page.HomePage object at 0x7fe9d4932170>, index = 19\nsub_menu = 'Novogradnja u Prokuplju'\nexpected_url = 'https://next.4zida.rs/novogradnja/prokuplje'\n\n    @allure.id('3')\n    @allure.sub_suite('Menu Navigation: \"Novogradnja\"')\n    @allure.title('Check Menu Navigation: \"Novogradnja\"')\n    @pytest.mark.parametrize(\"index,sub_menu,expected_url\", NavigationSubMenu.SUB_MENU_NEW)\n    def test_navigation_menu_new(self, home_page: HomePage, index: int, sub_menu: str, expected_url: str):\n>       home_page.visit()\n\ntests/test_ui_navigation_menu.py:36: \n_ _ _ _ _ _ _ _ _ _ _ _ _ _ _ _ _ _ _ _ _ _ _ _ _ _ _ _ _ _ _ _ _ _ _ _ _ _ _ _ \npom/pages/base_page.py:17: in visit\n    self.page.get(url, url_suffix)\npom/models/page.py:73: in get\n    self.get_page_by_url(url, url_suffix)\npom/models/page.py:109: in get_page_by_url\n    self.webdriver.get(f\"{normalized_url}{url_suffix}\")\n/usr/local/lib/python3.10/site-packages/selenium/webdriver/remote/webdriver.py:449: in get\n    self.execute(Command.GET, {\"url\": url})\n/usr/local/lib/python3.10/site-packages/selenium/webdriver/remote/webdriver.py:440: in execute\n    self.error_handler.check_response(response)\n_ _ _ _ _ _ _ _ _ _ _ _ _ _ _ _ _ _ _ _ _ _ _ _ _ _ _ _ _ _ _ _ _ _ _ _ _ _ _ _ \n\nself = <selenium.webdriver.remote.errorhandler.ErrorHandler object at 0x7fe9d4930a30>\nresponse = {'status': 500, 'value': '{\\n  \"value\": {\\n    \"message\": \"Unable to execute request for an existing session: java.uti...0)\\\\n\\\\tat org.openqa.selenium.grid.router.HandleSession.execute(HandleSession.java:181)\\\\n\\\\t... 30 more\\\\n\"\\n  }\\n}'}\n\n    def check_response(self, response: Dict[str, Any]) -> None:\n        \"\"\"Checks that a JSON response from the WebDriver does not have an\n        error.\n    \n        :Args:\n         - response - The JSON response from the WebDriver server as a dictionary\n           object.\n    \n        :Raises: If the response contains an error message.\n        \"\"\"\n        status = response.get(\"status\", None)\n        if not status or status == ErrorCode.SUCCESS:\n            return\n        value = None\n        message = response.get(\"message\", \"\")\n        screen: str = response.get(\"screen\", \"\")\n        stacktrace = None\n        if isinstance(status, int):\n            value_json = response.get(\"value\", None)\n            if value_json and isinstance(value_json, str):\n                import json\n    \n                try:\n                    value = json.loads(value_json)\n                    if len(value.keys()) == 1:\n                        value = value[\"value\"]\n                    status = value.get(\"error\", None)\n                    if not status:\n                        status = value.get(\"status\", ErrorCode.UNKNOWN_ERROR)\n                        message = value.get(\"value\") or value.get(\"message\")\n                        if not isinstance(message, str):\n                            value = message\n                            message = message.get(\"message\")\n                    else:\n                        message = value.get(\"message\", None)\n                except ValueError:\n                    pass\n    \n        exception_class: Type[WebDriverException]\n        if status in ErrorCode.NO_SUCH_ELEMENT:\n            exception_class = NoSuchElementException\n        elif status in ErrorCode.NO_SUCH_FRAME:\n            exception_class = NoSuchFrameException\n        elif status in ErrorCode.NO_SUCH_SHADOW_ROOT:\n            exception_class = NoSuchShadowRootException\n        elif status in ErrorCode.NO_SUCH_WINDOW:\n            exception_class = NoSuchWindowException\n        elif status in ErrorCode.STALE_ELEMENT_REFERENCE:\n            exception_class = StaleElementReferenceException\n        elif status in ErrorCode.ELEMENT_NOT_VISIBLE:\n            exception_class = ElementNotVisibleException\n        elif status in ErrorCode.INVALID_ELEMENT_STATE:\n            exception_class = InvalidElementStateException\n        elif (\n            status in ErrorCode.INVALID_SELECTOR\n            or status in ErrorCode.INVALID_XPATH_SELECTOR\n            or status in ErrorCode.INVALID_XPATH_SELECTOR_RETURN_TYPER\n        ):\n            exception_class = InvalidSelectorException\n        elif status in ErrorCode.ELEMENT_IS_NOT_SELECTABLE:\n            exception_class = ElementNotSelectableException\n        elif status in ErrorCode.ELEMENT_NOT_INTERACTABLE:\n            exception_class = ElementNotInteractableException\n        elif status in ErrorCode.INVALID_COOKIE_DOMAIN:\n            exception_class = InvalidCookieDomainException\n        elif status in ErrorCode.UNABLE_TO_SET_COOKIE:\n            exception_class = UnableToSetCookieException\n        elif status in ErrorCode.TIMEOUT:\n            exception_class = TimeoutException\n        elif status in ErrorCode.SCRIPT_TIMEOUT:\n            exception_class = TimeoutException\n        elif status in ErrorCode.UNKNOWN_ERROR:\n            exception_class = WebDriverException\n        elif status in ErrorCode.UNEXPECTED_ALERT_OPEN:\n            exception_class = UnexpectedAlertPresentException\n        elif status in ErrorCode.NO_ALERT_OPEN:\n            exception_class = NoAlertPresentException\n        elif status in ErrorCode.IME_NOT_AVAILABLE:\n            exception_class = ImeNotAvailableException\n        elif status in ErrorCode.IME_ENGINE_ACTIVATION_FAILED:\n            exception_class = ImeActivationFailedException\n        elif status in ErrorCode.MOVE_TARGET_OUT_OF_BOUNDS:\n            exception_class = MoveTargetOutOfBoundsException\n        elif status in ErrorCode.JAVASCRIPT_ERROR:\n            exception_class = JavascriptException\n        elif status in ErrorCode.SESSION_NOT_CREATED:\n            exception_class = SessionNotCreatedException\n        elif status in ErrorCode.INVALID_ARGUMENT:\n            exception_class = InvalidArgumentException\n        elif status in ErrorCode.NO_SUCH_COOKIE:\n            exception_class = NoSuchCookieException\n        elif status in ErrorCode.UNABLE_TO_CAPTURE_SCREEN:\n            exception_class = ScreenshotException\n        elif status in ErrorCode.ELEMENT_CLICK_INTERCEPTED:\n            exception_class = ElementClickInterceptedException\n        elif status in ErrorCode.INSECURE_CERTIFICATE:\n            exception_class = InsecureCertificateException\n        elif status in ErrorCode.INVALID_COORDINATES:\n            exception_class = InvalidCoordinatesException\n        elif status in ErrorCode.INVALID_SESSION_ID:\n            exception_class = InvalidSessionIdException\n        elif status in ErrorCode.UNKNOWN_METHOD:\n            exception_class = UnknownMethodException\n        else:\n            exception_class = WebDriverException\n        if not value:\n            value = response[\"value\"]\n        if isinstance(value, str):\n            raise exception_class(value)\n        if message == \"\" and \"message\" in value:\n            message = value[\"message\"]\n    \n        screen = None  # type: ignore[assignment]\n        if \"screen\" in value:\n            screen = value[\"screen\"]\n    \n        stacktrace = None\n        st_value = value.get(\"stackTrace\") or value.get(\"stacktrace\")\n        if st_value:\n            if isinstance(st_value, str):\n                stacktrace = st_value.split(\"\\n\")\n            else:\n                stacktrace = []\n                try:\n                    for frame in st_value:\n                        line = frame.get(\"lineNumber\", \"\")\n                        file = frame.get(\"fileName\", \"<anonymous>\")\n                        if line:\n                            file = f\"{file}:{line}\"\n                        meth = frame.get(\"methodName\", \"<anonymous>\")\n                        if \"className\" in frame:\n                            meth = f\"{frame['className']}.{meth}\"\n                        msg = \"    at %s (%s)\"\n                        msg = msg % (meth, file)\n                        stacktrace.append(msg)\n                except TypeError:\n                    pass\n        if exception_class == UnexpectedAlertPresentException:\n            alert_text = None\n            if \"data\" in value:\n                alert_text = value[\"data\"].get(\"text\")\n            elif \"alert\" in value:\n                alert_text = value[\"alert\"].get(\"text\")\n            raise exception_class(message, screen, stacktrace, alert_text)  # type: ignore[call-arg]  # mypy is not smart enough here\n>       raise exception_class(message, screen, stacktrace)\nE       selenium.common.exceptions.WebDriverException: Message: Unable to execute request for an existing session: java.util.concurrent.TimeoutException\nE       Build info: version: '4.18.1', revision: 'b1d3319b48'\nE       System info: os.name: 'Linux', os.arch: 'amd64', os.version: '6.5.0-1015-azure', java.version: '11.0.21'\nE       Driver info: driver.version: unknown\nE       Stacktrace:\nE       java.lang.RuntimeException: Unable to execute request for an existing session: java.util.concurrent.TimeoutException\nE       Build info: version: '4.18.1', revision: 'b1d3319b48'\nE       System info: os.name: 'Linux', os.arch: 'amd64', os.version: '6.5.0-1015-azure', java.version: '11.0.21'\nE       Driver info: driver.version: unknown\nE       \tat org.openqa.selenium.grid.router.HandleSession.execute(HandleSession.java:208)\nE       \tat org.openqa.selenium.remote.http.Route$PredicatedRoute.handle(Route.java:383)\nE       \tat org.openqa.selenium.remote.http.Route.execute(Route.java:69)\nE       \tat org.openqa.selenium.remote.http.Route$CombinedRoute.handle(Route.java:346)\nE       \tat org.openqa.selenium.remote.http.Route.execute(Route.java:69)\nE       \tat org.openqa.selenium.grid.router.Router.execute(Router.java:87)\nE       \tat org.openqa.selenium.grid.web.EnsureSpecCompliantResponseHeaders.lambda$apply$0(EnsureSpecCompliantResponseHeaders.java:34)\nE       \tat org.openqa.selenium.remote.http.Filter$1.execute(Filter.java:63)\nE       \tat org.openqa.selenium.remote.http.Route$CombinedRoute.handle(Route.java:346)\nE       \tat org.openqa.selenium.remote.http.Route.execute(Route.java:69)\nE       \tat org.openqa.selenium.remote.http.Route$NestedRoute.handle(Route.java:270)\nE       \tat org.openqa.selenium.remote.http.Route.execute(Route.java:69)\nE       \tat org.openqa.selenium.remote.http.Route$CombinedRoute.handle(Route.java:346)\nE       \tat org.openqa.selenium.remote.http.Route.execute(Route.java:69)\nE       \tat org.openqa.selenium.remote.http.Route$CombinedRoute.handle(Route.java:346)\nE       \tat org.openqa.selenium.remote.http.Route.execute(Route.java:69)\nE       \tat org.openqa.selenium.remote.http.Route$CombinedRoute.handle(Route.java:346)\nE       \tat org.openqa.selenium.remote.http.Route.execute(Route.java:69)\nE       \tat org.openqa.selenium.remote.http.Route$CombinedRoute.handle(Route.java:346)\nE       \tat org.openqa.selenium.remote.http.Route.execute(Route.java:69)\nE       \tat org.openqa.selenium.remote.AddWebDriverSpecHeaders.lambda$apply$0(AddWebDriverSpecHeaders.java:35)\nE       \tat org.openqa.selenium.remote.ErrorFilter.lambda$apply$0(ErrorFilter.java:44)\nE       \tat org.openqa.selenium.remote.http.Filter$1.execute(Filter.java:63)\nE       \tat org.openqa.selenium.remote.ErrorFilter.lambda$apply$0(ErrorFilter.java:44)\nE       \tat org.openqa.selenium.remote.http.Filter$1.execute(Filter.java:63)\nE       \tat org.openqa.selenium.netty.server.SeleniumHandler.lambda$channelRead0$0(SeleniumHandler.java:44)\nE       \tat java.base/java.util.concurrent.Executors$RunnableAdapter.call(Executors.java:515)\nE       \tat java.base/java.util.concurrent.FutureTask.run(FutureTask.java:264)\nE       \tat java.base/java.util.concurrent.ThreadPoolExecutor.runWorker(ThreadPoolExecutor.java:1128)\nE       \tat java.base/java.util.concurrent.ThreadPoolExecutor$Worker.run(ThreadPoolExecutor.java:628)\nE       \tat java.base/java.lang.Thread.run(Thread.java:829)\nE       Caused by: java.util.concurrent.TimeoutException\nE       \tat java.base/java.util.concurrent.CompletableFuture.timedGet(CompletableFuture.java:1892)\nE       \tat java.base/java.util.concurrent.CompletableFuture.get(CompletableFuture.java:2027)\nE       \tat org.openqa.selenium.remote.http.jdk.JdkHttpClient.execute0(JdkHttpClient.java:386)\nE       \tat org.openqa.selenium.remote.http.RetryRequest.lambda$apply$5(RetryRequest.java:81)\nE       \tat dev.failsafe.Functions.lambda$toCtxSupplier$11(Functions.java:243)\nE       \tat dev.failsafe.Functions.lambda$get$0(Functions.java:46)\nE       \tat dev.failsafe.internal.RetryPolicyExecutor.lambda$apply$0(RetryPolicyExecutor.java:74)\nE       \tat dev.failsafe.internal.RetryPolicyExecutor.lambda$apply$0(RetryPolicyExecutor.java:74)\nE       \tat dev.failsafe.internal.FallbackExecutor.lambda$apply$0(FallbackExecutor.java:51)\nE       \tat dev.failsafe.SyncExecutionImpl.executeSync(SyncExecutionImpl.java:187)\nE       \tat dev.failsafe.FailsafeExecutor.call(FailsafeExecutor.java:376)\nE       \tat dev.failsafe.FailsafeExecutor.get(FailsafeExecutor.java:112)\nE       \tat org.openqa.selenium.remote.http.RetryRequest.lambda$apply$6(RetryRequest.java:81)\nE       \tat org.openqa.selenium.remote.http.AddSeleniumUserAgent.lambda$apply$0(AddSeleniumUserAgent.java:42)\nE       \tat org.openqa.selenium.remote.http.Filter.lambda$andFinally$1(Filter.java:55)\nE       \tat org.openqa.selenium.remote.http.jdk.JdkHttpClient.execute(JdkHttpClient.java:359)\nE       \tat org.openqa.selenium.remote.tracing.TracedHttpClient.execute(TracedHttpClient.java:54)\nE       \tat org.openqa.selenium.grid.web.ReverseProxyHandler.execute(ReverseProxyHandler.java:90)\nE       \tat org.openqa.selenium.grid.router.HandleSession.execute(HandleSession.java:181)\nE       \t... 30 more\n\n/usr/local/lib/python3.10/site-packages/selenium/webdriver/remote/errorhandler.py:245: WebDriverException","steps":[{"name":"Opening the url \"https://next.4zida.rs\"","time":{"start":1709446362053,"stop":1709446902815,"duration":540762},"status":"broken","statusMessage":"selenium.common.exceptions.WebDriverException: Message: Unable to execute request for an existing session: java.util.concurrent.TimeoutException\nBuild info: version: '4.18.1', revision: 'b1d3319b48'\nSystem info: os.name: 'Linux', os.arch: 'amd64', os.version: '6.5.0-1015-azure', java.version: '11.0.21'\nDriver info: driver.version: unknown\nStacktrace:\njava.lang.RuntimeException: Unable to execute request for an existing session: java.util.concurrent.TimeoutException\nBuild info: version: '4.18.1', revision: 'b1d3319b48'\nSystem info: os.name: 'Linux', os.arch: 'amd64', os.version: '6.5.0-1015-azure', java.version: '11.0.21'\nDriver info: driver.version: unknown\n\tat org.openqa.selenium.grid.router.HandleSession.execute(HandleSession.java:208)\n\tat org.openqa.selenium.remote.http.Route$PredicatedRoute.handle(Route.java:383)\n\tat org.openqa.selenium.remote.http.Route.execute(Route.java:69)\n\tat org.openqa.selenium.remote.http.Route$CombinedRoute.handle(Route.java:346)\n\tat org.openqa.selenium.remote.http.Route.execute(Route.java:69)\n\tat org.openqa.selenium.grid.router.Router.execute(Router.java:87)\n\tat org.openqa.selenium.grid.web.EnsureSpecCompliantResponseHeaders.lambda$apply$0(EnsureSpecCompliantResponseHeaders.java:34)\n\tat org.openqa.selenium.remote.http.Filter$1.execute(Filter.java:63)\n\tat org.openqa.selenium.remote.http.Route$CombinedRoute.handle(Route.java:346)\n\tat org.openqa.selenium.remote.http.Route.execute(Route.java:69)\n\tat org.openqa.selenium.remote.http.Route$NestedRoute.handle(Route.java:270)\n\tat org.openqa.selenium.remote.http.Route.execute(Route.java:69)\n\tat org.openqa.selenium.remote.http.Route$CombinedRoute.handle(Route.java:346)\n\tat org.openqa.selenium.remote.http.Route.execute(Route.java:69)\n\tat org.openqa.selenium.remote.http.Route$CombinedRoute.handle(Route.java:346)\n\tat org.openqa.selenium.remote.http.Route.execute(Route.java:69)\n\tat org.openqa.selenium.remote.http.Route$CombinedRoute.handle(Route.java:346)\n\tat org.openqa.selenium.remote.http.Route.execute(Route.java:69)\n\tat org.openqa.selenium.remote.http.Route$CombinedRoute.handle(Route.java:346)\n\tat org.openqa.selenium.remote.http.Route.execute(Route.java:69)\n\tat org.openqa.selenium.remote.AddWebDriverSpecHeaders.lambda$apply$0(AddWebDriverSpecHeaders.java:35)\n\tat org.openqa.selenium.remote.ErrorFilter.lambda$apply$0(ErrorFilter.java:44)\n\tat org.openqa.selenium.remote.http.Filter$1.execute(Filter.java:63)\n\tat org.openqa.selenium.remote.ErrorFilter.lambda$apply$0(ErrorFilter.java:44)\n\tat org.openqa.selenium.remote.http.Filter$1.execute(Filter.java:63)\n\tat org.openqa.selenium.netty.server.SeleniumHandler.lambda$channelRead0$0(SeleniumHandler.java:44)\n\tat java.base/java.util.concurrent.Executors$RunnableAdapter.call(Executors.java:515)\n\tat java.base/java.util.concurrent.FutureTask.run(FutureTask.java:264)\n\tat java.base/java.util.concurrent.ThreadPoolExecutor.runWorker(ThreadPoolExecutor.java:1128)\n\tat java.base/java.util.concurrent.ThreadPoolExecutor$Worker.run(ThreadPoolExecutor.java:628)\n\tat java.base/java.lang.Thread.run(Thread.java:829)\nCaused by: java.util.concurrent.TimeoutException\n\tat java.base/java.util.concurrent.CompletableFuture.timedGet(CompletableFuture.java:1892)\n\tat java.base/java.util.concurrent.CompletableFuture.get(CompletableFuture.java:2027)\n\tat org.openqa.selenium.remote.http.jdk.JdkHttpClient.execute0(JdkHttpClient.java:386)\n\tat org.openqa.selenium.remote.http.RetryRequest.lambda$apply$5(RetryRequest.java:81)\n\tat dev.failsafe.Functions.lambda$toCtxSupplier$11(Functions.java:243)\n\tat dev.failsafe.Functions.lambda$get$0(Functions.java:46)\n\tat dev.failsafe.internal.RetryPolicyExecutor.lambda$apply$0(RetryPolicyExecutor.java:74)\n\tat dev.failsafe.internal.RetryPolicyExecutor.lambda$apply$0(RetryPolicyExecutor.java:74)\n\tat dev.failsafe.internal.FallbackExecutor.lambda$apply$0(FallbackExecutor.java:51)\n\tat dev.failsafe.SyncExecutionImpl.executeSync(SyncExecutionImpl.java:187)\n\tat dev.failsafe.FailsafeExecutor.call(FailsafeExecutor.java:376)\n\tat dev.failsafe.FailsafeExecutor.get(FailsafeExecutor.java:112)\n\tat org.openqa.selenium.remote.http.RetryRequest.lambda$apply$6(RetryRequest.java:81)\n\tat org.openqa.selenium.remote.http.AddSeleniumUserAgent.lambda$apply$0(AddSeleniumUserAgent.java:42)\n\tat org.openqa.selenium.remote.http.Filter.lambda$andFinally$1(Filter.java:55)\n\tat org.openqa.selenium.remote.http.jdk.JdkHttpClient.execute(JdkHttpClient.java:359)\n\tat org.openqa.selenium.remote.tracing.TracedHttpClient.execute(TracedHttpClient.java:54)\n\tat org.openqa.selenium.grid.web.ReverseProxyHandler.execute(ReverseProxyHandler.java:90)\n\tat org.openqa.selenium.grid.router.HandleSession.execute(HandleSession.java:181)\n\t... 30 more\n\n","statusTrace":"  File \"/code/pom/pages/base_page.py\", line 17, in visit\n    self.page.get(url, url_suffix)\n  File \"/code/pom/models/page.py\", line 73, in get\n    self.get_page_by_url(url, url_suffix)\n  File \"/code/pom/models/page.py\", line 109, in get_page_by_url\n    self.webdriver.get(f\"{normalized_url}{url_suffix}\")\n  File \"/usr/local/lib/python3.10/site-packages/selenium/webdriver/remote/webdriver.py\", line 449, in get\n    self.execute(Command.GET, {\"url\": url})\n  File \"/usr/local/lib/python3.10/site-packages/selenium/webdriver/remote/webdriver.py\", line 440, in execute\n    self.error_handler.check_response(response)\n  File \"/usr/local/lib/python3.10/site-packages/selenium/webdriver/remote/errorhandler.py\", line 245, in check_response\n    raise exception_class(message, screen, stacktrace)\n","steps":[],"attachments":[],"parameters":[],"hasContent":true,"shouldDisplayMessage":true,"stepsCount":0,"attachmentsCount":0}],"attachments":[{"uid":"1d7ebe0d3d0a84f9","name":"log","source":"1d7ebe0d3d0a84f9.txt","type":"text/plain","size":609}],"parameters":[],"hasContent":true,"shouldDisplayMessage":true,"stepsCount":1,"attachmentsCount":1},"afterStages":[{"name":"page::0","time":{"start":1709446902846,"stop":1709447172703,"duration":269857},"status":"passed","steps":[],"attachments":[{"uid":"433ad5214c9e9053","name":"test_navigation_menu_new[19]","source":"433ad5214c9e9053.png","type":"image/png","size":25958}],"parameters":[],"hasContent":true,"shouldDisplayMessage":false,"stepsCount":0,"attachmentsCount":1}],"labels":[{"name":"as_id","value":"3"},{"name":"severity","value":"critical"},{"name":"suite","value":"UI Functional Tests"},{"name":"subSuite","value":"Menu Navigation: \"Novogradnja\""},{"name":"tag","value":"chrome_mobile"},{"name":"tag","value":"ui"},{"name":"parentSuite","value":"tests"},{"name":"host","value":"0ef7d997256e"},{"name":"thread","value":"1-MainThread"},{"name":"framework","value":"pytest"},{"name":"language","value":"cpython3"},{"name":"package","value":"tests.test_ui_navigation_menu"},{"name":"resultFormat","value":"allure2"}],"parameters":[{"name":"expected_url","value":"'https://next.4zida.rs/novogradnja/prokuplje'"},{"name":"index","value":"19"},{"name":"sub_menu","value":"'Novogradnja u Prokuplju'"}],"links":[],"hidden":false,"retry":false,"extra":{"severity":"critical","retries":[],"categories":[{"name":"Test defects","matchedStatuses":[],"flaky":false}],"history":{"statistic":{"failed":4,"broken":1,"skipped":0,"passed":0,"unknown":0,"total":5},"items":[{"uid":"8e331f83a450811","reportUrl":"https://valeryia-lukyanava.github.io/automated-testing-project-4zida/125//#testresult/8e331f83a450811","status":"failed","statusDetails":"AssertionError: Expected status code should be < 400. Actual status code: 404","time":{"start":1709392013598,"stop":1709392019080,"duration":5482}},{"uid":"8804615a017c9a79","reportUrl":"https://valeryia-lukyanava.github.io/automated-testing-project-4zida/124//#testresult/8804615a017c9a79","status":"failed","statusDetails":"AssertionError: Expected status code should be < 400. Actual status code: 404","time":{"start":1709390780256,"stop":1709390788877,"duration":8621}},{"uid":"d369c27fbf47dac2","reportUrl":"https://valeryia-lukyanava.github.io/automated-testing-project-4zida/122//#testresult/d369c27fbf47dac2","status":"failed","statusDetails":"AssertionError: Expected status code should be < 400. Actual status code: 404","time":{"start":1709365097575,"stop":1709365103066,"duration":5491}},{"uid":"97bfba339394ea78","reportUrl":"https://valeryia-lukyanava.github.io/automated-testing-project-4zida/121//#testresult/97bfba339394ea78","status":"failed","statusDetails":"AssertionError: Expected status code should be < 400. Actual status code: '404'","time":{"start":1709292750473,"stop":1709292756931,"duration":6458}}]},"tags":["ui","chrome_mobile"]},"source":"f2743056e8d69830.json","parameterValues":["'https://next.4zida.rs/novogradnja/prokuplje'","19","'Novogradnja u Prokuplju'"]}