{"uid":"2b1a1ca78aeb7929","name":"Cookie Policy Notification is Visible and Links are Clickable","fullName":"tests.test_ui_home_page.TestUIHomePage#test_cookie_policy_notification","historyId":"f8167989a1bb8220e120464b3d9ca318","time":{"start":1709985419847,"stop":1709985426954,"duration":7107},"status":"failed","statusMessage":"AssertionError: Could not find an element with xpath: '//app-cookie-consent//button'","statusTrace":"self = <test_ui_home_page.TestUIHomePage object at 0x7f2d2ed87eb0>\nhome_page = <pom.pages.home_page.HomePage object at 0x7f2d2ec1e320>\n\n    @allure.id('2')\n    @allure.title('Cookie Policy Notification is Visible and Links are Clickable')\n    def test_cookie_policy_notification(self, home_page: HomePage):\n>       home_page.visit(cookie_enabled=True)\n\ntests/test_ui_home_page.py:34: \n_ _ _ _ _ _ _ _ _ _ _ _ _ _ _ _ _ _ _ _ _ _ _ _ _ _ _ _ _ _ _ _ _ _ _ _ _ _ _ _ \npom/pages/base_page.py:19: in visit\n    self.cookies_modal.close()\npom/components/cookies_modal.py:25: in close\n    if self.close_button.is_displayed() and self.find_out_more_button.is_displayed():\npom/page_factory/component.py:83: in is_displayed\n    element = self.get_element(**kwargs)\npom/page_factory/component.py:26: in get_element\n    return self._page.get_xpath(locator)\n_ _ _ _ _ _ _ _ _ _ _ _ _ _ _ _ _ _ _ _ _ _ _ _ _ _ _ _ _ _ _ _ _ _ _ _ _ _ _ _ \n\nself = <pom.models.page.Page object at 0x7f2d2ec1e5f0>\nxpath = '//app-cookie-consent//button', timeout = None\n\n    def get_xpath(self, xpath: str, timeout: int = None) -> Element:\n        \"\"\"\n        Finds the DOM element that match the XPATH selector.\n    \n        * If 'timeout=None' (default), use the default wait_time.\n        * If 'timeout > 0', override the default wait_time.\n        * If 'timeout=0', poll the DOM immediately without any waiting.\n        \"\"\"\n        logger.info(\n            \"Page.get_xpath() - Get the element with xpath: '%s'\", xpath\n        )\n        value = True\n        element = None\n        by = By.XPATH\n    \n        try:\n            if timeout == 0:\n                element = self.webdriver.find_element(by, xpath)\n            else:\n                element = self.wait(timeout).until(\n                    lambda x: x.find_element(by, xpath),\n                    f\"Could not find an element with xpath: '{xpath}'\"\n                )\n        except TimeoutException:\n            value = False\n    \n        if value:\n            return Element(self, element, locator=(by, xpath))\n>       raise AssertionError(\n            f\"Could not find an element with xpath: '{xpath}'\"\n        )\nE       AssertionError: Could not find an element with xpath: '//app-cookie-consent//button'\n\npom/models/page.py:167: AssertionError","flaky":false,"newFailed":false,"newBroken":false,"newPassed":false,"retriesCount":1,"retriesStatusChange":false,"beforeStages":[{"name":"ui_config","time":{"start":1709985386138,"stop":1709985386139,"duration":1},"status":"passed","steps":[],"attachments":[],"parameters":[],"shouldDisplayMessage":false,"stepsCount":0,"attachmentsCount":0,"hasContent":false},{"name":"page","time":{"start":1709985419445,"stop":1709985419846,"duration":401},"status":"passed","steps":[],"attachments":[],"parameters":[],"shouldDisplayMessage":false,"stepsCount":0,"attachmentsCount":0,"hasContent":false},{"name":"home_page","time":{"start":1709985419847,"stop":1709985419847,"duration":0},"status":"passed","steps":[],"attachments":[],"parameters":[],"shouldDisplayMessage":false,"stepsCount":0,"attachmentsCount":0,"hasContent":false}],"testStage":{"status":"failed","statusMessage":"AssertionError: Could not find an element with xpath: '//app-cookie-consent//button'","statusTrace":"self = <test_ui_home_page.TestUIHomePage object at 0x7f2d2ed87eb0>\nhome_page = <pom.pages.home_page.HomePage object at 0x7f2d2ec1e320>\n\n    @allure.id('2')\n    @allure.title('Cookie Policy Notification is Visible and Links are Clickable')\n    def test_cookie_policy_notification(self, home_page: HomePage):\n>       home_page.visit(cookie_enabled=True)\n\ntests/test_ui_home_page.py:34: \n_ _ _ _ _ _ _ _ _ _ _ _ _ _ _ _ _ _ _ _ _ _ _ _ _ _ _ _ _ _ _ _ _ _ _ _ _ _ _ _ \npom/pages/base_page.py:19: in visit\n    self.cookies_modal.close()\npom/components/cookies_modal.py:25: in close\n    if self.close_button.is_displayed() and self.find_out_more_button.is_displayed():\npom/page_factory/component.py:83: in is_displayed\n    element = self.get_element(**kwargs)\npom/page_factory/component.py:26: in get_element\n    return self._page.get_xpath(locator)\n_ _ _ _ _ _ _ _ _ _ _ _ _ _ _ _ _ _ _ _ _ _ _ _ _ _ _ _ _ _ _ _ _ _ _ _ _ _ _ _ \n\nself = <pom.models.page.Page object at 0x7f2d2ec1e5f0>\nxpath = '//app-cookie-consent//button', timeout = None\n\n    def get_xpath(self, xpath: str, timeout: int = None) -> Element:\n        \"\"\"\n        Finds the DOM element that match the XPATH selector.\n    \n        * If 'timeout=None' (default), use the default wait_time.\n        * If 'timeout > 0', override the default wait_time.\n        * If 'timeout=0', poll the DOM immediately without any waiting.\n        \"\"\"\n        logger.info(\n            \"Page.get_xpath() - Get the element with xpath: '%s'\", xpath\n        )\n        value = True\n        element = None\n        by = By.XPATH\n    \n        try:\n            if timeout == 0:\n                element = self.webdriver.find_element(by, xpath)\n            else:\n                element = self.wait(timeout).until(\n                    lambda x: x.find_element(by, xpath),\n                    f\"Could not find an element with xpath: '{xpath}'\"\n                )\n        except TimeoutException:\n            value = False\n    \n        if value:\n            return Element(self, element, locator=(by, xpath))\n>       raise AssertionError(\n            f\"Could not find an element with xpath: '{xpath}'\"\n        )\nE       AssertionError: Could not find an element with xpath: '//app-cookie-consent//button'\n\npom/models/page.py:167: AssertionError","steps":[{"name":"Opening the url \"https://next.4zida.rs\"","time":{"start":1709985419847,"stop":1709985426954,"duration":7107},"status":"failed","statusMessage":"AssertionError: Could not find an element with xpath: '//app-cookie-consent//button'\n","statusTrace":"  File \"/code/pom/pages/base_page.py\", line 19, in visit\n    self.cookies_modal.close()\n  File \"/usr/local/lib/python3.10/site-packages/allure_commons/_allure.py\", line 192, in impl\n    return func(*a, **kw)\n  File \"/code/pom/components/cookies_modal.py\", line 25, in close\n    if self.close_button.is_displayed() and self.find_out_more_button.is_displayed():\n  File \"/code/pom/page_factory/component.py\", line 83, in is_displayed\n    element = self.get_element(**kwargs)\n  File \"/code/pom/page_factory/component.py\", line 26, in get_element\n    return self._page.get_xpath(locator)\n  File \"/code/pom/models/page.py\", line 167, in get_xpath\n    raise AssertionError(\n","steps":[{"name":"Check and close cookies","time":{"start":1709985421820,"stop":1709985426954,"duration":5134},"status":"failed","statusMessage":"AssertionError: Could not find an element with xpath: '//app-cookie-consent//button'\n","statusTrace":"  File \"/code/pom/pages/base_page.py\", line 19, in visit\n    self.cookies_modal.close()\n  File \"/usr/local/lib/python3.10/site-packages/allure_commons/_allure.py\", line 192, in impl\n    return func(*a, **kw)\n  File \"/code/pom/components/cookies_modal.py\", line 25, in close\n    if self.close_button.is_displayed() and self.find_out_more_button.is_displayed():\n  File \"/code/pom/page_factory/component.py\", line 83, in is_displayed\n    element = self.get_element(**kwargs)\n  File \"/code/pom/page_factory/component.py\", line 26, in get_element\n    return self._page.get_xpath(locator)\n  File \"/code/pom/models/page.py\", line 167, in get_xpath\n    raise AssertionError(\n","steps":[{"name":"Accepting all cookies","time":{"start":1709985421820,"stop":1709985426954,"duration":5134},"status":"failed","statusMessage":"AssertionError: Could not find an element with xpath: '//app-cookie-consent//button'\n","statusTrace":"  File \"/usr/local/lib/python3.10/site-packages/allure_commons/_allure.py\", line 192, in impl\n    return func(*a, **kw)\n  File \"/code/pom/components/cookies_modal.py\", line 25, in close\n    if self.close_button.is_displayed() and self.find_out_more_button.is_displayed():\n  File \"/code/pom/page_factory/component.py\", line 83, in is_displayed\n    element = self.get_element(**kwargs)\n  File \"/code/pom/page_factory/component.py\", line 26, in get_element\n    return self._page.get_xpath(locator)\n  File \"/code/pom/models/page.py\", line 167, in get_xpath\n    raise AssertionError(\n","steps":[{"name":"Checking if button \"Close it\" is visible","time":{"start":1709985421820,"stop":1709985426954,"duration":5134},"status":"failed","statusMessage":"AssertionError: Could not find an element with xpath: '//app-cookie-consent//button'\n","statusTrace":"  File \"/code/pom/page_factory/component.py\", line 83, in is_displayed\n    element = self.get_element(**kwargs)\n  File \"/code/pom/page_factory/component.py\", line 26, in get_element\n    return self._page.get_xpath(locator)\n  File \"/code/pom/models/page.py\", line 167, in get_xpath\n    raise AssertionError(\n","steps":[{"name":"Getting button with the name \"Close it\" and the locator \"//app-cookie-consent//button\"","time":{"start":1709985421820,"stop":1709985426954,"duration":5134},"status":"failed","statusMessage":"AssertionError: Could not find an element with xpath: '//app-cookie-consent//button'\n","statusTrace":"  File \"/code/pom/page_factory/component.py\", line 26, in get_element\n    return self._page.get_xpath(locator)\n  File \"/code/pom/models/page.py\", line 167, in get_xpath\n    raise AssertionError(\n","steps":[],"attachments":[],"parameters":[],"shouldDisplayMessage":true,"stepsCount":0,"attachmentsCount":0,"hasContent":true}],"attachments":[],"parameters":[],"shouldDisplayMessage":false,"stepsCount":1,"attachmentsCount":0,"hasContent":true}],"attachments":[],"parameters":[],"shouldDisplayMessage":false,"stepsCount":2,"attachmentsCount":0,"hasContent":true}],"attachments":[],"parameters":[],"shouldDisplayMessage":false,"stepsCount":3,"attachmentsCount":0,"hasContent":true}],"attachments":[],"parameters":[],"shouldDisplayMessage":false,"stepsCount":4,"attachmentsCount":0,"hasContent":true}],"attachments":[{"uid":"a71da9ae5cec6948","name":"log","source":"a71da9ae5cec6948.txt","type":"text/plain","size":1921}],"parameters":[],"shouldDisplayMessage":true,"stepsCount":5,"attachmentsCount":1,"hasContent":true},"afterStages":[{"name":"page::0","time":{"start":1709985426968,"stop":1709985427112,"duration":144},"status":"passed","steps":[],"attachments":[{"uid":"ff8112c363673308","name":"test_cookie_policy_notification","source":"ff8112c363673308.png","type":"image/png","size":148505}],"parameters":[],"shouldDisplayMessage":false,"stepsCount":0,"attachmentsCount":1,"hasContent":true}],"labels":[{"name":"as_id","value":"2"},{"name":"suite","value":"UI Functional Tests"},{"name":"severity","value":"critical"},{"name":"tag","value":"order(1)"},{"name":"tag","value":"chrome_mobile"},{"name":"tag","value":"ui"},{"name":"parentSuite","value":"tests"},{"name":"subSuite","value":"TestUIHomePage"},{"name":"host","value":"ff878c219e5f"},{"name":"thread","value":"1-MainThread"},{"name":"framework","value":"pytest"},{"name":"language","value":"cpython3"},{"name":"package","value":"tests.test_ui_home_page"},{"name":"resultFormat","value":"allure2"}],"parameters":[],"links":[],"hidden":false,"retry":false,"extra":{"severity":"critical","retries":[{"uid":"8d2052b051531a0","status":"failed","statusDetails":"AssertionError: Could not find an element with xpath: '//app-cookie-consent//button'","time":{"start":1709985411698,"stop":1709985419207,"duration":7509}}],"categories":[{"name":"Product defects","matchedStatuses":[],"flaky":false}],"history":{"statistic":{"failed":2,"broken":0,"skipped":0,"passed":0,"unknown":0,"total":2},"items":[{"uid":"b2cf7d80f81a98e8","reportUrl":"https://valeryia-lukyanava.github.io/automated-testing-project-4zida/140//#testresult/b2cf7d80f81a98e8","status":"failed","statusDetails":"AssertionError: Could not find an element with xpath: '//app-cookie-consent//button'","time":{"start":1709972639214,"stop":1709972647308,"duration":8094}}]},"tags":["order(1)","ui","chrome_mobile"]},"source":"2b1a1ca78aeb7929.json","parameterValues":[]}