{"uid":"2d176535f0b915fa","name":"Check Search Form: Subcategories dropdown","fullName":"tests.test_ui_home_page.TestUIHomePage#test_check_search_form_subcategory_dropdown","historyId":"622049784aee9fd1e1b8f34138669fd3","time":{"start":1709732222098,"stop":1709732229645,"duration":7547},"status":"failed","statusMessage":"AssertionError: Could not find an element with xpath: '//div[@test-data=\"search-form\"]//ul'","statusTrace":"self = <test_ui_home_page.TestUIHomePage object at 0x7f8352c91720>\nhome_page = <pom.pages.home_page.HomePage object at 0x7f8352afbee0>\ncategory = 'Kuće'\nsubcategory = {'Etaž': ('1-etažna kuća', '2-etažna kuća', '3-etažna kuća', '4-etažna kuća', '5-etažna kuća', '5-etažna kuća')}\n\n    @allure.id('5')\n    @allure.title('Check Search Form: Subcategories dropdown')\n    @pytest.mark.parametrize(\"category, subcategory\", [\n        (DropdownType.APARTMENT, DropdownSubtypes.NUMBER_OF_ROOMS),\n        (DropdownType.HOUSE, DropdownSubtypes.FLOORS),\n        (DropdownType.OFFICE, DropdownSubtypes.PLACE_TYPE),\n        (DropdownType.LOT, DropdownSubtypes.LAND_TYPE),\n        (DropdownType.VEHICLESPOT, DropdownSubtypes.GARAGE_PARKING_TYPE)\n    ])\n    def test_check_search_form_subcategory_dropdown(self, home_page: HomePage, category: str, subcategory: dict):\n        home_page.visit()\n        home_page.check_search_form_is_visible()\n        home_page.search_form.select_type(category)\n>       home_page.search_form.check_combobox_subtype(category,\n                                                     list(subcategory.keys())[0],\n                                                     list(subcategory.values())[0])\n\ntests/test_ui_home_page.py:65: \n_ _ _ _ _ _ _ _ _ _ _ _ _ _ _ _ _ _ _ _ _ _ _ _ _ _ _ _ _ _ _ _ _ _ _ _ _ _ _ _ \npom/pages/forms/search_form.py:186: in check_combobox_subtype\n    self.combobox_subtype_select.should_be_visible()\npom/page_factory/component.py:41: in should_be_visible\n    element = self.get_element(**kwargs)\npom/page_factory/component.py:26: in get_element\n    return self._page.get_xpath(locator)\n_ _ _ _ _ _ _ _ _ _ _ _ _ _ _ _ _ _ _ _ _ _ _ _ _ _ _ _ _ _ _ _ _ _ _ _ _ _ _ _ \n\nself = <pom.models.page.Page object at 0x7f8352d05120>\nxpath = '//div[@test-data=\"search-form\"]//ul', timeout = None\n\n    def get_xpath(self, xpath: str, timeout: int = None) -> Element:\n        \"\"\"\n        Finds the DOM element that match the XPATH selector.\n    \n        * If 'timeout=None' (default), use the default wait_time.\n        * If 'timeout > 0', override the default wait_time.\n        * If 'timeout=0', poll the DOM immediately without any waiting.\n        \"\"\"\n        logger.info(\n            \"Page.get_xpath() - Get the element with xpath: '%s'\", xpath\n        )\n        value = True\n        element = None\n        by = By.XPATH\n    \n        try:\n            if timeout == 0:\n                element = self.webdriver.find_element(by, xpath)\n            else:\n                element = self.wait(timeout).until(\n                    lambda x: x.find_element(by, xpath),\n                    f\"Could not find an element with xpath: '{xpath}'\"\n                )\n        except TimeoutException:\n            value = False\n    \n        if value:\n            return Element(self, element, locator=(by, xpath))\n>       raise AssertionError(\n            f\"Could not find an element with xpath: '{xpath}'\"\n        )\nE       AssertionError: Could not find an element with xpath: '//div[@test-data=\"search-form\"]//ul'\n\npom/models/page.py:169: AssertionError","flaky":false,"newFailed":false,"newBroken":false,"newPassed":false,"retriesCount":0,"retriesStatusChange":false,"beforeStages":[{"name":"ui_config","time":{"start":1709732166573,"stop":1709732166574,"duration":1},"status":"passed","steps":[],"attachments":[],"parameters":[],"shouldDisplayMessage":false,"stepsCount":0,"attachmentsCount":0,"hasContent":false},{"name":"page","time":{"start":1709732221712,"stop":1709732222097,"duration":385},"status":"passed","steps":[],"attachments":[],"parameters":[],"shouldDisplayMessage":false,"stepsCount":0,"attachmentsCount":0,"hasContent":false},{"name":"home_page","time":{"start":1709732222097,"stop":1709732222098,"duration":1},"status":"passed","steps":[],"attachments":[],"parameters":[],"shouldDisplayMessage":false,"stepsCount":0,"attachmentsCount":0,"hasContent":false}],"testStage":{"status":"failed","statusMessage":"AssertionError: Could not find an element with xpath: '//div[@test-data=\"search-form\"]//ul'","statusTrace":"self = <test_ui_home_page.TestUIHomePage object at 0x7f8352c91720>\nhome_page = <pom.pages.home_page.HomePage object at 0x7f8352afbee0>\ncategory = 'Kuće'\nsubcategory = {'Etaž': ('1-etažna kuća', '2-etažna kuća', '3-etažna kuća', '4-etažna kuća', '5-etažna kuća', '5-etažna kuća')}\n\n    @allure.id('5')\n    @allure.title('Check Search Form: Subcategories dropdown')\n    @pytest.mark.parametrize(\"category, subcategory\", [\n        (DropdownType.APARTMENT, DropdownSubtypes.NUMBER_OF_ROOMS),\n        (DropdownType.HOUSE, DropdownSubtypes.FLOORS),\n        (DropdownType.OFFICE, DropdownSubtypes.PLACE_TYPE),\n        (DropdownType.LOT, DropdownSubtypes.LAND_TYPE),\n        (DropdownType.VEHICLESPOT, DropdownSubtypes.GARAGE_PARKING_TYPE)\n    ])\n    def test_check_search_form_subcategory_dropdown(self, home_page: HomePage, category: str, subcategory: dict):\n        home_page.visit()\n        home_page.check_search_form_is_visible()\n        home_page.search_form.select_type(category)\n>       home_page.search_form.check_combobox_subtype(category,\n                                                     list(subcategory.keys())[0],\n                                                     list(subcategory.values())[0])\n\ntests/test_ui_home_page.py:65: \n_ _ _ _ _ _ _ _ _ _ _ _ _ _ _ _ _ _ _ _ _ _ _ _ _ _ _ _ _ _ _ _ _ _ _ _ _ _ _ _ \npom/pages/forms/search_form.py:186: in check_combobox_subtype\n    self.combobox_subtype_select.should_be_visible()\npom/page_factory/component.py:41: in should_be_visible\n    element = self.get_element(**kwargs)\npom/page_factory/component.py:26: in get_element\n    return self._page.get_xpath(locator)\n_ _ _ _ _ _ _ _ _ _ _ _ _ _ _ _ _ _ _ _ _ _ _ _ _ _ _ _ _ _ _ _ _ _ _ _ _ _ _ _ \n\nself = <pom.models.page.Page object at 0x7f8352d05120>\nxpath = '//div[@test-data=\"search-form\"]//ul', timeout = None\n\n    def get_xpath(self, xpath: str, timeout: int = None) -> Element:\n        \"\"\"\n        Finds the DOM element that match the XPATH selector.\n    \n        * If 'timeout=None' (default), use the default wait_time.\n        * If 'timeout > 0', override the default wait_time.\n        * If 'timeout=0', poll the DOM immediately without any waiting.\n        \"\"\"\n        logger.info(\n            \"Page.get_xpath() - Get the element with xpath: '%s'\", xpath\n        )\n        value = True\n        element = None\n        by = By.XPATH\n    \n        try:\n            if timeout == 0:\n                element = self.webdriver.find_element(by, xpath)\n            else:\n                element = self.wait(timeout).until(\n                    lambda x: x.find_element(by, xpath),\n                    f\"Could not find an element with xpath: '{xpath}'\"\n                )\n        except TimeoutException:\n            value = False\n    \n        if value:\n            return Element(self, element, locator=(by, xpath))\n>       raise AssertionError(\n            f\"Could not find an element with xpath: '{xpath}'\"\n        )\nE       AssertionError: Could not find an element with xpath: '//div[@test-data=\"search-form\"]//ul'\n\npom/models/page.py:169: AssertionError","steps":[{"name":"Opening the url \"https://next.4zida.rs\"","time":{"start":1709732222098,"stop":1709732224121,"duration":2023},"status":"passed","steps":[],"attachments":[],"parameters":[],"shouldDisplayMessage":false,"stepsCount":0,"attachmentsCount":0,"hasContent":false},{"name":"Checking that Search form is visible","time":{"start":1709732224121,"stop":1709732224151,"duration":30},"status":"passed","steps":[{"name":"Checking that form \"Search Form\" is visible","time":{"start":1709732224121,"stop":1709732224151,"duration":30},"status":"passed","steps":[{"name":"Getting form with the name \"Search Form\" and the locator \"//div[@test-data=\"search-form\"]\"","time":{"start":1709732224121,"stop":1709732224133,"duration":12},"status":"passed","steps":[],"attachments":[],"parameters":[],"shouldDisplayMessage":false,"stepsCount":0,"attachmentsCount":0,"hasContent":false}],"attachments":[],"parameters":[],"shouldDisplayMessage":false,"stepsCount":1,"attachmentsCount":0,"hasContent":true}],"attachments":[],"parameters":[],"shouldDisplayMessage":false,"stepsCount":2,"attachmentsCount":0,"hasContent":true},{"name":"Select option \"'Kuće'\" in dropdown \"Tip\"","time":{"start":1709732224151,"stop":1709732224474,"duration":323},"status":"passed","steps":[{"name":"Clicking select with name \"Search Form Dropdown 'Tip'\"","time":{"start":1709732224151,"stop":1709732224299,"duration":148},"status":"passed","steps":[{"name":"Getting select with the name \"Search Form Dropdown 'Tip'\" and the locator \"//div[@test-data=\"search-form\"]//button[@role=\"combobox\"]\"","time":{"start":1709732224151,"stop":1709732224161,"duration":10},"status":"passed","steps":[],"attachments":[],"parameters":[],"shouldDisplayMessage":false,"stepsCount":0,"attachmentsCount":0,"hasContent":false}],"attachments":[],"parameters":[],"shouldDisplayMessage":false,"stepsCount":1,"attachmentsCount":0,"hasContent":true},{"name":"Clicking button with name \"Search Form Dropdown Option 'Kuće'\"","time":{"start":1709732224299,"stop":1709732224437,"duration":138},"status":"passed","steps":[{"name":"Getting button with the name \"Search Form Dropdown Option 'Kuće'\" and the locator \"//div[@data-radix-popper-content-wrapper]//span[text()=\"Kuće\"]\"","time":{"start":1709732224299,"stop":1709732224314,"duration":15},"status":"passed","steps":[],"attachments":[],"parameters":[],"shouldDisplayMessage":false,"stepsCount":0,"attachmentsCount":0,"hasContent":false}],"attachments":[],"parameters":[],"shouldDisplayMessage":false,"stepsCount":1,"attachmentsCount":0,"hasContent":true},{"name":"Checking that option has an attribute \"selected\"","time":{"start":1709732224437,"stop":1709732224474,"duration":37},"status":"passed","steps":[{"name":"Getting option with the name \"Search Form Select Option 'Kuće'\" and the locator \"//div[@test-data=\"search-form\"]//option[@value=\"house\"]\"","time":{"start":1709732224437,"stop":1709732224461,"duration":24},"status":"passed","steps":[],"attachments":[],"parameters":[],"shouldDisplayMessage":false,"stepsCount":0,"attachmentsCount":0,"hasContent":false}],"attachments":[],"parameters":[],"shouldDisplayMessage":false,"stepsCount":1,"attachmentsCount":0,"hasContent":true}],"attachments":[],"parameters":[{"name":"value","value":"'Kuće'"}],"shouldDisplayMessage":false,"stepsCount":6,"attachmentsCount":0,"hasContent":true},{"name":"Check Combobox Subcategory for \"Tip\" = \"'Kuće'\"","time":{"start":1709732224474,"stop":1709732229644,"duration":5170},"status":"failed","statusMessage":"AssertionError: Could not find an element with xpath: '//div[@test-data=\"search-form\"]//ul'\n","statusTrace":"  File \"/usr/local/lib/python3.10/site-packages/allure_commons/_allure.py\", line 192, in impl\n    return func(*a, **kw)\n  File \"/code/pom/pages/forms/search_form.py\", line 186, in check_combobox_subtype\n    self.combobox_subtype_select.should_be_visible()\n  File \"/code/pom/page_factory/component.py\", line 41, in should_be_visible\n    element = self.get_element(**kwargs)\n  File \"/code/pom/page_factory/component.py\", line 26, in get_element\n    return self._page.get_xpath(locator)\n  File \"/code/pom/models/page.py\", line 169, in get_xpath\n    raise AssertionError(\n","steps":[{"name":"Checking that text \"Search Form Combobox Subcategory Title\" is visible","time":{"start":1709732224474,"stop":1709732224499,"duration":25},"status":"passed","steps":[{"name":"Getting text with the name \"Search Form Combobox Subcategory Title\" and the locator \"//div[@test-data=\"search-form\"]//div[3]//button/span[2]\"","time":{"start":1709732224474,"stop":1709732224484,"duration":10},"status":"passed","steps":[],"attachments":[],"parameters":[],"shouldDisplayMessage":false,"stepsCount":0,"attachmentsCount":0,"hasContent":false}],"attachments":[],"parameters":[],"shouldDisplayMessage":false,"stepsCount":1,"attachmentsCount":0,"hasContent":true},{"name":"Checking that text \"Search Form Combobox Subcategory Title\" has a text \"Etaž\"","time":{"start":1709732224499,"stop":1709732224515,"duration":16},"status":"passed","steps":[{"name":"Getting text with the name \"Search Form Combobox Subcategory Title\" and the locator \"//div[@test-data=\"search-form\"]//div[3]//button/span[2]\"","time":{"start":1709732224499,"stop":1709732224506,"duration":7},"status":"passed","steps":[],"attachments":[],"parameters":[],"shouldDisplayMessage":false,"stepsCount":0,"attachmentsCount":0,"hasContent":false}],"attachments":[],"parameters":[],"shouldDisplayMessage":false,"stepsCount":1,"attachmentsCount":0,"hasContent":true},{"name":"Checking that select \"Search Form Combobox Subcategory Select\" is visible","time":{"start":1709732224515,"stop":1709732229644,"duration":5129},"status":"failed","statusMessage":"AssertionError: Could not find an element with xpath: '//div[@test-data=\"search-form\"]//ul'\n","statusTrace":"  File \"/code/pom/page_factory/component.py\", line 41, in should_be_visible\n    element = self.get_element(**kwargs)\n  File \"/code/pom/page_factory/component.py\", line 26, in get_element\n    return self._page.get_xpath(locator)\n  File \"/code/pom/models/page.py\", line 169, in get_xpath\n    raise AssertionError(\n","steps":[{"name":"Getting select with the name \"Search Form Combobox Subcategory Select\" and the locator \"//div[@test-data=\"search-form\"]//ul\"","time":{"start":1709732224515,"stop":1709732229644,"duration":5129},"status":"failed","statusMessage":"AssertionError: Could not find an element with xpath: '//div[@test-data=\"search-form\"]//ul'\n","statusTrace":"  File \"/code/pom/page_factory/component.py\", line 26, in get_element\n    return self._page.get_xpath(locator)\n  File \"/code/pom/models/page.py\", line 169, in get_xpath\n    raise AssertionError(\n","steps":[],"attachments":[],"parameters":[],"shouldDisplayMessage":true,"stepsCount":0,"attachmentsCount":0,"hasContent":true}],"attachments":[],"parameters":[],"shouldDisplayMessage":false,"stepsCount":1,"attachmentsCount":0,"hasContent":true}],"attachments":[],"parameters":[{"name":"type_value","value":"'Kuće'"},{"name":"subtype","value":"'Etaž'"},{"name":"subtype_values","value":"('1-etažna kuća', '2-etažna kuća', '3-etažna kuća', '4-etažna kuća', '5-etažna kuća', '5-etažna kuća')"}],"shouldDisplayMessage":false,"stepsCount":6,"attachmentsCount":0,"hasContent":true}],"attachments":[{"uid":"bbffcce3063a9a1c","name":"log","source":"bbffcce3063a9a1c.txt","type":"text/plain","size":4600}],"parameters":[],"shouldDisplayMessage":true,"stepsCount":18,"attachmentsCount":1,"hasContent":true},"afterStages":[{"name":"page::0","time":{"start":1709732229660,"stop":1709732229813,"duration":153},"status":"passed","steps":[],"attachments":[{"uid":"e8c088dfb386214d","name":"test_check_search_form_subcategory_dropdown[Ku\\u0107e]","source":"e8c088dfb386214d.png","type":"image/png","size":150348}],"parameters":[],"shouldDisplayMessage":false,"stepsCount":0,"attachmentsCount":1,"hasContent":true}],"labels":[{"name":"as_id","value":"5"},{"name":"suite","value":"UI Functional Tests"},{"name":"severity","value":"critical"},{"name":"tag","value":"order(1)"},{"name":"tag","value":"chrome_mobile"},{"name":"tag","value":"ui"},{"name":"parentSuite","value":"tests"},{"name":"subSuite","value":"TestUIHomePage"},{"name":"host","value":"d86683905cfc"},{"name":"thread","value":"1-MainThread"},{"name":"framework","value":"pytest"},{"name":"language","value":"cpython3"},{"name":"package","value":"tests.test_ui_home_page"},{"name":"resultFormat","value":"allure2"}],"parameters":[{"name":"category","value":"'Kuće'"},{"name":"subcategory","value":"{'Etaž': ('1-etažna kuća', '2-etažna kuća', '3-etažna kuća', '4-etažna kuća', '5-etažna kuća', '5-etažna kuća')}"}],"links":[],"hidden":false,"retry":false,"extra":{"severity":"critical","retries":[],"categories":[{"name":"Product defects","matchedStatuses":[],"flaky":false}],"history":{"statistic":{"failed":2,"broken":0,"skipped":0,"passed":0,"unknown":0,"total":2},"items":[{"uid":"e1d690455bfc77c6","reportUrl":"https://valeryia-lukyanava.github.io/automated-testing-project-4zida/136//#testresult/e1d690455bfc77c6","status":"failed","statusDetails":"AssertionError: Could not find an element with xpath: '//div[@test-data=\"search-form\"]//ul'","time":{"start":1709664409396,"stop":1709664417235,"duration":7839}}]},"tags":["order(1)","ui","chrome_mobile"]},"source":"2d176535f0b915fa.json","parameterValues":["'Kuće'","{'Etaž': ('1-etažna kuća', '2-etažna kuća', '3-etažna kuća', '4-etažna kuća', '5-etažna kuća', '5-etažna kuća')}"]}