{"uid":"41d28b6244605976","name":"Check Meta Tags","fullName":"tests.test_seo.TestSEO#test_meta_tags","historyId":"997be5596be2f467cd17c97dc61d9e4a","time":{"start":1708810704895,"stop":1708810711997,"duration":7102},"status":"broken","statusMessage":"selenium.common.exceptions.TimeoutException: Message: Could not find an element with xpath: '//meta[@name=\"description\"]'\nStacktrace:\n#0 0x564085e5e793 <unknown>\n#1 0x564085b521c6 <unknown>\n#2 0x564085b9d358 <unknown>\n#3 0x564085b9d411 <unknown>\n#4 0x564085be0934 <unknown>\n#5 0x564085bbf3fd <unknown>\n#6 0x564085bdddd9 <unknown>\n#7 0x564085bbf173 <unknown>\n#8 0x564085b902d3 <unknown>\n#9 0x564085b90c9e <unknown>\n#10 0x564085e228cb <unknown>\n#11 0x564085e26745 <unknown>\n#12 0x564085e0f2e1 <unknown>\n#13 0x564085e272d2 <unknown>\n#14 0x564085df317f <unknown>\n#15 0x564085e4cdc8 <unknown>\n#16 0x564085e4cfc3 <unknown>\n#17 0x564085e5d944 <unknown>\n#18 0x7fa219356ac3 <unknown>","statusTrace":"self = <test_seo.TestSEO object at 0x7f0367fbf6d0>\nhome_page = <pom.pages.home_page.HomePage object at 0x7f036812bd90>\n\n    @allure.id('2')\n    @allure.title('Check Meta Tags')\n    def test_meta_tags(self, home_page: HomePage):\n        home_page.visit()\n        # Assert meta tags\n>       home_page.check_meta_tag_description(attribute=\"content\",\n                                             expected_value=Titles.META_DESCRIPTION)\n\ntests/test_seo.py:29: \n_ _ _ _ _ _ _ _ _ _ _ _ _ _ _ _ _ _ _ _ _ _ _ _ _ _ _ _ _ _ _ _ _ _ _ _ _ _ _ _ \npom/pages/home_page.py:132: in check_meta_tag_description\n    self.meta_description.should_have_attribute_value(attribute, expected_value)\npom/page_factory/component.py:77: in should_have_attribute_value\n    element = self.get_element(**kwargs)\npom/page_factory/component.py:28: in get_element\n    return self._page.get_xpath(locator)\npom/models/page.py:145: in get_xpath\n    element = self.wait(timeout).until(\n_ _ _ _ _ _ _ _ _ _ _ _ _ _ _ _ _ _ _ _ _ _ _ _ _ _ _ _ _ _ _ _ _ _ _ _ _ _ _ _ \n\nself = <selenium.webdriver.support.wait.WebDriverWait (session=\"e0e3cce144ddeb0e28072bbc55ea5223\")>\nmethod = <function Page.get_xpath.<locals>.<lambda> at 0x7f0368013760>\nmessage = 'Could not find an element with xpath: \\'//meta[@name=\"description\"]\\''\n\n    def until(self, method, message: str = \"\"):\n        \"\"\"Calls the method provided with the driver as an argument until the \\\n        return value does not evaluate to ``False``.\n    \n        :param method: callable(WebDriver)\n        :param message: optional message for :exc:`TimeoutException`\n        :returns: the result of the last call to `method`\n        :raises: :exc:`selenium.common.exceptions.TimeoutException` if timeout occurs\n        \"\"\"\n        screen = None\n        stacktrace = None\n    \n        end_time = time.monotonic() + self._timeout\n        while True:\n            try:\n                value = method(self._driver)\n                if value:\n                    return value\n            except self._ignored_exceptions as exc:\n                screen = getattr(exc, \"screen\", None)\n                stacktrace = getattr(exc, \"stacktrace\", None)\n            time.sleep(self._poll)\n            if time.monotonic() > end_time:\n                break\n>       raise TimeoutException(message, screen, stacktrace)\nE       selenium.common.exceptions.TimeoutException: Message: Could not find an element with xpath: '//meta[@name=\"description\"]'\nE       Stacktrace:\nE       #0 0x564085e5e793 <unknown>\nE       #1 0x564085b521c6 <unknown>\nE       #2 0x564085b9d358 <unknown>\nE       #3 0x564085b9d411 <unknown>\nE       #4 0x564085be0934 <unknown>\nE       #5 0x564085bbf3fd <unknown>\nE       #6 0x564085bdddd9 <unknown>\nE       #7 0x564085bbf173 <unknown>\nE       #8 0x564085b902d3 <unknown>\nE       #9 0x564085b90c9e <unknown>\nE       #10 0x564085e228cb <unknown>\nE       #11 0x564085e26745 <unknown>\nE       #12 0x564085e0f2e1 <unknown>\nE       #13 0x564085e272d2 <unknown>\nE       #14 0x564085df317f <unknown>\nE       #15 0x564085e4cdc8 <unknown>\nE       #16 0x564085e4cfc3 <unknown>\nE       #17 0x564085e5d944 <unknown>\nE       #18 0x7fa219356ac3 <unknown>\n\n/usr/local/lib/python3.10/site-packages/selenium/webdriver/support/wait.py:95: TimeoutException","flaky":false,"newFailed":false,"newBroken":true,"newPassed":false,"retriesCount":0,"retriesStatusChange":false,"beforeStages":[{"name":"ui_config","time":{"start":1708810599032,"stop":1708810599033,"duration":1},"status":"passed","steps":[],"attachments":[],"parameters":[],"shouldDisplayMessage":false,"stepsCount":0,"attachmentsCount":0,"hasContent":false},{"name":"page","time":{"start":1708810704468,"stop":1708810704894,"duration":426},"status":"passed","steps":[],"attachments":[],"parameters":[],"shouldDisplayMessage":false,"stepsCount":0,"attachmentsCount":0,"hasContent":false},{"name":"home_page","time":{"start":1708810704895,"stop":1708810704895,"duration":0},"status":"passed","steps":[],"attachments":[],"parameters":[],"shouldDisplayMessage":false,"stepsCount":0,"attachmentsCount":0,"hasContent":false}],"testStage":{"status":"broken","statusMessage":"selenium.common.exceptions.TimeoutException: Message: Could not find an element with xpath: '//meta[@name=\"description\"]'\nStacktrace:\n#0 0x564085e5e793 <unknown>\n#1 0x564085b521c6 <unknown>\n#2 0x564085b9d358 <unknown>\n#3 0x564085b9d411 <unknown>\n#4 0x564085be0934 <unknown>\n#5 0x564085bbf3fd <unknown>\n#6 0x564085bdddd9 <unknown>\n#7 0x564085bbf173 <unknown>\n#8 0x564085b902d3 <unknown>\n#9 0x564085b90c9e <unknown>\n#10 0x564085e228cb <unknown>\n#11 0x564085e26745 <unknown>\n#12 0x564085e0f2e1 <unknown>\n#13 0x564085e272d2 <unknown>\n#14 0x564085df317f <unknown>\n#15 0x564085e4cdc8 <unknown>\n#16 0x564085e4cfc3 <unknown>\n#17 0x564085e5d944 <unknown>\n#18 0x7fa219356ac3 <unknown>","statusTrace":"self = <test_seo.TestSEO object at 0x7f0367fbf6d0>\nhome_page = <pom.pages.home_page.HomePage object at 0x7f036812bd90>\n\n    @allure.id('2')\n    @allure.title('Check Meta Tags')\n    def test_meta_tags(self, home_page: HomePage):\n        home_page.visit()\n        # Assert meta tags\n>       home_page.check_meta_tag_description(attribute=\"content\",\n                                             expected_value=Titles.META_DESCRIPTION)\n\ntests/test_seo.py:29: \n_ _ _ _ _ _ _ _ _ _ _ _ _ _ _ _ _ _ _ _ _ _ _ _ _ _ _ _ _ _ _ _ _ _ _ _ _ _ _ _ \npom/pages/home_page.py:132: in check_meta_tag_description\n    self.meta_description.should_have_attribute_value(attribute, expected_value)\npom/page_factory/component.py:77: in should_have_attribute_value\n    element = self.get_element(**kwargs)\npom/page_factory/component.py:28: in get_element\n    return self._page.get_xpath(locator)\npom/models/page.py:145: in get_xpath\n    element = self.wait(timeout).until(\n_ _ _ _ _ _ _ _ _ _ _ _ _ _ _ _ _ _ _ _ _ _ _ _ _ _ _ _ _ _ _ _ _ _ _ _ _ _ _ _ \n\nself = <selenium.webdriver.support.wait.WebDriverWait (session=\"e0e3cce144ddeb0e28072bbc55ea5223\")>\nmethod = <function Page.get_xpath.<locals>.<lambda> at 0x7f0368013760>\nmessage = 'Could not find an element with xpath: \\'//meta[@name=\"description\"]\\''\n\n    def until(self, method, message: str = \"\"):\n        \"\"\"Calls the method provided with the driver as an argument until the \\\n        return value does not evaluate to ``False``.\n    \n        :param method: callable(WebDriver)\n        :param message: optional message for :exc:`TimeoutException`\n        :returns: the result of the last call to `method`\n        :raises: :exc:`selenium.common.exceptions.TimeoutException` if timeout occurs\n        \"\"\"\n        screen = None\n        stacktrace = None\n    \n        end_time = time.monotonic() + self._timeout\n        while True:\n            try:\n                value = method(self._driver)\n                if value:\n                    return value\n            except self._ignored_exceptions as exc:\n                screen = getattr(exc, \"screen\", None)\n                stacktrace = getattr(exc, \"stacktrace\", None)\n            time.sleep(self._poll)\n            if time.monotonic() > end_time:\n                break\n>       raise TimeoutException(message, screen, stacktrace)\nE       selenium.common.exceptions.TimeoutException: Message: Could not find an element with xpath: '//meta[@name=\"description\"]'\nE       Stacktrace:\nE       #0 0x564085e5e793 <unknown>\nE       #1 0x564085b521c6 <unknown>\nE       #2 0x564085b9d358 <unknown>\nE       #3 0x564085b9d411 <unknown>\nE       #4 0x564085be0934 <unknown>\nE       #5 0x564085bbf3fd <unknown>\nE       #6 0x564085bdddd9 <unknown>\nE       #7 0x564085bbf173 <unknown>\nE       #8 0x564085b902d3 <unknown>\nE       #9 0x564085b90c9e <unknown>\nE       #10 0x564085e228cb <unknown>\nE       #11 0x564085e26745 <unknown>\nE       #12 0x564085e0f2e1 <unknown>\nE       #13 0x564085e272d2 <unknown>\nE       #14 0x564085df317f <unknown>\nE       #15 0x564085e4cdc8 <unknown>\nE       #16 0x564085e4cfc3 <unknown>\nE       #17 0x564085e5d944 <unknown>\nE       #18 0x7fa219356ac3 <unknown>\n\n/usr/local/lib/python3.10/site-packages/selenium/webdriver/support/wait.py:95: TimeoutException","steps":[{"name":"Opening the url \"https://next.4zida.rs\" and close cookies","time":{"start":1708810704895,"stop":1708810706857,"duration":1962},"status":"passed","steps":[],"attachments":[],"parameters":[],"shouldDisplayMessage":false,"stepsCount":0,"attachmentsCount":0,"hasContent":false},{"name":"Checking Meta tag \"description\"","time":{"start":1708810706858,"stop":1708810711997,"duration":5139},"status":"broken","statusMessage":"selenium.common.exceptions.TimeoutException: Message: Could not find an element with xpath: '//meta[@name=\"description\"]'\nStacktrace:\n#0 0x564085e5e793 <unknown>\n#1 0x564085b521c6 <unknown>\n#2 0x564085b9d358 <unknown>\n#3 0x564085b9d411 <unknown>\n#4 0x564085be0934 <unknown>\n#5 0x564085bbf3fd <unknown>\n#6 0x564085bdddd9 <unknown>\n#7 0x564085bbf173 <unknown>\n#8 0x564085b902d3 <unknown>\n#9 0x564085b90c9e <unknown>\n#10 0x564085e228cb <unknown>\n#11 0x564085e26745 <unknown>\n#12 0x564085e0f2e1 <unknown>\n#13 0x564085e272d2 <unknown>\n#14 0x564085df317f <unknown>\n#15 0x564085e4cdc8 <unknown>\n#16 0x564085e4cfc3 <unknown>\n#17 0x564085e5d944 <unknown>\n#18 0x7fa219356ac3 <unknown>\n\n","statusTrace":"  File \"/usr/local/lib/python3.10/site-packages/allure_commons/_allure.py\", line 192, in impl\n    return func(*a, **kw)\n  File \"/code/pom/pages/home_page.py\", line 132, in check_meta_tag_description\n    self.meta_description.should_have_attribute_value(attribute, expected_value)\n  File \"/code/pom/page_factory/component.py\", line 77, in should_have_attribute_value\n    element = self.get_element(**kwargs)\n  File \"/code/pom/page_factory/component.py\", line 28, in get_element\n    return self._page.get_xpath(locator)\n  File \"/code/pom/models/page.py\", line 145, in get_xpath\n    element = self.wait(timeout).until(\n  File \"/usr/local/lib/python3.10/site-packages/selenium/webdriver/support/wait.py\", line 95, in until\n    raise TimeoutException(message, screen, stacktrace)\n","steps":[{"name":"Checking that component has an attribute \"content\" with a value \"Specijalizovani sajt za oglašavanje nekretnina 4zida.rs! Najveća ponuda aktuelnih oglasa za prodaju i izdavanje svih tipova nekretnina u celoj Srbiji.\"","time":{"start":1708810706858,"stop":1708810711996,"duration":5138},"status":"broken","statusMessage":"selenium.common.exceptions.TimeoutException: Message: Could not find an element with xpath: '//meta[@name=\"description\"]'\nStacktrace:\n#0 0x564085e5e793 <unknown>\n#1 0x564085b521c6 <unknown>\n#2 0x564085b9d358 <unknown>\n#3 0x564085b9d411 <unknown>\n#4 0x564085be0934 <unknown>\n#5 0x564085bbf3fd <unknown>\n#6 0x564085bdddd9 <unknown>\n#7 0x564085bbf173 <unknown>\n#8 0x564085b902d3 <unknown>\n#9 0x564085b90c9e <unknown>\n#10 0x564085e228cb <unknown>\n#11 0x564085e26745 <unknown>\n#12 0x564085e0f2e1 <unknown>\n#13 0x564085e272d2 <unknown>\n#14 0x564085df317f <unknown>\n#15 0x564085e4cdc8 <unknown>\n#16 0x564085e4cfc3 <unknown>\n#17 0x564085e5d944 <unknown>\n#18 0x7fa219356ac3 <unknown>\n\n","statusTrace":"  File \"/code/pom/page_factory/component.py\", line 77, in should_have_attribute_value\n    element = self.get_element(**kwargs)\n  File \"/code/pom/page_factory/component.py\", line 28, in get_element\n    return self._page.get_xpath(locator)\n  File \"/code/pom/models/page.py\", line 145, in get_xpath\n    element = self.wait(timeout).until(\n  File \"/usr/local/lib/python3.10/site-packages/selenium/webdriver/support/wait.py\", line 95, in until\n    raise TimeoutException(message, screen, stacktrace)\n","steps":[{"name":"Getting component with the name \"Meta tag\" and the locator \"//meta[@name=\"description\"]\"","time":{"start":1708810706858,"stop":1708810711996,"duration":5138},"status":"broken","statusMessage":"selenium.common.exceptions.TimeoutException: Message: Could not find an element with xpath: '//meta[@name=\"description\"]'\nStacktrace:\n#0 0x564085e5e793 <unknown>\n#1 0x564085b521c6 <unknown>\n#2 0x564085b9d358 <unknown>\n#3 0x564085b9d411 <unknown>\n#4 0x564085be0934 <unknown>\n#5 0x564085bbf3fd <unknown>\n#6 0x564085bdddd9 <unknown>\n#7 0x564085bbf173 <unknown>\n#8 0x564085b902d3 <unknown>\n#9 0x564085b90c9e <unknown>\n#10 0x564085e228cb <unknown>\n#11 0x564085e26745 <unknown>\n#12 0x564085e0f2e1 <unknown>\n#13 0x564085e272d2 <unknown>\n#14 0x564085df317f <unknown>\n#15 0x564085e4cdc8 <unknown>\n#16 0x564085e4cfc3 <unknown>\n#17 0x564085e5d944 <unknown>\n#18 0x7fa219356ac3 <unknown>\n\n","statusTrace":"  File \"/code/pom/page_factory/component.py\", line 28, in get_element\n    return self._page.get_xpath(locator)\n  File \"/code/pom/models/page.py\", line 145, in get_xpath\n    element = self.wait(timeout).until(\n  File \"/usr/local/lib/python3.10/site-packages/selenium/webdriver/support/wait.py\", line 95, in until\n    raise TimeoutException(message, screen, stacktrace)\n","steps":[],"attachments":[],"parameters":[],"shouldDisplayMessage":true,"stepsCount":0,"attachmentsCount":0,"hasContent":true}],"attachments":[],"parameters":[],"shouldDisplayMessage":false,"stepsCount":1,"attachmentsCount":0,"hasContent":true}],"attachments":[],"parameters":[{"name":"attribute","value":"'content'"},{"name":"expected_value","value":"'Specijalizovani sajt za oglašavanje nekretnina 4zida.rs! Najveća ponuda aktuelnih oglasa za prodaju i izdavanje svih tipova nekretnina u celoj Srbiji.'"}],"shouldDisplayMessage":false,"stepsCount":2,"attachmentsCount":0,"hasContent":true}],"attachments":[{"uid":"4c6f9b2cbfe9340c","name":"log","source":"4c6f9b2cbfe9340c.txt","type":"text/plain","size":773}],"parameters":[],"shouldDisplayMessage":true,"stepsCount":4,"attachmentsCount":1,"hasContent":true},"afterStages":[{"name":"page::0","time":{"start":1708810712009,"stop":1708810712134,"duration":125},"status":"passed","steps":[],"attachments":[{"uid":"1da22033998e166c","name":"test_meta_tags","source":"1da22033998e166c.png","type":"image/png","size":13823}],"parameters":[],"shouldDisplayMessage":false,"stepsCount":0,"attachmentsCount":1,"hasContent":true}],"labels":[{"name":"as_id","value":"2"},{"name":"severity","value":"critical"},{"name":"suite","value":"SEO Tests"},{"name":"tag","value":"ui"},{"name":"parentSuite","value":"tests"},{"name":"subSuite","value":"TestSEO"},{"name":"host","value":"69987be5c00e"},{"name":"thread","value":"1-MainThread"},{"name":"framework","value":"pytest"},{"name":"language","value":"cpython3"},{"name":"package","value":"tests.test_seo"},{"name":"resultFormat","value":"allure2"}],"parameters":[],"links":[],"hidden":false,"retry":false,"extra":{"severity":"critical","retries":[],"categories":[{"name":"Test defects","matchedStatuses":[],"flaky":false}],"history":{"statistic":{"failed":1,"broken":2,"skipped":0,"passed":0,"unknown":0,"total":3},"items":[{"uid":"365cf9ddd67fe1ee","reportUrl":"https://valeryia-lukyanava.github.io/automated-testing-project-4zida/94//#testresult/365cf9ddd67fe1ee","status":"failed","statusDetails":"AssertionError: Expected text: 'Specijalizovani sajt za oglašavanje nekretnina 4zida.rs! Najveća ponuda aktuelnih oglasa za prodaju i izdavanje svih tipova nekretnina u celoj Srbiji.' - Actual text: 'Stanovi, kuće, poslovni prostori i placevi za prodaju i iznajmljivanje u celoj Srbiji - 4zida Nekretnine u pokretu'","time":{"start":1708796426561,"stop":1708796433683,"duration":7122}},{"uid":"6de639cd8180c8f0","reportUrl":"https://valeryia-lukyanava.github.io/automated-testing-project-4zida/93//#testresult/6de639cd8180c8f0","status":"broken","statusDetails":"selenium.common.exceptions.TimeoutException: Message: Could not find an element with xpath: '//meta[@name=\"description\"]'\nStacktrace:\n#0 0x5604057bb793 <unknown>\n#1 0x5604054af1c6 <unknown>\n#2 0x5604054fa358 <unknown>\n#3 0x5604054fa411 <unknown>\n#4 0x56040553d934 <unknown>\n#5 0x56040551c3fd <unknown>\n#6 0x56040553add9 <unknown>\n#7 0x56040551c173 <unknown>\n#8 0x5604054ed2d3 <unknown>\n#9 0x5604054edc9e <unknown>\n#10 0x56040577f8cb <unknown>\n#11 0x560405783745 <unknown>\n#12 0x56040576c2e1 <unknown>\n#13 0x5604057842d2 <unknown>\n#14 0x56040575017f <unknown>\n#15 0x5604057a9dc8 <unknown>\n#16 0x5604057a9fc3 <unknown>\n#17 0x5604057ba944 <unknown>\n#18 0x7fd70dd8fac3 <unknown>","time":{"start":1708794577928,"stop":1708794584918,"duration":6990}}]},"tags":["ui"]},"source":"41d28b6244605976.json","parameterValues":[]}