{"uid":"92a3a8b2dddd3a1b","name":"Check Meta Tags","fullName":"tests.test_seo.TestSEO#test_meta_tags","historyId":"997be5596be2f467cd17c97dc61d9e4a","time":{"start":1708852216733,"stop":1708852223966,"duration":7233},"status":"broken","statusMessage":"selenium.common.exceptions.TimeoutException: Message: Could not find an element with xpath: '//meta[@name=\"description\"]'\nStacktrace:\n#0 0x563ebb4b2793 <unknown>\n#1 0x563ebb1a61c6 <unknown>\n#2 0x563ebb1f1358 <unknown>\n#3 0x563ebb1f1411 <unknown>\n#4 0x563ebb234934 <unknown>\n#5 0x563ebb2133fd <unknown>\n#6 0x563ebb231dd9 <unknown>\n#7 0x563ebb213173 <unknown>\n#8 0x563ebb1e42d3 <unknown>\n#9 0x563ebb1e4c9e <unknown>\n#10 0x563ebb4768cb <unknown>\n#11 0x563ebb47a745 <unknown>\n#12 0x563ebb4632e1 <unknown>\n#13 0x563ebb47b2d2 <unknown>\n#14 0x563ebb44717f <unknown>\n#15 0x563ebb4a0dc8 <unknown>\n#16 0x563ebb4a0fc3 <unknown>\n#17 0x563ebb4b1944 <unknown>\n#18 0x7f1b59472ac3 <unknown>","statusTrace":"self = <test_seo.TestSEO object at 0x7f974aad3580>\nhome_page = <pom.pages.home_page.HomePage object at 0x7f974aadcc10>\n\n    @allure.id('2')\n    @allure.title('Check Meta Tags')\n    def test_meta_tags(self, home_page: HomePage):\n        home_page.visit()\n        # Assert meta tags\n>       home_page.check_meta_tag_description(attribute=\"content\",\n                                             expected_value=Titles.META_DESCRIPTION)\n\ntests/test_seo.py:32: \n_ _ _ _ _ _ _ _ _ _ _ _ _ _ _ _ _ _ _ _ _ _ _ _ _ _ _ _ _ _ _ _ _ _ _ _ _ _ _ _ \npom/pages/home_page.py:132: in check_meta_tag_description\n    self.meta_description.should_have_attribute_value(attribute, expected_value)\npom/page_factory/component.py:77: in should_have_attribute_value\n    element = self.get_element(**kwargs)\npom/page_factory/component.py:28: in get_element\n    return self._page.get_xpath(locator)\npom/models/page.py:146: in get_xpath\n    element = self.wait(timeout).until(\n_ _ _ _ _ _ _ _ _ _ _ _ _ _ _ _ _ _ _ _ _ _ _ _ _ _ _ _ _ _ _ _ _ _ _ _ _ _ _ _ \n\nself = <selenium.webdriver.support.wait.WebDriverWait (session=\"d10d186a91aec196fcf95b9dbc31e8e9\")>\nmethod = <function Page.get_xpath.<locals>.<lambda> at 0x7f974aa89c60>\nmessage = 'Could not find an element with xpath: \\'//meta[@name=\"description\"]\\''\n\n    def until(self, method, message: str = \"\"):\n        \"\"\"Calls the method provided with the driver as an argument until the \\\n        return value does not evaluate to ``False``.\n    \n        :param method: callable(WebDriver)\n        :param message: optional message for :exc:`TimeoutException`\n        :returns: the result of the last call to `method`\n        :raises: :exc:`selenium.common.exceptions.TimeoutException` if timeout occurs\n        \"\"\"\n        screen = None\n        stacktrace = None\n    \n        end_time = time.monotonic() + self._timeout\n        while True:\n            try:\n                value = method(self._driver)\n                if value:\n                    return value\n            except self._ignored_exceptions as exc:\n                screen = getattr(exc, \"screen\", None)\n                stacktrace = getattr(exc, \"stacktrace\", None)\n            time.sleep(self._poll)\n            if time.monotonic() > end_time:\n                break\n>       raise TimeoutException(message, screen, stacktrace)\nE       selenium.common.exceptions.TimeoutException: Message: Could not find an element with xpath: '//meta[@name=\"description\"]'\nE       Stacktrace:\nE       #0 0x563ebb4b2793 <unknown>\nE       #1 0x563ebb1a61c6 <unknown>\nE       #2 0x563ebb1f1358 <unknown>\nE       #3 0x563ebb1f1411 <unknown>\nE       #4 0x563ebb234934 <unknown>\nE       #5 0x563ebb2133fd <unknown>\nE       #6 0x563ebb231dd9 <unknown>\nE       #7 0x563ebb213173 <unknown>\nE       #8 0x563ebb1e42d3 <unknown>\nE       #9 0x563ebb1e4c9e <unknown>\nE       #10 0x563ebb4768cb <unknown>\nE       #11 0x563ebb47a745 <unknown>\nE       #12 0x563ebb4632e1 <unknown>\nE       #13 0x563ebb47b2d2 <unknown>\nE       #14 0x563ebb44717f <unknown>\nE       #15 0x563ebb4a0dc8 <unknown>\nE       #16 0x563ebb4a0fc3 <unknown>\nE       #17 0x563ebb4b1944 <unknown>\nE       #18 0x7f1b59472ac3 <unknown>\n\n/usr/local/lib/python3.10/site-packages/selenium/webdriver/support/wait.py:95: TimeoutException","flaky":false,"newFailed":false,"newBroken":true,"newPassed":false,"retriesCount":0,"retriesStatusChange":false,"beforeStages":[{"name":"ui_config","time":{"start":1708852109075,"stop":1708852109076,"duration":1},"status":"passed","steps":[],"attachments":[],"parameters":[],"shouldDisplayMessage":false,"stepsCount":0,"attachmentsCount":0,"hasContent":false},{"name":"page","time":{"start":1708852216327,"stop":1708852216732,"duration":405},"status":"passed","steps":[],"attachments":[],"parameters":[],"shouldDisplayMessage":false,"stepsCount":0,"attachmentsCount":0,"hasContent":false},{"name":"home_page","time":{"start":1708852216732,"stop":1708852216732,"duration":0},"status":"passed","steps":[],"attachments":[],"parameters":[],"shouldDisplayMessage":false,"stepsCount":0,"attachmentsCount":0,"hasContent":false}],"testStage":{"status":"broken","statusMessage":"selenium.common.exceptions.TimeoutException: Message: Could not find an element with xpath: '//meta[@name=\"description\"]'\nStacktrace:\n#0 0x563ebb4b2793 <unknown>\n#1 0x563ebb1a61c6 <unknown>\n#2 0x563ebb1f1358 <unknown>\n#3 0x563ebb1f1411 <unknown>\n#4 0x563ebb234934 <unknown>\n#5 0x563ebb2133fd <unknown>\n#6 0x563ebb231dd9 <unknown>\n#7 0x563ebb213173 <unknown>\n#8 0x563ebb1e42d3 <unknown>\n#9 0x563ebb1e4c9e <unknown>\n#10 0x563ebb4768cb <unknown>\n#11 0x563ebb47a745 <unknown>\n#12 0x563ebb4632e1 <unknown>\n#13 0x563ebb47b2d2 <unknown>\n#14 0x563ebb44717f <unknown>\n#15 0x563ebb4a0dc8 <unknown>\n#16 0x563ebb4a0fc3 <unknown>\n#17 0x563ebb4b1944 <unknown>\n#18 0x7f1b59472ac3 <unknown>","statusTrace":"self = <test_seo.TestSEO object at 0x7f974aad3580>\nhome_page = <pom.pages.home_page.HomePage object at 0x7f974aadcc10>\n\n    @allure.id('2')\n    @allure.title('Check Meta Tags')\n    def test_meta_tags(self, home_page: HomePage):\n        home_page.visit()\n        # Assert meta tags\n>       home_page.check_meta_tag_description(attribute=\"content\",\n                                             expected_value=Titles.META_DESCRIPTION)\n\ntests/test_seo.py:32: \n_ _ _ _ _ _ _ _ _ _ _ _ _ _ _ _ _ _ _ _ _ _ _ _ _ _ _ _ _ _ _ _ _ _ _ _ _ _ _ _ \npom/pages/home_page.py:132: in check_meta_tag_description\n    self.meta_description.should_have_attribute_value(attribute, expected_value)\npom/page_factory/component.py:77: in should_have_attribute_value\n    element = self.get_element(**kwargs)\npom/page_factory/component.py:28: in get_element\n    return self._page.get_xpath(locator)\npom/models/page.py:146: in get_xpath\n    element = self.wait(timeout).until(\n_ _ _ _ _ _ _ _ _ _ _ _ _ _ _ _ _ _ _ _ _ _ _ _ _ _ _ _ _ _ _ _ _ _ _ _ _ _ _ _ \n\nself = <selenium.webdriver.support.wait.WebDriverWait (session=\"d10d186a91aec196fcf95b9dbc31e8e9\")>\nmethod = <function Page.get_xpath.<locals>.<lambda> at 0x7f974aa89c60>\nmessage = 'Could not find an element with xpath: \\'//meta[@name=\"description\"]\\''\n\n    def until(self, method, message: str = \"\"):\n        \"\"\"Calls the method provided with the driver as an argument until the \\\n        return value does not evaluate to ``False``.\n    \n        :param method: callable(WebDriver)\n        :param message: optional message for :exc:`TimeoutException`\n        :returns: the result of the last call to `method`\n        :raises: :exc:`selenium.common.exceptions.TimeoutException` if timeout occurs\n        \"\"\"\n        screen = None\n        stacktrace = None\n    \n        end_time = time.monotonic() + self._timeout\n        while True:\n            try:\n                value = method(self._driver)\n                if value:\n                    return value\n            except self._ignored_exceptions as exc:\n                screen = getattr(exc, \"screen\", None)\n                stacktrace = getattr(exc, \"stacktrace\", None)\n            time.sleep(self._poll)\n            if time.monotonic() > end_time:\n                break\n>       raise TimeoutException(message, screen, stacktrace)\nE       selenium.common.exceptions.TimeoutException: Message: Could not find an element with xpath: '//meta[@name=\"description\"]'\nE       Stacktrace:\nE       #0 0x563ebb4b2793 <unknown>\nE       #1 0x563ebb1a61c6 <unknown>\nE       #2 0x563ebb1f1358 <unknown>\nE       #3 0x563ebb1f1411 <unknown>\nE       #4 0x563ebb234934 <unknown>\nE       #5 0x563ebb2133fd <unknown>\nE       #6 0x563ebb231dd9 <unknown>\nE       #7 0x563ebb213173 <unknown>\nE       #8 0x563ebb1e42d3 <unknown>\nE       #9 0x563ebb1e4c9e <unknown>\nE       #10 0x563ebb4768cb <unknown>\nE       #11 0x563ebb47a745 <unknown>\nE       #12 0x563ebb4632e1 <unknown>\nE       #13 0x563ebb47b2d2 <unknown>\nE       #14 0x563ebb44717f <unknown>\nE       #15 0x563ebb4a0dc8 <unknown>\nE       #16 0x563ebb4a0fc3 <unknown>\nE       #17 0x563ebb4b1944 <unknown>\nE       #18 0x7f1b59472ac3 <unknown>\n\n/usr/local/lib/python3.10/site-packages/selenium/webdriver/support/wait.py:95: TimeoutException","steps":[{"name":"Opening the url \"https://next.4zida.rs\"","time":{"start":1708852216733,"stop":1708852218825,"duration":2092},"status":"passed","steps":[],"attachments":[],"parameters":[],"shouldDisplayMessage":false,"stepsCount":0,"attachmentsCount":0,"hasContent":false},{"name":"Checking Meta tag \"description\"","time":{"start":1708852218825,"stop":1708852223966,"duration":5141},"status":"broken","statusMessage":"selenium.common.exceptions.TimeoutException: Message: Could not find an element with xpath: '//meta[@name=\"description\"]'\nStacktrace:\n#0 0x563ebb4b2793 <unknown>\n#1 0x563ebb1a61c6 <unknown>\n#2 0x563ebb1f1358 <unknown>\n#3 0x563ebb1f1411 <unknown>\n#4 0x563ebb234934 <unknown>\n#5 0x563ebb2133fd <unknown>\n#6 0x563ebb231dd9 <unknown>\n#7 0x563ebb213173 <unknown>\n#8 0x563ebb1e42d3 <unknown>\n#9 0x563ebb1e4c9e <unknown>\n#10 0x563ebb4768cb <unknown>\n#11 0x563ebb47a745 <unknown>\n#12 0x563ebb4632e1 <unknown>\n#13 0x563ebb47b2d2 <unknown>\n#14 0x563ebb44717f <unknown>\n#15 0x563ebb4a0dc8 <unknown>\n#16 0x563ebb4a0fc3 <unknown>\n#17 0x563ebb4b1944 <unknown>\n#18 0x7f1b59472ac3 <unknown>\n\n","statusTrace":"  File \"/usr/local/lib/python3.10/site-packages/allure_commons/_allure.py\", line 192, in impl\n    return func(*a, **kw)\n  File \"/code/pom/pages/home_page.py\", line 132, in check_meta_tag_description\n    self.meta_description.should_have_attribute_value(attribute, expected_value)\n  File \"/code/pom/page_factory/component.py\", line 77, in should_have_attribute_value\n    element = self.get_element(**kwargs)\n  File \"/code/pom/page_factory/component.py\", line 28, in get_element\n    return self._page.get_xpath(locator)\n  File \"/code/pom/models/page.py\", line 146, in get_xpath\n    element = self.wait(timeout).until(\n  File \"/usr/local/lib/python3.10/site-packages/selenium/webdriver/support/wait.py\", line 95, in until\n    raise TimeoutException(message, screen, stacktrace)\n","steps":[{"name":"Checking that component has an attribute \"content\" with a value \"Specijalizovani sajt za oglašavanje nekretnina 4zida.rs! Najveća ponuda aktuelnih oglasa za prodaju i izdavanje svih tipova nekretnina u celoj Srbiji.\"","time":{"start":1708852218825,"stop":1708852223966,"duration":5141},"status":"broken","statusMessage":"selenium.common.exceptions.TimeoutException: Message: Could not find an element with xpath: '//meta[@name=\"description\"]'\nStacktrace:\n#0 0x563ebb4b2793 <unknown>\n#1 0x563ebb1a61c6 <unknown>\n#2 0x563ebb1f1358 <unknown>\n#3 0x563ebb1f1411 <unknown>\n#4 0x563ebb234934 <unknown>\n#5 0x563ebb2133fd <unknown>\n#6 0x563ebb231dd9 <unknown>\n#7 0x563ebb213173 <unknown>\n#8 0x563ebb1e42d3 <unknown>\n#9 0x563ebb1e4c9e <unknown>\n#10 0x563ebb4768cb <unknown>\n#11 0x563ebb47a745 <unknown>\n#12 0x563ebb4632e1 <unknown>\n#13 0x563ebb47b2d2 <unknown>\n#14 0x563ebb44717f <unknown>\n#15 0x563ebb4a0dc8 <unknown>\n#16 0x563ebb4a0fc3 <unknown>\n#17 0x563ebb4b1944 <unknown>\n#18 0x7f1b59472ac3 <unknown>\n\n","statusTrace":"  File \"/code/pom/page_factory/component.py\", line 77, in should_have_attribute_value\n    element = self.get_element(**kwargs)\n  File \"/code/pom/page_factory/component.py\", line 28, in get_element\n    return self._page.get_xpath(locator)\n  File \"/code/pom/models/page.py\", line 146, in get_xpath\n    element = self.wait(timeout).until(\n  File \"/usr/local/lib/python3.10/site-packages/selenium/webdriver/support/wait.py\", line 95, in until\n    raise TimeoutException(message, screen, stacktrace)\n","steps":[{"name":"Getting component with the name \"Meta tag\" and the locator \"//meta[@name=\"description\"]\"","time":{"start":1708852218825,"stop":1708852223965,"duration":5140},"status":"broken","statusMessage":"selenium.common.exceptions.TimeoutException: Message: Could not find an element with xpath: '//meta[@name=\"description\"]'\nStacktrace:\n#0 0x563ebb4b2793 <unknown>\n#1 0x563ebb1a61c6 <unknown>\n#2 0x563ebb1f1358 <unknown>\n#3 0x563ebb1f1411 <unknown>\n#4 0x563ebb234934 <unknown>\n#5 0x563ebb2133fd <unknown>\n#6 0x563ebb231dd9 <unknown>\n#7 0x563ebb213173 <unknown>\n#8 0x563ebb1e42d3 <unknown>\n#9 0x563ebb1e4c9e <unknown>\n#10 0x563ebb4768cb <unknown>\n#11 0x563ebb47a745 <unknown>\n#12 0x563ebb4632e1 <unknown>\n#13 0x563ebb47b2d2 <unknown>\n#14 0x563ebb44717f <unknown>\n#15 0x563ebb4a0dc8 <unknown>\n#16 0x563ebb4a0fc3 <unknown>\n#17 0x563ebb4b1944 <unknown>\n#18 0x7f1b59472ac3 <unknown>\n\n","statusTrace":"  File \"/code/pom/page_factory/component.py\", line 28, in get_element\n    return self._page.get_xpath(locator)\n  File \"/code/pom/models/page.py\", line 146, in get_xpath\n    element = self.wait(timeout).until(\n  File \"/usr/local/lib/python3.10/site-packages/selenium/webdriver/support/wait.py\", line 95, in until\n    raise TimeoutException(message, screen, stacktrace)\n","steps":[],"attachments":[],"parameters":[],"shouldDisplayMessage":true,"stepsCount":0,"attachmentsCount":0,"hasContent":true}],"attachments":[],"parameters":[],"shouldDisplayMessage":false,"stepsCount":1,"attachmentsCount":0,"hasContent":true}],"attachments":[],"parameters":[{"name":"attribute","value":"'content'"},{"name":"expected_value","value":"'Specijalizovani sajt za oglašavanje nekretnina 4zida.rs! Najveća ponuda aktuelnih oglasa za prodaju i izdavanje svih tipova nekretnina u celoj Srbiji.'"}],"shouldDisplayMessage":false,"stepsCount":2,"attachmentsCount":0,"hasContent":true}],"attachments":[{"uid":"8460a7c017f5fe4d","name":"log","source":"8460a7c017f5fe4d.txt","type":"text/plain","size":16682}],"parameters":[],"shouldDisplayMessage":true,"stepsCount":4,"attachmentsCount":1,"hasContent":true},"afterStages":[{"name":"page::0","time":{"start":1708852224032,"stop":1708852224145,"duration":113},"status":"passed","steps":[],"attachments":[{"uid":"63834c65006208e8","name":"test_meta_tags","source":"63834c65006208e8.png","type":"image/png","size":13823}],"parameters":[],"shouldDisplayMessage":false,"stepsCount":0,"attachmentsCount":1,"hasContent":true}],"labels":[{"name":"severity","value":"critical"},{"name":"suite","value":"SEO Tests"},{"name":"as_id","value":"2"},{"name":"tag","value":"seo"},{"name":"tag","value":"ui"},{"name":"parentSuite","value":"tests"},{"name":"subSuite","value":"TestSEO"},{"name":"host","value":"4280312379d6"},{"name":"thread","value":"1-MainThread"},{"name":"framework","value":"pytest"},{"name":"language","value":"cpython3"},{"name":"package","value":"tests.test_seo"},{"name":"resultFormat","value":"allure2"}],"parameters":[],"links":[],"hidden":false,"retry":false,"extra":{"severity":"critical","retries":[],"categories":[{"name":"Test defects","matchedStatuses":[],"flaky":false}],"history":{"statistic":{"failed":4,"broken":3,"skipped":0,"passed":0,"unknown":0,"total":7},"items":[{"uid":"ed117d6a45502381","reportUrl":"https://valeryia-lukyanava.github.io/automated-testing-project-4zida/98//#testresult/ed117d6a45502381","status":"failed","statusDetails":"AssertionError: Expected attribute value: 'Specijalizovani sajt za oglašavanje nekretnina 4zida.rs! Najveća ponuda aktuelnih oglasa za prodaju i izdavanje svih tipova nekretnina u celoj Srbiji.' - Actual attribute value: 'Stanovi, kuće, poslovni prostori i placevi za prodaju i iznajmljivanje u celoj Srbiji - 4zida Nekretnine u pokretu'","time":{"start":1708851690087,"stop":1708851698752,"duration":8665}},{"uid":"d6c8e5e52ab12fa3","reportUrl":"https://valeryia-lukyanava.github.io/automated-testing-project-4zida/97//#testresult/d6c8e5e52ab12fa3","status":"failed","statusDetails":"AssertionError: Expected attribute value: 'Specijalizovani sajt za oglašavanje nekretnina 4zida.rs! Najveća ponuda aktuelnih oglasa za prodaju i izdavanje svih tipova nekretnina u celoj Srbiji.' - Actual attribute value: 'Stanovi, kuće, poslovni prostori i placevi za prodaju i iznajmljivanje u celoj Srbiji - 4zida Nekretnine u pokretu'","time":{"start":1708848575339,"stop":1708848582724,"duration":7385}},{"uid":"72ad2b36df0750be","reportUrl":"https://valeryia-lukyanava.github.io/automated-testing-project-4zida/96//#testresult/72ad2b36df0750be","status":"failed","statusDetails":"AssertionError: Expected attribute value: 'Specijalizovani sajt za oglašavanje nekretnina 4zida.rs! Najveća ponuda aktuelnih oglasa za prodaju i izdavanje svih tipova nekretnina u celoj Srbiji.' - Actual attribute value: 'Stanovi, kuće, poslovni prostori i placevi za prodaju i iznajmljivanje u celoj Srbiji - 4zida Nekretnine u pokretu'","time":{"start":1708846467207,"stop":1708846475004,"duration":7797}},{"uid":"41d28b6244605976","reportUrl":"https://valeryia-lukyanava.github.io/automated-testing-project-4zida/95//#testresult/41d28b6244605976","status":"broken","statusDetails":"selenium.common.exceptions.TimeoutException: Message: Could not find an element with xpath: '//meta[@name=\"description\"]'\nStacktrace:\n#0 0x564085e5e793 <unknown>\n#1 0x564085b521c6 <unknown>\n#2 0x564085b9d358 <unknown>\n#3 0x564085b9d411 <unknown>\n#4 0x564085be0934 <unknown>\n#5 0x564085bbf3fd <unknown>\n#6 0x564085bdddd9 <unknown>\n#7 0x564085bbf173 <unknown>\n#8 0x564085b902d3 <unknown>\n#9 0x564085b90c9e <unknown>\n#10 0x564085e228cb <unknown>\n#11 0x564085e26745 <unknown>\n#12 0x564085e0f2e1 <unknown>\n#13 0x564085e272d2 <unknown>\n#14 0x564085df317f <unknown>\n#15 0x564085e4cdc8 <unknown>\n#16 0x564085e4cfc3 <unknown>\n#17 0x564085e5d944 <unknown>\n#18 0x7fa219356ac3 <unknown>","time":{"start":1708810704895,"stop":1708810711997,"duration":7102}},{"uid":"365cf9ddd67fe1ee","reportUrl":"https://valeryia-lukyanava.github.io/automated-testing-project-4zida/94//#testresult/365cf9ddd67fe1ee","status":"failed","statusDetails":"AssertionError: Expected text: 'Specijalizovani sajt za oglašavanje nekretnina 4zida.rs! Najveća ponuda aktuelnih oglasa za prodaju i izdavanje svih tipova nekretnina u celoj Srbiji.' - Actual text: 'Stanovi, kuće, poslovni prostori i placevi za prodaju i iznajmljivanje u celoj Srbiji - 4zida Nekretnine u pokretu'","time":{"start":1708796426561,"stop":1708796433683,"duration":7122}},{"uid":"6de639cd8180c8f0","reportUrl":"https://valeryia-lukyanava.github.io/automated-testing-project-4zida/93//#testresult/6de639cd8180c8f0","status":"broken","statusDetails":"selenium.common.exceptions.TimeoutException: Message: Could not find an element with xpath: '//meta[@name=\"description\"]'\nStacktrace:\n#0 0x5604057bb793 <unknown>\n#1 0x5604054af1c6 <unknown>\n#2 0x5604054fa358 <unknown>\n#3 0x5604054fa411 <unknown>\n#4 0x56040553d934 <unknown>\n#5 0x56040551c3fd <unknown>\n#6 0x56040553add9 <unknown>\n#7 0x56040551c173 <unknown>\n#8 0x5604054ed2d3 <unknown>\n#9 0x5604054edc9e <unknown>\n#10 0x56040577f8cb <unknown>\n#11 0x560405783745 <unknown>\n#12 0x56040576c2e1 <unknown>\n#13 0x5604057842d2 <unknown>\n#14 0x56040575017f <unknown>\n#15 0x5604057a9dc8 <unknown>\n#16 0x5604057a9fc3 <unknown>\n#17 0x5604057ba944 <unknown>\n#18 0x7fd70dd8fac3 <unknown>","time":{"start":1708794577928,"stop":1708794584918,"duration":6990}}]},"tags":["ui","seo"]},"source":"92a3a8b2dddd3a1b.json","parameterValues":[]}