{"uid":"4804e337cf0672d5","name":"Performance tests for Home page","fullName":"tests.test_performance.TestPerformance#test_home_page_performance","historyId":"817198a01cc242faad7e9af9f654acc2","time":{"start":1709105355539,"stop":1709105366676,"duration":11137},"status":"failed","statusMessage":"AssertionError: Expected result: the element with XPath = '//div[@test-data=\"search-form\"]' is located, Actual result: the element is not found","statusTrace":"self = <test_performance.TestPerformance object at 0x7fe4d1d78fa0>\nperformance_tests_config = PerformanceMeasurementConfig(number_of_measurements=5, lcp=2500, ttfb=800)\nperformance_metrics = {}\n\n    @allure.id('1')\n    @allure.title('Performance tests for Home page')\n    def test_home_page_performance(self,\n                                   performance_tests_config: PerformanceMeasurementConfig(),\n                                   performance_metrics: dict):\n        ui_config = UIConfig()\n    \n        for n in range(performance_tests_config.number_of_measurements):\n            page_client = Page(ui_config)\n            home_page = HomePage(page_client)\n>           home_page.get_performance_metrics(run=n + 1, performance_metrics=performance_metrics)\n\ntests/test_performance.py:29: \n_ _ _ _ _ _ _ _ _ _ _ _ _ _ _ _ _ _ _ _ _ _ _ _ _ _ _ _ _ _ _ _ _ _ _ _ _ _ _ _ \npom/pages/base_page.py:25: in get_performance_metrics\n    self.page.check_web_element_located(HomePageLocators.SEARCH_FORM)\n_ _ _ _ _ _ _ _ _ _ _ _ _ _ _ _ _ _ _ _ _ _ _ _ _ _ _ _ _ _ _ _ _ _ _ _ _ _ _ _ \n\nself = <pom.models.page.Page object at 0x7fe4d1ed2680>\nxpath = '//div[@test-data=\"search-form\"]', timeout = None\n\n    def check_web_element_located(self, xpath: str, timeout: int = None) -> bool:\n        \"\"\"Check the web element is located\"\"\"\n        by = By.XPATH\n        elements: list[WebElement] = []\n        logger.info(f\"Page.find_xpath() - Get the elements with xpath: {xpath}\")\n    \n        try:\n            if timeout == 0:\n                elements = self.webdriver.find_elements(by, xpath)\n            else:\n                elements = self.wait(timeout).until(\n                    lambda x: x.find_elements(by, xpath),\n                    f\"Could not find an element with xpath: '{xpath}'\"\n                )\n        except TimeoutException:\n            pass\n    \n        if len(elements):\n            return True\n    \n>       raise AssertionError(\n            f\"Expected result: the element with XPath = '{xpath}' is located, Actual result: the element is not found\"\n        )\nE       AssertionError: Expected result: the element with XPath = '//div[@test-data=\"search-form\"]' is located, Actual result: the element is not found\n\npom/models/page.py:318: AssertionError","flaky":false,"newFailed":false,"newBroken":false,"newPassed":false,"retriesCount":0,"retriesStatusChange":false,"beforeStages":[{"name":"performance_tests_config","time":{"start":1709105355537,"stop":1709105355538,"duration":1},"status":"passed","steps":[],"attachments":[],"parameters":[],"shouldDisplayMessage":false,"stepsCount":0,"attachmentsCount":0,"hasContent":false},{"name":"performance_metrics","time":{"start":1709105355538,"stop":1709105355538,"duration":0},"status":"passed","steps":[],"attachments":[],"parameters":[],"shouldDisplayMessage":false,"stepsCount":0,"attachmentsCount":0,"hasContent":false}],"testStage":{"status":"failed","statusMessage":"AssertionError: Expected result: the element with XPath = '//div[@test-data=\"search-form\"]' is located, Actual result: the element is not found","statusTrace":"self = <test_performance.TestPerformance object at 0x7fe4d1d78fa0>\nperformance_tests_config = PerformanceMeasurementConfig(number_of_measurements=5, lcp=2500, ttfb=800)\nperformance_metrics = {}\n\n    @allure.id('1')\n    @allure.title('Performance tests for Home page')\n    def test_home_page_performance(self,\n                                   performance_tests_config: PerformanceMeasurementConfig(),\n                                   performance_metrics: dict):\n        ui_config = UIConfig()\n    \n        for n in range(performance_tests_config.number_of_measurements):\n            page_client = Page(ui_config)\n            home_page = HomePage(page_client)\n>           home_page.get_performance_metrics(run=n + 1, performance_metrics=performance_metrics)\n\ntests/test_performance.py:29: \n_ _ _ _ _ _ _ _ _ _ _ _ _ _ _ _ _ _ _ _ _ _ _ _ _ _ _ _ _ _ _ _ _ _ _ _ _ _ _ _ \npom/pages/base_page.py:25: in get_performance_metrics\n    self.page.check_web_element_located(HomePageLocators.SEARCH_FORM)\n_ _ _ _ _ _ _ _ _ _ _ _ _ _ _ _ _ _ _ _ _ _ _ _ _ _ _ _ _ _ _ _ _ _ _ _ _ _ _ _ \n\nself = <pom.models.page.Page object at 0x7fe4d1ed2680>\nxpath = '//div[@test-data=\"search-form\"]', timeout = None\n\n    def check_web_element_located(self, xpath: str, timeout: int = None) -> bool:\n        \"\"\"Check the web element is located\"\"\"\n        by = By.XPATH\n        elements: list[WebElement] = []\n        logger.info(f\"Page.find_xpath() - Get the elements with xpath: {xpath}\")\n    \n        try:\n            if timeout == 0:\n                elements = self.webdriver.find_elements(by, xpath)\n            else:\n                elements = self.wait(timeout).until(\n                    lambda x: x.find_elements(by, xpath),\n                    f\"Could not find an element with xpath: '{xpath}'\"\n                )\n        except TimeoutException:\n            pass\n    \n        if len(elements):\n            return True\n    \n>       raise AssertionError(\n            f\"Expected result: the element with XPath = '{xpath}' is located, Actual result: the element is not found\"\n        )\nE       AssertionError: Expected result: the element with XPath = '//div[@test-data=\"search-form\"]' is located, Actual result: the element is not found\n\npom/models/page.py:318: AssertionError","steps":[{"name":"Performance test run â„–1","time":{"start":1709105355539,"stop":1709105366676,"duration":11137},"status":"failed","statusMessage":"AssertionError: Expected result: the element with XPath = '//div[@test-data=\"search-form\"]' is located, Actual result: the element is not found\n","statusTrace":"  File \"/code/pom/pages/base_page.py\", line 25, in get_performance_metrics\n    self.page.check_web_element_located(HomePageLocators.SEARCH_FORM)\n  File \"/code/pom/models/page.py\", line 318, in check_web_element_located\n    raise AssertionError(\n","steps":[{"name":"Opening the url \"https://www.4zida.rs\"","time":{"start":1709105355540,"stop":1709105361273,"duration":5733},"status":"passed","steps":[],"attachments":[],"parameters":[],"shouldDisplayMessage":false,"stepsCount":0,"attachmentsCount":0,"hasContent":false}],"attachments":[],"parameters":[],"shouldDisplayMessage":true,"stepsCount":1,"attachmentsCount":0,"hasContent":true}],"attachments":[{"uid":"f1917632afacaf5f","name":"log","source":"f1917632afacaf5f.txt","type":"text/plain","size":474}],"parameters":[],"shouldDisplayMessage":true,"stepsCount":2,"attachmentsCount":1,"hasContent":true},"afterStages":[{"name":"performance_metrics::0","time":{"start":1709105711981,"stop":1709105711982,"duration":1},"status":"passed","steps":[],"attachments":[],"parameters":[],"shouldDisplayMessage":false,"stepsCount":0,"attachmentsCount":0,"hasContent":false}],"labels":[{"name":"severity","value":"critical"},{"name":"suite","value":"Performance Tests"},{"name":"as_id","value":"1"},{"name":"tag","value":"performance"},{"name":"tag","value":"ui"},{"name":"parentSuite","value":"tests"},{"name":"subSuite","value":"TestPerformance"},{"name":"host","value":"7b8cb455aca3"},{"name":"thread","value":"1-MainThread"},{"name":"framework","value":"pytest"},{"name":"language","value":"cpython3"},{"name":"package","value":"tests.test_performance"},{"name":"resultFormat","value":"allure2"}],"parameters":[],"links":[],"hidden":true,"retry":true,"extra":{"categories":[],"tags":["performance","ui"]},"source":"4804e337cf0672d5.json","parameterValues":[]}