{"uid":"cbdd97ee0bec270","name":"Check Menu Navigation: \"Novogradnja\"","fullName":"tests.test_ui_navigation_menu.TestUINavigationMenu#test_navigation_menu_new","historyId":"c124f55c79a45c9b52e01502484dfc77","time":{"start":1709464002413,"stop":1709464008277,"duration":5864},"status":"failed","statusMessage":"AssertionError: Could not find an element with xpath: '//header/button'","statusTrace":"self = <test_ui_navigation_menu.TestUINavigationMenu object at 0x7f8cab59e410>\nhome_page = <pom.pages.home_page.HomePage object at 0x7f8cab2b1c30>, index = 4\nsub_menu = 'Novogradnja u Nišu'\nexpected_url = 'https://next.4zida.rs/novogradnja/nis'\n\n    @allure.id('3')\n    @allure.sub_suite('Menu Navigation: \"Novogradnja\"')\n    @allure.title('Check Menu Navigation: \"Novogradnja\"')\n    @pytest.mark.parametrize(\"index,sub_menu,expected_url\", NavigationSubMenu.SUB_MENU_NEW)\n    def test_navigation_menu_new(self, home_page: HomePage, index: int, sub_menu: str, expected_url: str):\n        home_page.visit()\n>       home_page.check_menu_navigation(menu=NavigationMenu.MENU_NEW, sub_menu=sub_menu, expected_url=expected_url)\n\ntests/test_ui_navigation_menu.py:38: \n_ _ _ _ _ _ _ _ _ _ _ _ _ _ _ _ _ _ _ _ _ _ _ _ _ _ _ _ _ _ _ _ _ _ _ _ _ _ _ _ \npom/pages/home_page.py:161: in check_menu_navigation\n    self.main_menu_button.should_be_visible()\npom/page_factory/component.py:41: in should_be_visible\n    element = self.get_element(**kwargs)\npom/page_factory/component.py:26: in get_element\n    return self._page.get_xpath(locator)\n_ _ _ _ _ _ _ _ _ _ _ _ _ _ _ _ _ _ _ _ _ _ _ _ _ _ _ _ _ _ _ _ _ _ _ _ _ _ _ _ \n\nself = <pom.models.page.Page object at 0x7f8cab2b3490>\nxpath = '//header/button', timeout = None\n\n    def get_xpath(self, xpath: str, timeout: int = None) -> Element:\n        \"\"\"\n        Finds the DOM element that match the XPATH selector.\n    \n        * If 'timeout=None' (default), use the default wait_time.\n        * If 'timeout > 0', override the default wait_time.\n        * If 'timeout=0', poll the DOM immediately without any waiting.\n        \"\"\"\n        logger.info(\n            \"Page.get_xpath() - Get the element with xpath: '%s'\", xpath\n        )\n        value = True\n        element = None\n        by = By.XPATH\n    \n        try:\n            if timeout == 0:\n                element = self.webdriver.find_element(by, xpath)\n            else:\n                element = self.wait(timeout).until(\n                    lambda x: x.find_element(by, xpath),\n                    f\"Could not find an element with xpath: '{xpath}'\"\n                )\n        except TimeoutException:\n            value = False\n    \n        if value:\n            return Element(self, element, locator=(by, xpath))\n>       raise AssertionError(\n            f\"Could not find an element with xpath: '{xpath}'\"\n        )\nE       AssertionError: Could not find an element with xpath: '//header/button'\n\npom/models/page.py:159: AssertionError","flaky":false,"newFailed":false,"newBroken":false,"newPassed":false,"retriesCount":0,"retriesStatusChange":false,"beforeStages":[{"name":"ui_config","time":{"start":1709463509687,"stop":1709463509688,"duration":1},"status":"passed","steps":[],"attachments":[],"parameters":[],"shouldDisplayMessage":false,"stepsCount":0,"attachmentsCount":0,"hasContent":false},{"name":"page","time":{"start":1709464002029,"stop":1709464002412,"duration":383},"status":"passed","steps":[],"attachments":[],"parameters":[],"shouldDisplayMessage":false,"stepsCount":0,"attachmentsCount":0,"hasContent":false},{"name":"home_page","time":{"start":1709464002412,"stop":1709464002412,"duration":0},"status":"passed","steps":[],"attachments":[],"parameters":[],"shouldDisplayMessage":false,"stepsCount":0,"attachmentsCount":0,"hasContent":false}],"testStage":{"status":"failed","statusMessage":"AssertionError: Could not find an element with xpath: '//header/button'","statusTrace":"self = <test_ui_navigation_menu.TestUINavigationMenu object at 0x7f8cab59e410>\nhome_page = <pom.pages.home_page.HomePage object at 0x7f8cab2b1c30>, index = 4\nsub_menu = 'Novogradnja u Nišu'\nexpected_url = 'https://next.4zida.rs/novogradnja/nis'\n\n    @allure.id('3')\n    @allure.sub_suite('Menu Navigation: \"Novogradnja\"')\n    @allure.title('Check Menu Navigation: \"Novogradnja\"')\n    @pytest.mark.parametrize(\"index,sub_menu,expected_url\", NavigationSubMenu.SUB_MENU_NEW)\n    def test_navigation_menu_new(self, home_page: HomePage, index: int, sub_menu: str, expected_url: str):\n        home_page.visit()\n>       home_page.check_menu_navigation(menu=NavigationMenu.MENU_NEW, sub_menu=sub_menu, expected_url=expected_url)\n\ntests/test_ui_navigation_menu.py:38: \n_ _ _ _ _ _ _ _ _ _ _ _ _ _ _ _ _ _ _ _ _ _ _ _ _ _ _ _ _ _ _ _ _ _ _ _ _ _ _ _ \npom/pages/home_page.py:161: in check_menu_navigation\n    self.main_menu_button.should_be_visible()\npom/page_factory/component.py:41: in should_be_visible\n    element = self.get_element(**kwargs)\npom/page_factory/component.py:26: in get_element\n    return self._page.get_xpath(locator)\n_ _ _ _ _ _ _ _ _ _ _ _ _ _ _ _ _ _ _ _ _ _ _ _ _ _ _ _ _ _ _ _ _ _ _ _ _ _ _ _ \n\nself = <pom.models.page.Page object at 0x7f8cab2b3490>\nxpath = '//header/button', timeout = None\n\n    def get_xpath(self, xpath: str, timeout: int = None) -> Element:\n        \"\"\"\n        Finds the DOM element that match the XPATH selector.\n    \n        * If 'timeout=None' (default), use the default wait_time.\n        * If 'timeout > 0', override the default wait_time.\n        * If 'timeout=0', poll the DOM immediately without any waiting.\n        \"\"\"\n        logger.info(\n            \"Page.get_xpath() - Get the element with xpath: '%s'\", xpath\n        )\n        value = True\n        element = None\n        by = By.XPATH\n    \n        try:\n            if timeout == 0:\n                element = self.webdriver.find_element(by, xpath)\n            else:\n                element = self.wait(timeout).until(\n                    lambda x: x.find_element(by, xpath),\n                    f\"Could not find an element with xpath: '{xpath}'\"\n                )\n        except TimeoutException:\n            value = False\n    \n        if value:\n            return Element(self, element, locator=(by, xpath))\n>       raise AssertionError(\n            f\"Could not find an element with xpath: '{xpath}'\"\n        )\nE       AssertionError: Could not find an element with xpath: '//header/button'\n\npom/models/page.py:159: AssertionError","steps":[{"name":"Opening the url \"https://next.4zida.rs\"","time":{"start":1709464002413,"stop":1709464005205,"duration":2792},"status":"passed","steps":[],"attachments":[],"parameters":[],"shouldDisplayMessage":false,"stepsCount":0,"attachmentsCount":0,"hasContent":false},{"name":"Checking Menu navigation: \"'Novogradnja'\" > \"'Novogradnja u Nišu'\"","time":{"start":1709464005205,"stop":1709464008276,"duration":3071},"status":"failed","statusMessage":"AssertionError: Could not find an element with xpath: '//header/button'\n","statusTrace":"  File \"/usr/local/lib/python3.10/site-packages/allure_commons/_allure.py\", line 192, in impl\n    return func(*a, **kw)\n  File \"/code/pom/pages/home_page.py\", line 161, in check_menu_navigation\n    self.main_menu_button.should_be_visible()\n  File \"/code/pom/page_factory/component.py\", line 41, in should_be_visible\n    element = self.get_element(**kwargs)\n  File \"/code/pom/page_factory/component.py\", line 26, in get_element\n    return self._page.get_xpath(locator)\n  File \"/code/pom/models/page.py\", line 159, in get_xpath\n    raise AssertionError(\n","steps":[{"name":"Checking that button \"Main Menu Button\" is visible","time":{"start":1709464005205,"stop":1709464008276,"duration":3071},"status":"failed","statusMessage":"AssertionError: Could not find an element with xpath: '//header/button'\n","statusTrace":"  File \"/code/pom/page_factory/component.py\", line 41, in should_be_visible\n    element = self.get_element(**kwargs)\n  File \"/code/pom/page_factory/component.py\", line 26, in get_element\n    return self._page.get_xpath(locator)\n  File \"/code/pom/models/page.py\", line 159, in get_xpath\n    raise AssertionError(\n","steps":[{"name":"Getting button with the name \"Main Menu Button\" and the locator \"//header/button\"","time":{"start":1709464005205,"stop":1709464008276,"duration":3071},"status":"failed","statusMessage":"AssertionError: Could not find an element with xpath: '//header/button'\n","statusTrace":"  File \"/code/pom/page_factory/component.py\", line 26, in get_element\n    return self._page.get_xpath(locator)\n  File \"/code/pom/models/page.py\", line 159, in get_xpath\n    raise AssertionError(\n","steps":[],"attachments":[],"parameters":[],"shouldDisplayMessage":true,"stepsCount":0,"attachmentsCount":0,"hasContent":true}],"attachments":[],"parameters":[],"shouldDisplayMessage":false,"stepsCount":1,"attachmentsCount":0,"hasContent":true}],"attachments":[],"parameters":[{"name":"menu","value":"'Novogradnja'"},{"name":"sub_menu","value":"'Novogradnja u Nišu'"},{"name":"expected_url","value":"'https://next.4zida.rs/novogradnja/nis'"}],"shouldDisplayMessage":false,"stepsCount":2,"attachmentsCount":0,"hasContent":true}],"attachments":[{"uid":"f2a91cfeeae449db","name":"log","source":"f2a91cfeeae449db.txt","type":"text/plain","size":5075}],"parameters":[],"shouldDisplayMessage":true,"stepsCount":4,"attachmentsCount":1,"hasContent":true},"afterStages":[{"name":"page::0","time":{"start":1709464008292,"stop":1709464008412,"duration":120},"status":"passed","steps":[],"attachments":[{"uid":"c90decde30fa3b17","name":"test_navigation_menu_new[4]","source":"c90decde30fa3b17.png","type":"image/png","size":13823}],"parameters":[],"shouldDisplayMessage":false,"stepsCount":0,"attachmentsCount":1,"hasContent":true}],"labels":[{"name":"subSuite","value":"Menu Navigation: \"Novogradnja\""},{"name":"severity","value":"critical"},{"name":"as_id","value":"3"},{"name":"suite","value":"UI Functional Tests"},{"name":"tag","value":"order(2)"},{"name":"tag","value":"chrome_mobile"},{"name":"tag","value":"ui"},{"name":"parentSuite","value":"tests"},{"name":"host","value":"cbb2b3e45255"},{"name":"thread","value":"1-MainThread"},{"name":"framework","value":"pytest"},{"name":"language","value":"cpython3"},{"name":"package","value":"tests.test_ui_navigation_menu"},{"name":"resultFormat","value":"allure2"}],"parameters":[{"name":"expected_url","value":"'https://next.4zida.rs/novogradnja/nis'"},{"name":"index","value":"4"},{"name":"sub_menu","value":"'Novogradnja u Nišu'"}],"links":[],"hidden":false,"retry":false,"extra":{"severity":"critical","retries":[],"categories":[{"name":"Product defects","matchedStatuses":[],"flaky":false}],"history":{"statistic":{"failed":7,"broken":0,"skipped":0,"passed":0,"unknown":0,"total":7},"items":[{"uid":"12d8b8fe5e5265da","reportUrl":"https://valeryia-lukyanava.github.io/automated-testing-project-4zida/127//#testresult/12d8b8fe5e5265da","status":"failed","statusDetails":"AssertionError: Expected status code should be < 400. Actual status code: 404","time":{"start":1709455818044,"stop":1709455823023,"duration":4979}},{"uid":"60bc3d8d7286e3bd","reportUrl":"https://valeryia-lukyanava.github.io/automated-testing-project-4zida/126//#testresult/60bc3d8d7286e3bd","status":"failed","statusDetails":"AssertionError: Expected status code should be < 400. Actual status code: 404","time":{"start":1709446071035,"stop":1709446076653,"duration":5618}},{"uid":"7a098d033ed38b38","reportUrl":"https://valeryia-lukyanava.github.io/automated-testing-project-4zida/125//#testresult/7a098d033ed38b38","status":"failed","statusDetails":"AssertionError: Expected status code should be < 400. Actual status code: 404","time":{"start":1709391913625,"stop":1709391920129,"duration":6504}},{"uid":"7e23772468e6d5ff","reportUrl":"https://valeryia-lukyanava.github.io/automated-testing-project-4zida/124//#testresult/7e23772468e6d5ff","status":"failed","statusDetails":"AssertionError: Expected status code should be < 400. Actual status code: 404","time":{"start":1709390671179,"stop":1709390677141,"duration":5962}},{"uid":"4c80de8a667e3193","reportUrl":"https://valeryia-lukyanava.github.io/automated-testing-project-4zida/122//#testresult/4c80de8a667e3193","status":"failed","statusDetails":"AssertionError: Expected status code should be < 400. Actual status code: 404","time":{"start":1709365007473,"stop":1709365012399,"duration":4926}},{"uid":"5178bb531a7094e7","reportUrl":"https://valeryia-lukyanava.github.io/automated-testing-project-4zida/121//#testresult/5178bb531a7094e7","status":"failed","statusDetails":"AssertionError: Expected status code should be < 400. Actual status code: '404'","time":{"start":1709292643108,"stop":1709292649198,"duration":6090}}]},"tags":["order(2)","ui","chrome_mobile"]},"source":"cbdd97ee0bec270.json","parameterValues":["'https://next.4zida.rs/novogradnja/nis'","4","'Novogradnja u Nišu'"]}