{"uid":"c39db84123cad80d","name":"Check Login via email","fullName":"tests.test_ui_home_page.TestUIHomePage#test_login_via_email","historyId":"6deb8887f7f10485daba6076ac54870d","time":{"start":1709364555701,"stop":1709364563878,"duration":8177},"status":"failed","statusMessage":"AssertionError: Could not find an element with xpath: '//div[@role=\"dialog\"]'","statusTrace":"self = <test_ui_home_page.TestUIHomePage object at 0x7f4d984f6530>\nhome_page = <pom.pages.home_page.HomePage object at 0x7f4d984b54e0>\n\n    @allure.id('2')\n    @allure.title('Check Login via email')\n    def test_login_via_email(self, home_page: HomePage):\n        # Login via email is successful\n        home_page.visit()\n>       home_page.login_via_email()\n\ntests/test_ui_home_page.py:29: \n_ _ _ _ _ _ _ _ _ _ _ _ _ _ _ _ _ _ _ _ _ _ _ _ _ _ _ _ _ _ _ _ _ _ _ _ _ _ _ _ \npom/pages/home_page.py:169: in login_via_email\n    self.login_dialog.should_be_visible()\npom/page_factory/component.py:41: in should_be_visible\n    element = self.get_element(**kwargs)\npom/page_factory/component.py:26: in get_element\n    return self._page.get_xpath(locator)\n_ _ _ _ _ _ _ _ _ _ _ _ _ _ _ _ _ _ _ _ _ _ _ _ _ _ _ _ _ _ _ _ _ _ _ _ _ _ _ _ \n\nself = <pom.models.page.Page object at 0x7f4d984e4df0>\nxpath = '//div[@role=\"dialog\"]', timeout = None\n\n    def get_xpath(self, xpath: str, timeout: int = None) -> Element:\n        \"\"\"\n        Finds the DOM element that match the XPATH selector.\n    \n        * If 'timeout=None' (default), use the default wait_time.\n        * If 'timeout > 0', override the default wait_time.\n        * If 'timeout=0', poll the DOM immediately without any waiting.\n        \"\"\"\n        logger.info(\n            \"Page.get_xpath() - Get the element with xpath: '%s'\", xpath\n        )\n        value = True\n        element = None\n        by = By.XPATH\n    \n        try:\n            if timeout == 0:\n                element = self.webdriver.find_element(by, xpath)\n            else:\n                element = self.wait(timeout).until(\n                    lambda x: x.find_element(by, xpath),\n                    f\"Could not find an element with xpath: '{xpath}'\"\n                )\n        except TimeoutException:\n            value = False\n    \n        if value:\n            return Element(self, element, locator=(by, xpath))\n>       raise AssertionError(\n            f\"Could not find an element with xpath: '{xpath}'\"\n        )\nE       AssertionError: Could not find an element with xpath: '//div[@role=\"dialog\"]'\n\npom/models/page.py:158: AssertionError","flaky":false,"newFailed":false,"newBroken":false,"newPassed":false,"retriesCount":0,"retriesStatusChange":false,"beforeStages":[{"name":"ui_config","time":{"start":1709364531589,"stop":1709364531590,"duration":1},"status":"passed","steps":[],"attachments":[],"parameters":[],"shouldDisplayMessage":false,"stepsCount":0,"attachmentsCount":0,"hasContent":false},{"name":"page","time":{"start":1709364555303,"stop":1709364555700,"duration":397},"status":"passed","steps":[],"attachments":[],"parameters":[],"shouldDisplayMessage":false,"stepsCount":0,"attachmentsCount":0,"hasContent":false},{"name":"home_page","time":{"start":1709364555701,"stop":1709364555701,"duration":0},"status":"passed","steps":[],"attachments":[],"parameters":[],"shouldDisplayMessage":false,"stepsCount":0,"attachmentsCount":0,"hasContent":false}],"testStage":{"status":"failed","statusMessage":"AssertionError: Could not find an element with xpath: '//div[@role=\"dialog\"]'","statusTrace":"self = <test_ui_home_page.TestUIHomePage object at 0x7f4d984f6530>\nhome_page = <pom.pages.home_page.HomePage object at 0x7f4d984b54e0>\n\n    @allure.id('2')\n    @allure.title('Check Login via email')\n    def test_login_via_email(self, home_page: HomePage):\n        # Login via email is successful\n        home_page.visit()\n>       home_page.login_via_email()\n\ntests/test_ui_home_page.py:29: \n_ _ _ _ _ _ _ _ _ _ _ _ _ _ _ _ _ _ _ _ _ _ _ _ _ _ _ _ _ _ _ _ _ _ _ _ _ _ _ _ \npom/pages/home_page.py:169: in login_via_email\n    self.login_dialog.should_be_visible()\npom/page_factory/component.py:41: in should_be_visible\n    element = self.get_element(**kwargs)\npom/page_factory/component.py:26: in get_element\n    return self._page.get_xpath(locator)\n_ _ _ _ _ _ _ _ _ _ _ _ _ _ _ _ _ _ _ _ _ _ _ _ _ _ _ _ _ _ _ _ _ _ _ _ _ _ _ _ \n\nself = <pom.models.page.Page object at 0x7f4d984e4df0>\nxpath = '//div[@role=\"dialog\"]', timeout = None\n\n    def get_xpath(self, xpath: str, timeout: int = None) -> Element:\n        \"\"\"\n        Finds the DOM element that match the XPATH selector.\n    \n        * If 'timeout=None' (default), use the default wait_time.\n        * If 'timeout > 0', override the default wait_time.\n        * If 'timeout=0', poll the DOM immediately without any waiting.\n        \"\"\"\n        logger.info(\n            \"Page.get_xpath() - Get the element with xpath: '%s'\", xpath\n        )\n        value = True\n        element = None\n        by = By.XPATH\n    \n        try:\n            if timeout == 0:\n                element = self.webdriver.find_element(by, xpath)\n            else:\n                element = self.wait(timeout).until(\n                    lambda x: x.find_element(by, xpath),\n                    f\"Could not find an element with xpath: '{xpath}'\"\n                )\n        except TimeoutException:\n            value = False\n    \n        if value:\n            return Element(self, element, locator=(by, xpath))\n>       raise AssertionError(\n            f\"Could not find an element with xpath: '{xpath}'\"\n        )\nE       AssertionError: Could not find an element with xpath: '//div[@role=\"dialog\"]'\n\npom/models/page.py:158: AssertionError","steps":[{"name":"Opening the url \"https://next.4zida.rs\"","time":{"start":1709364555701,"stop":1709364558579,"duration":2878},"status":"passed","steps":[],"attachments":[],"parameters":[],"shouldDisplayMessage":false,"stepsCount":0,"attachmentsCount":0,"hasContent":false},{"name":"Login via email","time":{"start":1709364558579,"stop":1709364563878,"duration":5299},"status":"failed","statusMessage":"AssertionError: Could not find an element with xpath: '//div[@role=\"dialog\"]'\n","statusTrace":"  File \"/usr/local/lib/python3.10/site-packages/allure_commons/_allure.py\", line 192, in impl\n    return func(*a, **kw)\n  File \"/code/pom/pages/home_page.py\", line 169, in login_via_email\n    self.login_dialog.should_be_visible()\n  File \"/code/pom/page_factory/component.py\", line 41, in should_be_visible\n    element = self.get_element(**kwargs)\n  File \"/code/pom/page_factory/component.py\", line 26, in get_element\n    return self._page.get_xpath(locator)\n  File \"/code/pom/models/page.py\", line 158, in get_xpath\n    raise AssertionError(\n","steps":[{"name":"Clicking button with name \"Login Button\"","time":{"start":1709364558579,"stop":1709364558713,"duration":134},"status":"passed","steps":[{"name":"Getting button with the name \"Login Button\" and the locator \"//header/a[@href=\"?dialog=prijava\"]\"","time":{"start":1709364558579,"stop":1709364558609,"duration":30},"status":"passed","steps":[],"attachments":[],"parameters":[],"shouldDisplayMessage":false,"stepsCount":0,"attachmentsCount":0,"hasContent":false}],"attachments":[],"parameters":[],"shouldDisplayMessage":false,"stepsCount":1,"attachmentsCount":0,"hasContent":true},{"name":"Checking that component \"Login Button\" is visible","time":{"start":1709364558713,"stop":1709364563877,"duration":5164},"status":"failed","statusMessage":"AssertionError: Could not find an element with xpath: '//div[@role=\"dialog\"]'\n","statusTrace":"  File \"/code/pom/page_factory/component.py\", line 41, in should_be_visible\n    element = self.get_element(**kwargs)\n  File \"/code/pom/page_factory/component.py\", line 26, in get_element\n    return self._page.get_xpath(locator)\n  File \"/code/pom/models/page.py\", line 158, in get_xpath\n    raise AssertionError(\n","steps":[{"name":"Getting component with the name \"Login Button\" and the locator \"//div[@role=\"dialog\"]\"","time":{"start":1709364558714,"stop":1709364563877,"duration":5163},"status":"failed","statusMessage":"AssertionError: Could not find an element with xpath: '//div[@role=\"dialog\"]'\n","statusTrace":"  File \"/code/pom/page_factory/component.py\", line 26, in get_element\n    return self._page.get_xpath(locator)\n  File \"/code/pom/models/page.py\", line 158, in get_xpath\n    raise AssertionError(\n","steps":[],"attachments":[],"parameters":[],"shouldDisplayMessage":true,"stepsCount":0,"attachmentsCount":0,"hasContent":true}],"attachments":[],"parameters":[],"shouldDisplayMessage":false,"stepsCount":1,"attachmentsCount":0,"hasContent":true}],"attachments":[],"parameters":[],"shouldDisplayMessage":false,"stepsCount":4,"attachmentsCount":0,"hasContent":true}],"attachments":[{"uid":"cb8c782b4b897cba","name":"log","source":"cb8c782b4b897cba.txt","type":"text/plain","size":1420}],"parameters":[],"shouldDisplayMessage":true,"stepsCount":6,"attachmentsCount":1,"hasContent":true},"afterStages":[{"name":"page::0","time":{"start":1709364563907,"stop":1709364564050,"duration":143},"status":"passed","steps":[],"attachments":[{"uid":"fb57eb644990c39e","name":"test_login_via_email","source":"fb57eb644990c39e.png","type":"image/png","size":150427}],"parameters":[],"shouldDisplayMessage":false,"stepsCount":0,"attachmentsCount":1,"hasContent":true}],"labels":[{"name":"severity","value":"critical"},{"name":"suite","value":"UI Functional Tests"},{"name":"as_id","value":"2"},{"name":"tag","value":"ui"},{"name":"parentSuite","value":"tests"},{"name":"subSuite","value":"TestUIHomePage"},{"name":"host","value":"17d8a7cf8c6d"},{"name":"thread","value":"1-MainThread"},{"name":"framework","value":"pytest"},{"name":"language","value":"cpython3"},{"name":"package","value":"tests.test_ui_home_page"},{"name":"resultFormat","value":"allure2"}],"parameters":[],"links":[],"hidden":false,"retry":false,"extra":{"severity":"critical","retries":[],"categories":[{"name":"Product defects","matchedStatuses":[],"flaky":false}],"tags":["ui"]},"source":"c39db84123cad80d.json","parameterValues":[]}