{"uid":"7eb48444c35ca78b","name":"Check Login via Email","fullName":"tests.test_ui_home_page.TestUIHomePage#test_login_via_email","historyId":"6deb8887f7f10485daba6076ac54870d","time":{"start":1709826742343,"stop":1709826751143,"duration":8800},"status":"failed","statusMessage":"AssertionError: Could not find an element with xpath: '//input[@name=\"email\"]'","statusTrace":"self = <test_ui_home_page.TestUIHomePage object at 0x7f0079080a90>\nhome_page = <pom.pages.home_page.HomePage object at 0x7f0078eb3580>\ncredentials_config = QACredentials(qa_email='', qa_password='')\n\n    @allure.id('2')\n    @allure.title('Check Login via Email')\n    def test_login_via_email(self, home_page: HomePage, credentials_config: QACredentials):\n        # TODO: not completed\n        home_page.visit()\n>       home_page.login_via_email(credentials_config.qa_email, credentials_config.qa_password)\n\ntests/test_ui_home_page.py:37: \n_ _ _ _ _ _ _ _ _ _ _ _ _ _ _ _ _ _ _ _ _ _ _ _ _ _ _ _ _ _ _ _ _ _ _ _ _ _ _ _ \npom/pages/home_page.py:201: in login_via_email\n    self.login_email_input.should_be_visible()\npom/page_factory/component.py:41: in should_be_visible\n    element = self.get_element(**kwargs)\npom/page_factory/component.py:26: in get_element\n    return self._page.get_xpath(locator)\n_ _ _ _ _ _ _ _ _ _ _ _ _ _ _ _ _ _ _ _ _ _ _ _ _ _ _ _ _ _ _ _ _ _ _ _ _ _ _ _ \n\nself = <pom.models.page.Page object at 0x7f0078eb2c80>\nxpath = '//input[@name=\"email\"]', timeout = None\n\n    def get_xpath(self, xpath: str, timeout: int = None) -> Element:\n        \"\"\"\n        Finds the DOM element that match the XPATH selector.\n    \n        * If 'timeout=None' (default), use the default wait_time.\n        * If 'timeout > 0', override the default wait_time.\n        * If 'timeout=0', poll the DOM immediately without any waiting.\n        \"\"\"\n        logger.info(\n            \"Page.get_xpath() - Get the element with xpath: '%s'\", xpath\n        )\n        value = True\n        element = None\n        by = By.XPATH\n    \n        try:\n            if timeout == 0:\n                element = self.webdriver.find_element(by, xpath)\n            else:\n                element = self.wait(timeout).until(\n                    lambda x: x.find_element(by, xpath),\n                    f\"Could not find an element with xpath: '{xpath}'\"\n                )\n        except TimeoutException:\n            value = False\n    \n        if value:\n            return Element(self, element, locator=(by, xpath))\n>       raise AssertionError(\n            f\"Could not find an element with xpath: '{xpath}'\"\n        )\nE       AssertionError: Could not find an element with xpath: '//input[@name=\"email\"]'\n\npom/models/page.py:169: AssertionError","flaky":false,"newFailed":false,"newBroken":false,"newPassed":false,"retriesCount":0,"retriesStatusChange":false,"beforeStages":[{"name":"ui_config","time":{"start":1709826709011,"stop":1709826709013,"duration":2},"status":"passed","steps":[],"attachments":[],"parameters":[],"shouldDisplayMessage":false,"stepsCount":0,"attachmentsCount":0,"hasContent":false},{"name":"credentials_config","time":{"start":1709826741924,"stop":1709826741925,"duration":1},"status":"passed","steps":[],"attachments":[],"parameters":[],"shouldDisplayMessage":false,"stepsCount":0,"attachmentsCount":0,"hasContent":false},{"name":"page","time":{"start":1709826741925,"stop":1709826742343,"duration":418},"status":"passed","steps":[],"attachments":[],"parameters":[],"shouldDisplayMessage":false,"stepsCount":0,"attachmentsCount":0,"hasContent":false},{"name":"home_page","time":{"start":1709826742343,"stop":1709826742343,"duration":0},"status":"passed","steps":[],"attachments":[],"parameters":[],"shouldDisplayMessage":false,"stepsCount":0,"attachmentsCount":0,"hasContent":false}],"testStage":{"status":"failed","statusMessage":"AssertionError: Could not find an element with xpath: '//input[@name=\"email\"]'","statusTrace":"self = <test_ui_home_page.TestUIHomePage object at 0x7f0079080a90>\nhome_page = <pom.pages.home_page.HomePage object at 0x7f0078eb3580>\ncredentials_config = QACredentials(qa_email='', qa_password='')\n\n    @allure.id('2')\n    @allure.title('Check Login via Email')\n    def test_login_via_email(self, home_page: HomePage, credentials_config: QACredentials):\n        # TODO: not completed\n        home_page.visit()\n>       home_page.login_via_email(credentials_config.qa_email, credentials_config.qa_password)\n\ntests/test_ui_home_page.py:37: \n_ _ _ _ _ _ _ _ _ _ _ _ _ _ _ _ _ _ _ _ _ _ _ _ _ _ _ _ _ _ _ _ _ _ _ _ _ _ _ _ \npom/pages/home_page.py:201: in login_via_email\n    self.login_email_input.should_be_visible()\npom/page_factory/component.py:41: in should_be_visible\n    element = self.get_element(**kwargs)\npom/page_factory/component.py:26: in get_element\n    return self._page.get_xpath(locator)\n_ _ _ _ _ _ _ _ _ _ _ _ _ _ _ _ _ _ _ _ _ _ _ _ _ _ _ _ _ _ _ _ _ _ _ _ _ _ _ _ \n\nself = <pom.models.page.Page object at 0x7f0078eb2c80>\nxpath = '//input[@name=\"email\"]', timeout = None\n\n    def get_xpath(self, xpath: str, timeout: int = None) -> Element:\n        \"\"\"\n        Finds the DOM element that match the XPATH selector.\n    \n        * If 'timeout=None' (default), use the default wait_time.\n        * If 'timeout > 0', override the default wait_time.\n        * If 'timeout=0', poll the DOM immediately without any waiting.\n        \"\"\"\n        logger.info(\n            \"Page.get_xpath() - Get the element with xpath: '%s'\", xpath\n        )\n        value = True\n        element = None\n        by = By.XPATH\n    \n        try:\n            if timeout == 0:\n                element = self.webdriver.find_element(by, xpath)\n            else:\n                element = self.wait(timeout).until(\n                    lambda x: x.find_element(by, xpath),\n                    f\"Could not find an element with xpath: '{xpath}'\"\n                )\n        except TimeoutException:\n            value = False\n    \n        if value:\n            return Element(self, element, locator=(by, xpath))\n>       raise AssertionError(\n            f\"Could not find an element with xpath: '{xpath}'\"\n        )\nE       AssertionError: Could not find an element with xpath: '//input[@name=\"email\"]'\n\npom/models/page.py:169: AssertionError","steps":[{"name":"Opening the url \"https://next.4zida.rs\"","time":{"start":1709826742344,"stop":1709826745077,"duration":2733},"status":"passed","steps":[],"attachments":[],"parameters":[],"shouldDisplayMessage":false,"stepsCount":0,"attachmentsCount":0,"hasContent":false},{"name":"Login via Email","time":{"start":1709826745077,"stop":1709826751143,"duration":6066},"status":"failed","statusMessage":"AssertionError: Could not find an element with xpath: '//input[@name=\"email\"]'\n","statusTrace":"  File \"/usr/local/lib/python3.10/site-packages/allure_commons/_allure.py\", line 192, in impl\n    return func(*a, **kw)\n  File \"/code/pom/pages/home_page.py\", line 201, in login_via_email\n    self.login_email_input.should_be_visible()\n  File \"/code/pom/page_factory/component.py\", line 41, in should_be_visible\n    element = self.get_element(**kwargs)\n  File \"/code/pom/page_factory/component.py\", line 26, in get_element\n    return self._page.get_xpath(locator)\n  File \"/code/pom/models/page.py\", line 169, in get_xpath\n    raise AssertionError(\n","steps":[{"name":"Clicking button with name \"Login Button\"","time":{"start":1709826745077,"stop":1709826745252,"duration":175},"status":"passed","steps":[{"name":"Getting button with the name \"Login Button\" and the locator \"//header/a[@href=\"?modal=prijava\"]\"","time":{"start":1709826745077,"stop":1709826745088,"duration":11},"status":"passed","steps":[],"attachments":[],"parameters":[],"shouldDisplayMessage":false,"stepsCount":0,"attachmentsCount":0,"hasContent":false}],"attachments":[],"parameters":[],"shouldDisplayMessage":false,"stepsCount":1,"attachmentsCount":0,"hasContent":true},{"name":"Checking that component \"Login Dialog\" is visible","time":{"start":1709826745252,"stop":1709826745805,"duration":553},"status":"passed","steps":[{"name":"Getting component with the name \"Login Dialog\" and the locator \"//div[@role=\"dialog\"]\"","time":{"start":1709826745252,"stop":1709826745781,"duration":529},"status":"passed","steps":[],"attachments":[],"parameters":[],"shouldDisplayMessage":false,"stepsCount":0,"attachmentsCount":0,"hasContent":false}],"attachments":[],"parameters":[],"shouldDisplayMessage":false,"stepsCount":1,"attachmentsCount":0,"hasContent":true},{"name":"Checking that button \"Button 'Nastavi sa email adresom'\" is visible","time":{"start":1709826745805,"stop":1709826745839,"duration":34},"status":"passed","steps":[{"name":"Getting button with the name \"Button 'Nastavi sa email adresom'\" and the locator \"//div[contains(@id, \"login\")]/button\"","time":{"start":1709826745805,"stop":1709826745817,"duration":12},"status":"passed","steps":[],"attachments":[],"parameters":[],"shouldDisplayMessage":false,"stepsCount":0,"attachmentsCount":0,"hasContent":false}],"attachments":[],"parameters":[],"shouldDisplayMessage":false,"stepsCount":1,"attachmentsCount":0,"hasContent":true},{"name":"Clicking button with name \"Button 'Nastavi sa email adresom'\"","time":{"start":1709826745839,"stop":1709826745984,"duration":145},"status":"passed","steps":[{"name":"Getting button with the name \"Button 'Nastavi sa email adresom'\" and the locator \"//div[contains(@id, \"login\")]/button\"","time":{"start":1709826745839,"stop":1709826745850,"duration":11},"status":"passed","steps":[],"attachments":[],"parameters":[],"shouldDisplayMessage":false,"stepsCount":0,"attachmentsCount":0,"hasContent":false}],"attachments":[],"parameters":[],"shouldDisplayMessage":false,"stepsCount":1,"attachmentsCount":0,"hasContent":true},{"name":"Checking that input \"Input 'Email'\" is visible","time":{"start":1709826745984,"stop":1709826751143,"duration":5159},"status":"failed","statusMessage":"AssertionError: Could not find an element with xpath: '//input[@name=\"email\"]'\n","statusTrace":"  File \"/code/pom/page_factory/component.py\", line 41, in should_be_visible\n    element = self.get_element(**kwargs)\n  File \"/code/pom/page_factory/component.py\", line 26, in get_element\n    return self._page.get_xpath(locator)\n  File \"/code/pom/models/page.py\", line 169, in get_xpath\n    raise AssertionError(\n","steps":[{"name":"Getting input with the name \"Input 'Email'\" and the locator \"//input[@name=\"email\"]\"","time":{"start":1709826745984,"stop":1709826751142,"duration":5158},"status":"failed","statusMessage":"AssertionError: Could not find an element with xpath: '//input[@name=\"email\"]'\n","statusTrace":"  File \"/code/pom/page_factory/component.py\", line 26, in get_element\n    return self._page.get_xpath(locator)\n  File \"/code/pom/models/page.py\", line 169, in get_xpath\n    raise AssertionError(\n","steps":[],"attachments":[],"parameters":[],"shouldDisplayMessage":true,"stepsCount":0,"attachmentsCount":0,"hasContent":true}],"attachments":[],"parameters":[],"shouldDisplayMessage":false,"stepsCount":1,"attachmentsCount":0,"hasContent":true}],"attachments":[],"parameters":[{"name":"login","value":"''"},{"name":"password","value":"''"}],"shouldDisplayMessage":false,"stepsCount":10,"attachmentsCount":0,"hasContent":true}],"attachments":[{"uid":"506447e0226beb60","name":"log","source":"506447e0226beb60.txt","type":"text/plain","size":20558}],"parameters":[],"shouldDisplayMessage":true,"stepsCount":12,"attachmentsCount":1,"hasContent":true},"afterStages":[{"name":"page::0","time":{"start":1709826751231,"stop":1709826751354,"duration":123},"status":"passed","steps":[],"attachments":[{"uid":"44df089d05eaef32","name":"test_login_via_email","source":"44df089d05eaef32.png","type":"image/png","size":58671}],"parameters":[],"shouldDisplayMessage":false,"stepsCount":0,"attachmentsCount":1,"hasContent":true}],"labels":[{"name":"as_id","value":"2"},{"name":"suite","value":"UI Functional Tests"},{"name":"severity","value":"critical"},{"name":"tag","value":"order(1)"},{"name":"tag","value":"chrome_mobile"},{"name":"tag","value":"ui"},{"name":"parentSuite","value":"tests"},{"name":"subSuite","value":"TestUIHomePage"},{"name":"host","value":"fb57745ca117"},{"name":"thread","value":"1-MainThread"},{"name":"framework","value":"pytest"},{"name":"language","value":"cpython3"},{"name":"package","value":"tests.test_ui_home_page"},{"name":"resultFormat","value":"allure2"}],"parameters":[],"links":[],"hidden":true,"retry":true,"extra":{"categories":[],"tags":["order(1)","ui","chrome_mobile"]},"source":"7eb48444c35ca78b.json","parameterValues":[]}