{"uid":"8f6bfc7881a11ad7","name":"Check Search Form: Subcategories dropdown","fullName":"tests.test_ui_home_page.TestUIHomePage#test_check_search_form_subcategory_dropdown","historyId":"622049784aee9fd1e1b8f34138669fd3","time":{"start":1709826782316,"stop":1709826790965,"duration":8649},"status":"failed","statusMessage":"AssertionError: Could not find an element with xpath: '//div[@test-data=\"search-form\"]//ul'","statusTrace":"self = <test_ui_home_page.TestUIHomePage object at 0x7f00790838b0>\nhome_page = <pom.pages.home_page.HomePage object at 0x7f0078fb7670>\ncategory = 'Kuće'\nsubcategory = {'Etaž': ('1-etažna kuća', '2-etažna kuća', '3-etažna kuća', '4-etažna kuća', '5-etažna kuća', '5-etažna kuća')}\n\n    @allure.id('5')\n    @allure.title('Check Search Form: Subcategories dropdown')\n    @pytest.mark.parametrize(\"category, subcategory\", [\n        (DropdownTypes.APARTMENT, DropdownSubtypes.NUMBER_OF_ROOMS),\n        (DropdownTypes.HOUSE, DropdownSubtypes.FLOORS),\n        (DropdownTypes.OFFICE, DropdownSubtypes.PLACE_TYPE),\n        (DropdownTypes.LOT, DropdownSubtypes.LAND_TYPE),\n        (DropdownTypes.VEHICLESPOT, DropdownSubtypes.GARAGE_PARKING_TYPE)\n    ])\n    def test_check_search_form_subcategory_dropdown(self, home_page: HomePage, category: str, subcategory: dict):\n        home_page.visit()\n        home_page.check_search_form_is_visible()\n        home_page.search_form.select_type(category)\n>       home_page.search_form.check_combobox_subtype(category,\n                                                     list(subcategory.keys())[0],\n                                                     list(subcategory.values())[0])\n\ntests/test_ui_home_page.py:66: \n_ _ _ _ _ _ _ _ _ _ _ _ _ _ _ _ _ _ _ _ _ _ _ _ _ _ _ _ _ _ _ _ _ _ _ _ _ _ _ _ \npom/pages/forms/search_form.py:183: in check_combobox_subtype\n    self.combobox_subtype_select.should_be_visible()\npom/page_factory/component.py:41: in should_be_visible\n    element = self.get_element(**kwargs)\npom/page_factory/component.py:26: in get_element\n    return self._page.get_xpath(locator)\n_ _ _ _ _ _ _ _ _ _ _ _ _ _ _ _ _ _ _ _ _ _ _ _ _ _ _ _ _ _ _ _ _ _ _ _ _ _ _ _ \n\nself = <pom.models.page.Page object at 0x7f0078fb59c0>\nxpath = '//div[@test-data=\"search-form\"]//ul', timeout = None\n\n    def get_xpath(self, xpath: str, timeout: int = None) -> Element:\n        \"\"\"\n        Finds the DOM element that match the XPATH selector.\n    \n        * If 'timeout=None' (default), use the default wait_time.\n        * If 'timeout > 0', override the default wait_time.\n        * If 'timeout=0', poll the DOM immediately without any waiting.\n        \"\"\"\n        logger.info(\n            \"Page.get_xpath() - Get the element with xpath: '%s'\", xpath\n        )\n        value = True\n        element = None\n        by = By.XPATH\n    \n        try:\n            if timeout == 0:\n                element = self.webdriver.find_element(by, xpath)\n            else:\n                element = self.wait(timeout).until(\n                    lambda x: x.find_element(by, xpath),\n                    f\"Could not find an element with xpath: '{xpath}'\"\n                )\n        except TimeoutException:\n            value = False\n    \n        if value:\n            return Element(self, element, locator=(by, xpath))\n>       raise AssertionError(\n            f\"Could not find an element with xpath: '{xpath}'\"\n        )\nE       AssertionError: Could not find an element with xpath: '//div[@test-data=\"search-form\"]//ul'\n\npom/models/page.py:169: AssertionError","flaky":false,"newFailed":false,"newBroken":false,"newPassed":false,"retriesCount":1,"retriesStatusChange":false,"beforeStages":[{"name":"ui_config","time":{"start":1709826709011,"stop":1709826709013,"duration":2},"status":"passed","steps":[],"attachments":[],"parameters":[],"shouldDisplayMessage":false,"stepsCount":0,"attachmentsCount":0,"hasContent":false},{"name":"page","time":{"start":1709826781909,"stop":1709826782315,"duration":406},"status":"passed","steps":[],"attachments":[],"parameters":[],"shouldDisplayMessage":false,"stepsCount":0,"attachmentsCount":0,"hasContent":false},{"name":"home_page","time":{"start":1709826782315,"stop":1709826782315,"duration":0},"status":"passed","steps":[],"attachments":[],"parameters":[],"shouldDisplayMessage":false,"stepsCount":0,"attachmentsCount":0,"hasContent":false}],"testStage":{"status":"failed","statusMessage":"AssertionError: Could not find an element with xpath: '//div[@test-data=\"search-form\"]//ul'","statusTrace":"self = <test_ui_home_page.TestUIHomePage object at 0x7f00790838b0>\nhome_page = <pom.pages.home_page.HomePage object at 0x7f0078fb7670>\ncategory = 'Kuće'\nsubcategory = {'Etaž': ('1-etažna kuća', '2-etažna kuća', '3-etažna kuća', '4-etažna kuća', '5-etažna kuća', '5-etažna kuća')}\n\n    @allure.id('5')\n    @allure.title('Check Search Form: Subcategories dropdown')\n    @pytest.mark.parametrize(\"category, subcategory\", [\n        (DropdownTypes.APARTMENT, DropdownSubtypes.NUMBER_OF_ROOMS),\n        (DropdownTypes.HOUSE, DropdownSubtypes.FLOORS),\n        (DropdownTypes.OFFICE, DropdownSubtypes.PLACE_TYPE),\n        (DropdownTypes.LOT, DropdownSubtypes.LAND_TYPE),\n        (DropdownTypes.VEHICLESPOT, DropdownSubtypes.GARAGE_PARKING_TYPE)\n    ])\n    def test_check_search_form_subcategory_dropdown(self, home_page: HomePage, category: str, subcategory: dict):\n        home_page.visit()\n        home_page.check_search_form_is_visible()\n        home_page.search_form.select_type(category)\n>       home_page.search_form.check_combobox_subtype(category,\n                                                     list(subcategory.keys())[0],\n                                                     list(subcategory.values())[0])\n\ntests/test_ui_home_page.py:66: \n_ _ _ _ _ _ _ _ _ _ _ _ _ _ _ _ _ _ _ _ _ _ _ _ _ _ _ _ _ _ _ _ _ _ _ _ _ _ _ _ \npom/pages/forms/search_form.py:183: in check_combobox_subtype\n    self.combobox_subtype_select.should_be_visible()\npom/page_factory/component.py:41: in should_be_visible\n    element = self.get_element(**kwargs)\npom/page_factory/component.py:26: in get_element\n    return self._page.get_xpath(locator)\n_ _ _ _ _ _ _ _ _ _ _ _ _ _ _ _ _ _ _ _ _ _ _ _ _ _ _ _ _ _ _ _ _ _ _ _ _ _ _ _ \n\nself = <pom.models.page.Page object at 0x7f0078fb59c0>\nxpath = '//div[@test-data=\"search-form\"]//ul', timeout = None\n\n    def get_xpath(self, xpath: str, timeout: int = None) -> Element:\n        \"\"\"\n        Finds the DOM element that match the XPATH selector.\n    \n        * If 'timeout=None' (default), use the default wait_time.\n        * If 'timeout > 0', override the default wait_time.\n        * If 'timeout=0', poll the DOM immediately without any waiting.\n        \"\"\"\n        logger.info(\n            \"Page.get_xpath() - Get the element with xpath: '%s'\", xpath\n        )\n        value = True\n        element = None\n        by = By.XPATH\n    \n        try:\n            if timeout == 0:\n                element = self.webdriver.find_element(by, xpath)\n            else:\n                element = self.wait(timeout).until(\n                    lambda x: x.find_element(by, xpath),\n                    f\"Could not find an element with xpath: '{xpath}'\"\n                )\n        except TimeoutException:\n            value = False\n    \n        if value:\n            return Element(self, element, locator=(by, xpath))\n>       raise AssertionError(\n            f\"Could not find an element with xpath: '{xpath}'\"\n        )\nE       AssertionError: Could not find an element with xpath: '//div[@test-data=\"search-form\"]//ul'\n\npom/models/page.py:169: AssertionError","steps":[{"name":"Opening the url \"https://next.4zida.rs\"","time":{"start":1709826782316,"stop":1709826785386,"duration":3070},"status":"passed","steps":[],"attachments":[],"parameters":[],"shouldDisplayMessage":false,"stepsCount":0,"attachmentsCount":0,"hasContent":false},{"name":"Checking that Search form is visible","time":{"start":1709826785386,"stop":1709826785420,"duration":34},"status":"passed","steps":[{"name":"Checking that form \"Search Form\" is visible","time":{"start":1709826785386,"stop":1709826785420,"duration":34},"status":"passed","steps":[{"name":"Getting form with the name \"Search Form\" and the locator \"//div[@test-data=\"search-form\"]\"","time":{"start":1709826785386,"stop":1709826785398,"duration":12},"status":"passed","steps":[],"attachments":[],"parameters":[],"shouldDisplayMessage":false,"stepsCount":0,"attachmentsCount":0,"hasContent":false}],"attachments":[],"parameters":[],"shouldDisplayMessage":false,"stepsCount":1,"attachmentsCount":0,"hasContent":true}],"attachments":[],"parameters":[],"shouldDisplayMessage":false,"stepsCount":2,"attachmentsCount":0,"hasContent":true},{"name":"Select option \"'Kuće'\" in dropdown \"Tip\"","time":{"start":1709826785420,"stop":1709826785786,"duration":366},"status":"passed","steps":[{"name":"Clicking select with name \"Search Form Dropdown 'Tip'\"","time":{"start":1709826785420,"stop":1709826785612,"duration":192},"status":"passed","steps":[{"name":"Getting select with the name \"Search Form Dropdown 'Tip'\" and the locator \"//div[@test-data=\"search-form\"]//button[@role=\"combobox\"]\"","time":{"start":1709826785420,"stop":1709826785435,"duration":15},"status":"passed","steps":[],"attachments":[],"parameters":[],"shouldDisplayMessage":false,"stepsCount":0,"attachmentsCount":0,"hasContent":false}],"attachments":[],"parameters":[],"shouldDisplayMessage":false,"stepsCount":1,"attachmentsCount":0,"hasContent":true},{"name":"Clicking button with name \"Search Form Dropdown Option 'Kuće'\"","time":{"start":1709826785612,"stop":1709826785756,"duration":144},"status":"passed","steps":[{"name":"Getting button with the name \"Search Form Dropdown Option 'Kuće'\" and the locator \"//div[@data-radix-popper-content-wrapper]//span[text()=\"Kuće\"]\"","time":{"start":1709826785612,"stop":1709826785627,"duration":15},"status":"passed","steps":[],"attachments":[],"parameters":[],"shouldDisplayMessage":false,"stepsCount":0,"attachmentsCount":0,"hasContent":false}],"attachments":[],"parameters":[],"shouldDisplayMessage":false,"stepsCount":1,"attachmentsCount":0,"hasContent":true},{"name":"Checking that option has an attribute \"selected\"","time":{"start":1709826785756,"stop":1709826785786,"duration":30},"status":"passed","steps":[{"name":"Getting option with the name \"Search Form Select Option 'Kuće'\" and the locator \"//div[@test-data=\"search-form\"]//option[@value=\"house\"]\"","time":{"start":1709826785756,"stop":1709826785771,"duration":15},"status":"passed","steps":[],"attachments":[],"parameters":[],"shouldDisplayMessage":false,"stepsCount":0,"attachmentsCount":0,"hasContent":false}],"attachments":[],"parameters":[],"shouldDisplayMessage":false,"stepsCount":1,"attachmentsCount":0,"hasContent":true}],"attachments":[],"parameters":[{"name":"value","value":"'Kuće'"}],"shouldDisplayMessage":false,"stepsCount":6,"attachmentsCount":0,"hasContent":true},{"name":"Check Combobox Subcategory for \"Tip\" = \"'Kuće'\"","time":{"start":1709826785786,"stop":1709826790965,"duration":5179},"status":"failed","statusMessage":"AssertionError: Could not find an element with xpath: '//div[@test-data=\"search-form\"]//ul'\n","statusTrace":"  File \"/usr/local/lib/python3.10/site-packages/allure_commons/_allure.py\", line 192, in impl\n    return func(*a, **kw)\n  File \"/code/pom/pages/forms/search_form.py\", line 183, in check_combobox_subtype\n    self.combobox_subtype_select.should_be_visible()\n  File \"/code/pom/page_factory/component.py\", line 41, in should_be_visible\n    element = self.get_element(**kwargs)\n  File \"/code/pom/page_factory/component.py\", line 26, in get_element\n    return self._page.get_xpath(locator)\n  File \"/code/pom/models/page.py\", line 169, in get_xpath\n    raise AssertionError(\n","steps":[{"name":"Checking that text \"Search Form Combobox Subcategory Title\" is visible","time":{"start":1709826785786,"stop":1709826785812,"duration":26},"status":"passed","steps":[{"name":"Getting text with the name \"Search Form Combobox Subcategory Title\" and the locator \"//div[@test-data=\"search-form\"]//div[3]//button/span[2]\"","time":{"start":1709826785786,"stop":1709826785796,"duration":10},"status":"passed","steps":[],"attachments":[],"parameters":[],"shouldDisplayMessage":false,"stepsCount":0,"attachmentsCount":0,"hasContent":false}],"attachments":[],"parameters":[],"shouldDisplayMessage":false,"stepsCount":1,"attachmentsCount":0,"hasContent":true},{"name":"Checking that text \"Search Form Combobox Subcategory Title\" has a text \"Etaž\"","time":{"start":1709826785812,"stop":1709826785826,"duration":14},"status":"passed","steps":[{"name":"Getting text with the name \"Search Form Combobox Subcategory Title\" and the locator \"//div[@test-data=\"search-form\"]//div[3]//button/span[2]\"","time":{"start":1709826785812,"stop":1709826785819,"duration":7},"status":"passed","steps":[],"attachments":[],"parameters":[],"shouldDisplayMessage":false,"stepsCount":0,"attachmentsCount":0,"hasContent":false}],"attachments":[],"parameters":[],"shouldDisplayMessage":false,"stepsCount":1,"attachmentsCount":0,"hasContent":true},{"name":"Checking that select \"Search Form Combobox Subcategory Select\" is visible","time":{"start":1709826785826,"stop":1709826790965,"duration":5139},"status":"failed","statusMessage":"AssertionError: Could not find an element with xpath: '//div[@test-data=\"search-form\"]//ul'\n","statusTrace":"  File \"/code/pom/page_factory/component.py\", line 41, in should_be_visible\n    element = self.get_element(**kwargs)\n  File \"/code/pom/page_factory/component.py\", line 26, in get_element\n    return self._page.get_xpath(locator)\n  File \"/code/pom/models/page.py\", line 169, in get_xpath\n    raise AssertionError(\n","steps":[{"name":"Getting select with the name \"Search Form Combobox Subcategory Select\" and the locator \"//div[@test-data=\"search-form\"]//ul\"","time":{"start":1709826785826,"stop":1709826790964,"duration":5138},"status":"failed","statusMessage":"AssertionError: Could not find an element with xpath: '//div[@test-data=\"search-form\"]//ul'\n","statusTrace":"  File \"/code/pom/page_factory/component.py\", line 26, in get_element\n    return self._page.get_xpath(locator)\n  File \"/code/pom/models/page.py\", line 169, in get_xpath\n    raise AssertionError(\n","steps":[],"attachments":[],"parameters":[],"shouldDisplayMessage":true,"stepsCount":0,"attachmentsCount":0,"hasContent":true}],"attachments":[],"parameters":[],"shouldDisplayMessage":false,"stepsCount":1,"attachmentsCount":0,"hasContent":true}],"attachments":[],"parameters":[{"name":"type_value","value":"'Kuće'"},{"name":"subtype","value":"'Etaž'"},{"name":"subtype_values","value":"('1-etažna kuća', '2-etažna kuća', '3-etažna kuća', '4-etažna kuća', '5-etažna kuća', '5-etažna kuća')"}],"shouldDisplayMessage":false,"stepsCount":6,"attachmentsCount":0,"hasContent":true}],"attachments":[{"uid":"92afb18a2d8a1c4b","name":"log","source":"92afb18a2d8a1c4b.txt","type":"text/plain","size":8791}],"parameters":[],"shouldDisplayMessage":true,"stepsCount":18,"attachmentsCount":1,"hasContent":true},"afterStages":[{"name":"page::0","time":{"start":1709826790981,"stop":1709826791137,"duration":156},"status":"passed","steps":[],"attachments":[{"uid":"f5a80f5294bc137b","name":"test_check_search_form_subcategory_dropdown[Ku\\u0107e]","source":"f5a80f5294bc137b.png","type":"image/png","size":163452}],"parameters":[],"shouldDisplayMessage":false,"stepsCount":0,"attachmentsCount":1,"hasContent":true}],"labels":[{"name":"as_id","value":"5"},{"name":"suite","value":"UI Functional Tests"},{"name":"severity","value":"critical"},{"name":"tag","value":"order(1)"},{"name":"tag","value":"chrome_mobile"},{"name":"tag","value":"ui"},{"name":"parentSuite","value":"tests"},{"name":"subSuite","value":"TestUIHomePage"},{"name":"host","value":"fb57745ca117"},{"name":"thread","value":"1-MainThread"},{"name":"framework","value":"pytest"},{"name":"language","value":"cpython3"},{"name":"package","value":"tests.test_ui_home_page"},{"name":"resultFormat","value":"allure2"}],"parameters":[{"name":"category","value":"'Kuće'"},{"name":"subcategory","value":"{'Etaž': ('1-etažna kuća', '2-etažna kuća', '3-etažna kuća', '4-etažna kuća', '5-etažna kuća', '5-etažna kuća')}"}],"links":[],"hidden":false,"retry":false,"extra":{"severity":"critical","retries":[{"uid":"b7fac78f1e9ff98","status":"failed","statusDetails":"AssertionError: Could not find an element with xpath: '//div[@test-data=\"search-form\"]//ul'","time":{"start":1709826771453,"stop":1709826781745,"duration":10292}}],"categories":[{"name":"Product defects","matchedStatuses":[],"flaky":false}],"history":{"statistic":{"failed":4,"broken":0,"skipped":0,"passed":0,"unknown":0,"total":4},"items":[{"uid":"ff94f7b639b8a338","reportUrl":"https://valeryia-lukyanava.github.io/automated-testing-project-4zida/138//#testresult/ff94f7b639b8a338","status":"failed","statusDetails":"AssertionError: Could not find an element with xpath: '//div[@test-data=\"search-form\"]//ul'","time":{"start":1709821891487,"stop":1709821900175,"duration":8688}},{"uid":"2d176535f0b915fa","reportUrl":"https://valeryia-lukyanava.github.io/automated-testing-project-4zida/137//#testresult/2d176535f0b915fa","status":"failed","statusDetails":"AssertionError: Could not find an element with xpath: '//div[@test-data=\"search-form\"]//ul'","time":{"start":1709732222098,"stop":1709732229645,"duration":7547}},{"uid":"e1d690455bfc77c6","reportUrl":"https://valeryia-lukyanava.github.io/automated-testing-project-4zida/136//#testresult/e1d690455bfc77c6","status":"failed","statusDetails":"AssertionError: Could not find an element with xpath: '//div[@test-data=\"search-form\"]//ul'","time":{"start":1709664409396,"stop":1709664417235,"duration":7839}}]},"tags":["order(1)","ui","chrome_mobile"]},"source":"8f6bfc7881a11ad7.json","parameterValues":["'Kuće'","{'Etaž': ('1-etažna kuća', '2-etažna kuća', '3-etažna kuća', '4-etažna kuća', '5-etažna kuća', '5-etažna kuća')}"]}