{"uid":"23d9d5cbd0e1de67","name":"Check Menu Navigation: \"Novogradnja\"","fullName":"tests.test_ui_navigation_menu.TestUINavigationMenu#test_navigation_menu_new","historyId":"23591d8557689fe22086bc636b3709ac","time":{"start":1709491305493,"stop":1709491310863,"duration":5370},"status":"failed","statusMessage":"AssertionError: Could not find an element with xpath: '//header/button'","statusTrace":"self = <test_ui_navigation_menu.TestUINavigationMenu object at 0x7f618b5d6f20>\nhome_page = <pom.pages.home_page.HomePage object at 0x7f618b0fc250>, index = 19\nsub_menu = 'Novogradnja u Prokuplju'\nexpected_url = 'https://next.4zida.rs/novogradnja/prokuplje'\n\n    @allure.id('3')\n    @allure.sub_suite('Menu Navigation: \"Novogradnja\"')\n    @allure.title('Check Menu Navigation: \"Novogradnja\"')\n    @pytest.mark.parametrize(\"index,sub_menu,expected_url\", NavigationSubMenu.SUB_MENU_NEW)\n    def test_navigation_menu_new(self, home_page: HomePage, index: int, sub_menu: str, expected_url: str):\n        home_page.visit()\n>       home_page.check_menu_navigation(menu=NavigationMenu.MENU_NEW, sub_menu=sub_menu, expected_url=expected_url)\n\ntests/test_ui_navigation_menu.py:38: \n_ _ _ _ _ _ _ _ _ _ _ _ _ _ _ _ _ _ _ _ _ _ _ _ _ _ _ _ _ _ _ _ _ _ _ _ _ _ _ _ \npom/pages/home_page.py:177: in check_menu_navigation\n    self.main_menu_button.should_be_visible()\npom/page_factory/component.py:41: in should_be_visible\n    element = self.get_element(**kwargs)\npom/page_factory/component.py:26: in get_element\n    return self._page.get_xpath(locator)\n_ _ _ _ _ _ _ _ _ _ _ _ _ _ _ _ _ _ _ _ _ _ _ _ _ _ _ _ _ _ _ _ _ _ _ _ _ _ _ _ \n\nself = <pom.models.page.Page object at 0x7f618b125f30>\nxpath = '//header/button', timeout = None\n\n    def get_xpath(self, xpath: str, timeout: int = None) -> Element:\n        \"\"\"\n        Finds the DOM element that match the XPATH selector.\n    \n        * If 'timeout=None' (default), use the default wait_time.\n        * If 'timeout > 0', override the default wait_time.\n        * If 'timeout=0', poll the DOM immediately without any waiting.\n        \"\"\"\n        logger.info(\n            \"Page.get_xpath() - Get the element with xpath: '%s'\", xpath\n        )\n        value = True\n        element = None\n        by = By.XPATH\n    \n        try:\n            if timeout == 0:\n                element = self.webdriver.find_element(by, xpath)\n            else:\n                element = self.wait(timeout).until(\n                    lambda x: x.find_element(by, xpath),\n                    f\"Could not find an element with xpath: '{xpath}'\"\n                )\n        except TimeoutException:\n            value = False\n    \n        if value:\n            return Element(self, element, locator=(by, xpath))\n>       raise AssertionError(\n            f\"Could not find an element with xpath: '{xpath}'\"\n        )\nE       AssertionError: Could not find an element with xpath: '//header/button'\n\npom/models/page.py:162: AssertionError","flaky":false,"newFailed":false,"newBroken":false,"newPassed":false,"retriesCount":0,"retriesStatusChange":false,"beforeStages":[{"name":"ui_config","time":{"start":1709490585630,"stop":1709490585631,"duration":1},"status":"passed","steps":[],"attachments":[],"parameters":[],"shouldDisplayMessage":false,"stepsCount":0,"attachmentsCount":0,"hasContent":false},{"name":"page","time":{"start":1709491305102,"stop":1709491305492,"duration":390},"status":"passed","steps":[],"attachments":[],"parameters":[],"shouldDisplayMessage":false,"stepsCount":0,"attachmentsCount":0,"hasContent":false},{"name":"home_page","time":{"start":1709491305492,"stop":1709491305493,"duration":1},"status":"passed","steps":[],"attachments":[],"parameters":[],"shouldDisplayMessage":false,"stepsCount":0,"attachmentsCount":0,"hasContent":false}],"testStage":{"status":"failed","statusMessage":"AssertionError: Could not find an element with xpath: '//header/button'","statusTrace":"self = <test_ui_navigation_menu.TestUINavigationMenu object at 0x7f618b5d6f20>\nhome_page = <pom.pages.home_page.HomePage object at 0x7f618b0fc250>, index = 19\nsub_menu = 'Novogradnja u Prokuplju'\nexpected_url = 'https://next.4zida.rs/novogradnja/prokuplje'\n\n    @allure.id('3')\n    @allure.sub_suite('Menu Navigation: \"Novogradnja\"')\n    @allure.title('Check Menu Navigation: \"Novogradnja\"')\n    @pytest.mark.parametrize(\"index,sub_menu,expected_url\", NavigationSubMenu.SUB_MENU_NEW)\n    def test_navigation_menu_new(self, home_page: HomePage, index: int, sub_menu: str, expected_url: str):\n        home_page.visit()\n>       home_page.check_menu_navigation(menu=NavigationMenu.MENU_NEW, sub_menu=sub_menu, expected_url=expected_url)\n\ntests/test_ui_navigation_menu.py:38: \n_ _ _ _ _ _ _ _ _ _ _ _ _ _ _ _ _ _ _ _ _ _ _ _ _ _ _ _ _ _ _ _ _ _ _ _ _ _ _ _ \npom/pages/home_page.py:177: in check_menu_navigation\n    self.main_menu_button.should_be_visible()\npom/page_factory/component.py:41: in should_be_visible\n    element = self.get_element(**kwargs)\npom/page_factory/component.py:26: in get_element\n    return self._page.get_xpath(locator)\n_ _ _ _ _ _ _ _ _ _ _ _ _ _ _ _ _ _ _ _ _ _ _ _ _ _ _ _ _ _ _ _ _ _ _ _ _ _ _ _ \n\nself = <pom.models.page.Page object at 0x7f618b125f30>\nxpath = '//header/button', timeout = None\n\n    def get_xpath(self, xpath: str, timeout: int = None) -> Element:\n        \"\"\"\n        Finds the DOM element that match the XPATH selector.\n    \n        * If 'timeout=None' (default), use the default wait_time.\n        * If 'timeout > 0', override the default wait_time.\n        * If 'timeout=0', poll the DOM immediately without any waiting.\n        \"\"\"\n        logger.info(\n            \"Page.get_xpath() - Get the element with xpath: '%s'\", xpath\n        )\n        value = True\n        element = None\n        by = By.XPATH\n    \n        try:\n            if timeout == 0:\n                element = self.webdriver.find_element(by, xpath)\n            else:\n                element = self.wait(timeout).until(\n                    lambda x: x.find_element(by, xpath),\n                    f\"Could not find an element with xpath: '{xpath}'\"\n                )\n        except TimeoutException:\n            value = False\n    \n        if value:\n            return Element(self, element, locator=(by, xpath))\n>       raise AssertionError(\n            f\"Could not find an element with xpath: '{xpath}'\"\n        )\nE       AssertionError: Could not find an element with xpath: '//header/button'\n\npom/models/page.py:162: AssertionError","steps":[{"name":"Opening the url \"https://next.4zida.rs\"","time":{"start":1709491305494,"stop":1709491307789,"duration":2295},"status":"passed","steps":[],"attachments":[],"parameters":[],"shouldDisplayMessage":false,"stepsCount":0,"attachmentsCount":0,"hasContent":false},{"name":"Checking Menu navigation: \"'Novogradnja'\" > \"'Novogradnja u Prokuplju'\"","time":{"start":1709491307789,"stop":1709491310863,"duration":3074},"status":"failed","statusMessage":"AssertionError: Could not find an element with xpath: '//header/button'\n","statusTrace":"  File \"/usr/local/lib/python3.10/site-packages/allure_commons/_allure.py\", line 192, in impl\n    return func(*a, **kw)\n  File \"/code/pom/pages/home_page.py\", line 177, in check_menu_navigation\n    self.main_menu_button.should_be_visible()\n  File \"/code/pom/page_factory/component.py\", line 41, in should_be_visible\n    element = self.get_element(**kwargs)\n  File \"/code/pom/page_factory/component.py\", line 26, in get_element\n    return self._page.get_xpath(locator)\n  File \"/code/pom/models/page.py\", line 162, in get_xpath\n    raise AssertionError(\n","steps":[{"name":"Checking that button \"Main Menu Button\" is visible","time":{"start":1709491307789,"stop":1709491310862,"duration":3073},"status":"failed","statusMessage":"AssertionError: Could not find an element with xpath: '//header/button'\n","statusTrace":"  File \"/code/pom/page_factory/component.py\", line 41, in should_be_visible\n    element = self.get_element(**kwargs)\n  File \"/code/pom/page_factory/component.py\", line 26, in get_element\n    return self._page.get_xpath(locator)\n  File \"/code/pom/models/page.py\", line 162, in get_xpath\n    raise AssertionError(\n","steps":[{"name":"Getting button with the name \"Main Menu Button\" and the locator \"//header/button\"","time":{"start":1709491307789,"stop":1709491310862,"duration":3073},"status":"failed","statusMessage":"AssertionError: Could not find an element with xpath: '//header/button'\n","statusTrace":"  File \"/code/pom/page_factory/component.py\", line 26, in get_element\n    return self._page.get_xpath(locator)\n  File \"/code/pom/models/page.py\", line 162, in get_xpath\n    raise AssertionError(\n","steps":[],"attachments":[],"parameters":[],"shouldDisplayMessage":true,"stepsCount":0,"attachmentsCount":0,"hasContent":true}],"attachments":[],"parameters":[],"shouldDisplayMessage":false,"stepsCount":1,"attachmentsCount":0,"hasContent":true}],"attachments":[],"parameters":[{"name":"menu","value":"'Novogradnja'"},{"name":"sub_menu","value":"'Novogradnja u Prokuplju'"},{"name":"expected_url","value":"'https://next.4zida.rs/novogradnja/prokuplje'"}],"shouldDisplayMessage":false,"stepsCount":2,"attachmentsCount":0,"hasContent":true}],"attachments":[{"uid":"44c9c13d32943908","name":"log","source":"44c9c13d32943908.txt","type":"text/plain","size":13585}],"parameters":[],"shouldDisplayMessage":true,"stepsCount":4,"attachmentsCount":1,"hasContent":true},"afterStages":[{"name":"page::0","time":{"start":1709491310879,"stop":1709491311000,"duration":121},"status":"passed","steps":[],"attachments":[{"uid":"c35a3dcfc08df344","name":"test_navigation_menu_new[19]","source":"c35a3dcfc08df344.png","type":"image/png","size":13823}],"parameters":[],"shouldDisplayMessage":false,"stepsCount":0,"attachmentsCount":1,"hasContent":true}],"labels":[{"name":"severity","value":"critical"},{"name":"suite","value":"UI Functional Tests"},{"name":"as_id","value":"3"},{"name":"subSuite","value":"Menu Navigation: \"Novogradnja\""},{"name":"tag","value":"order(2)"},{"name":"tag","value":"chrome_mobile"},{"name":"tag","value":"ui"},{"name":"parentSuite","value":"tests"},{"name":"host","value":"318251eeca8d"},{"name":"thread","value":"1-MainThread"},{"name":"framework","value":"pytest"},{"name":"language","value":"cpython3"},{"name":"package","value":"tests.test_ui_navigation_menu"},{"name":"resultFormat","value":"allure2"}],"parameters":[{"name":"expected_url","value":"'https://next.4zida.rs/novogradnja/prokuplje'"},{"name":"index","value":"19"},{"name":"sub_menu","value":"'Novogradnja u Prokuplju'"}],"links":[],"hidden":false,"retry":false,"extra":{"severity":"critical","retries":[],"categories":[{"name":"Product defects","matchedStatuses":[],"flaky":false}],"history":{"statistic":{"failed":9,"broken":1,"skipped":0,"passed":0,"unknown":0,"total":10},"items":[{"uid":"7ee0a11e6898ac9d","reportUrl":"https://valeryia-lukyanava.github.io/automated-testing-project-4zida/130//#testresult/7ee0a11e6898ac9d","status":"failed","statusDetails":"AssertionError: Expected status code should be < 400. Actual status code: 404","time":{"start":1709475450282,"stop":1709475455514,"duration":5232}},{"uid":"129d4543ca1b6026","reportUrl":"https://valeryia-lukyanava.github.io/automated-testing-project-4zida/129//#testresult/129d4543ca1b6026","status":"failed","statusDetails":"AssertionError: Expected status code should be < 400. Actual status code: 404","time":{"start":1709467078852,"stop":1709467087881,"duration":9029}},{"uid":"69abb82922a2daa","reportUrl":"https://valeryia-lukyanava.github.io/automated-testing-project-4zida/128//#testresult/69abb82922a2daa","status":"failed","statusDetails":"AssertionError: Expected status code should be < 400. Actual status code: 404","time":{"start":1709464090869,"stop":1709464096668,"duration":5799}},{"uid":"609829605d42f60b","reportUrl":"https://valeryia-lukyanava.github.io/automated-testing-project-4zida/127//#testresult/609829605d42f60b","status":"failed","statusDetails":"AssertionError: Expected status code should be < 400. Actual status code: 404","time":{"start":1709455913138,"stop":1709455919814,"duration":6676}},{"uid":"f2743056e8d69830","reportUrl":"https://valeryia-lukyanava.github.io/automated-testing-project-4zida/126//#testresult/f2743056e8d69830","status":"broken","statusDetails":"selenium.common.exceptions.WebDriverException: Message: Unable to execute request for an existing session: java.util.concurrent.TimeoutException\nBuild info: version: '4.18.1', revision: 'b1d3319b48'\nSystem info: os.name: 'Linux', os.arch: 'amd64', os.version: '6.5.0-1015-azure', java.version: '11.0.21'\nDriver info: driver.version: unknown\nStacktrace:\njava.lang.RuntimeException: Unable to execute request for an existing session: java.util.concurrent.TimeoutException\nBuild info: version: '4.18.1', revision: 'b1d3319b48'\nSystem info: os.name: 'Linux', os.arch: 'amd64', os.version: '6.5.0-1015-azure', java.version: '11.0.21'\nDriver info: driver.version: unknown\n\tat org.openqa.selenium.grid.router.HandleSession.execute(HandleSession.java:208)\n\tat org.openqa.selenium.remote.http.Route$PredicatedRoute.handle(Route.java:383)\n\tat org.openqa.selenium.remote.http.Route.execute(Route.java:69)\n\tat org.openqa.selenium.remote.http.Route$CombinedRoute.handle(Route.java:346)\n\tat org.openqa.selenium.remote.http.Route.execute(Route.java:69)\n\tat org.openqa.selenium.grid.router.Router.execute(Router.java:87)\n\tat org.openqa.selenium.grid.web.EnsureSpecCompliantResponseHeaders.lambda$apply$0(EnsureSpecCompliantResponseHeaders.java:34)\n\tat org.openqa.selenium.remote.http.Filter$1.execute(Filter.java:63)\n\tat org.openqa.selenium.remote.http.Route$CombinedRoute.handle(Route.java:346)\n\tat org.openqa.selenium.remote.http.Route.execute(Route.java:69)\n\tat org.openqa.selenium.remote.http.Route$NestedRoute.handle(Route.java:270)\n\tat org.openqa.selenium.remote.http.Route.execute(Route.java:69)\n\tat org.openqa.selenium.remote.http.Route$CombinedRoute.handle(Route.java:346)\n\tat org.openqa.selenium.remote.http.Route.execute(Route.java:69)\n\tat org.openqa.selenium.remote.http.Route$CombinedRoute.handle(Route.java:346)\n\tat org.openqa.selenium.remote.http.Route.execute(Route.java:69)\n\tat org.openqa.selenium.remote.http.Route$CombinedRoute.handle(Route.java:346)\n\tat org.openqa.selenium.remote.http.Route.execute(Route.java:69)\n\tat org.openqa.selenium.remote.http.Route$CombinedRoute.handle(Route.java:346)\n\tat org.openqa.selenium.remote.http.Route.execute(Route.java:69)\n\tat org.openqa.selenium.remote.AddWebDriverSpecHeaders.lambda$apply$0(AddWebDriverSpecHeaders.java:35)\n\tat org.openqa.selenium.remote.ErrorFilter.lambda$apply$0(ErrorFilter.java:44)\n\tat org.openqa.selenium.remote.http.Filter$1.execute(Filter.java:63)\n\tat org.openqa.selenium.remote.ErrorFilter.lambda$apply$0(ErrorFilter.java:44)\n\tat org.openqa.selenium.remote.http.Filter$1.execute(Filter.java:63)\n\tat org.openqa.selenium.netty.server.SeleniumHandler.lambda$channelRead0$0(SeleniumHandler.java:44)\n\tat java.base/java.util.concurrent.Executors$RunnableAdapter.call(Executors.java:515)\n\tat java.base/java.util.concurrent.FutureTask.run(FutureTask.java:264)\n\tat java.base/java.util.concurrent.ThreadPoolExecutor.runWorker(ThreadPoolExecutor.java:1128)\n\tat java.base/java.util.concurrent.ThreadPoolExecutor$Worker.run(ThreadPoolExecutor.java:628)\n\tat java.base/java.lang.Thread.run(Thread.java:829)\nCaused by: java.util.concurrent.TimeoutException\n\tat java.base/java.util.concurrent.CompletableFuture.timedGet(CompletableFuture.java:1892)\n\tat java.base/java.util.concurrent.CompletableFuture.get(CompletableFuture.java:2027)\n\tat org.openqa.selenium.remote.http.jdk.JdkHttpClient.execute0(JdkHttpClient.java:386)\n\tat org.openqa.selenium.remote.http.RetryRequest.lambda$apply$5(RetryRequest.java:81)\n\tat dev.failsafe.Functions.lambda$toCtxSupplier$11(Functions.java:243)\n\tat dev.failsafe.Functions.lambda$get$0(Functions.java:46)\n\tat dev.failsafe.internal.RetryPolicyExecutor.lambda$apply$0(RetryPolicyExecutor.java:74)\n\tat dev.failsafe.internal.RetryPolicyExecutor.lambda$apply$0(RetryPolicyExecutor.java:74)\n\tat dev.failsafe.internal.FallbackExecutor.lambda$apply$0(FallbackExecutor.java:51)\n\tat dev.failsafe.SyncExecutionImpl.executeSync(SyncExecutionImpl.java:187)\n\tat dev.failsafe.FailsafeExecutor.call(FailsafeExecutor.java:376)\n\tat dev.failsafe.FailsafeExecutor.get(FailsafeExecutor.java:112)\n\tat org.openqa.selenium.remote.http.RetryRequest.lambda$apply$6(RetryRequest.java:81)\n\tat org.openqa.selenium.remote.http.AddSeleniumUserAgent.lambda$apply$0(AddSeleniumUserAgent.java:42)\n\tat org.openqa.selenium.remote.http.Filter.lambda$andFinally$1(Filter.java:55)\n\tat org.openqa.selenium.remote.http.jdk.JdkHttpClient.execute(JdkHttpClient.java:359)\n\tat org.openqa.selenium.remote.tracing.TracedHttpClient.execute(TracedHttpClient.java:54)\n\tat org.openqa.selenium.grid.web.ReverseProxyHandler.execute(ReverseProxyHandler.java:90)\n\tat org.openqa.selenium.grid.router.HandleSession.execute(HandleSession.java:181)\n\t... 30 more","time":{"start":1709446362053,"stop":1709446902815,"duration":540762}},{"uid":"8e331f83a450811","reportUrl":"https://valeryia-lukyanava.github.io/automated-testing-project-4zida/125//#testresult/8e331f83a450811","status":"failed","statusDetails":"AssertionError: Expected status code should be < 400. Actual status code: 404","time":{"start":1709392013598,"stop":1709392019080,"duration":5482}},{"uid":"8804615a017c9a79","reportUrl":"https://valeryia-lukyanava.github.io/automated-testing-project-4zida/124//#testresult/8804615a017c9a79","status":"failed","statusDetails":"AssertionError: Expected status code should be < 400. Actual status code: 404","time":{"start":1709390780256,"stop":1709390788877,"duration":8621}},{"uid":"d369c27fbf47dac2","reportUrl":"https://valeryia-lukyanava.github.io/automated-testing-project-4zida/122//#testresult/d369c27fbf47dac2","status":"failed","statusDetails":"AssertionError: Expected status code should be < 400. Actual status code: 404","time":{"start":1709365097575,"stop":1709365103066,"duration":5491}},{"uid":"97bfba339394ea78","reportUrl":"https://valeryia-lukyanava.github.io/automated-testing-project-4zida/121//#testresult/97bfba339394ea78","status":"failed","statusDetails":"AssertionError: Expected status code should be < 400. Actual status code: '404'","time":{"start":1709292750473,"stop":1709292756931,"duration":6458}}]},"tags":["order(2)","ui","chrome_mobile"]},"source":"23d9d5cbd0e1de67.json","parameterValues":["'https://next.4zida.rs/novogradnja/prokuplje'","19","'Novogradnja u Prokuplju'"]}