{"uid":"abbee373e9453d5b","name":"Check Search From","fullName":"tests.test_ui_home_page.TestUIHomePage#test_check_search_form","historyId":"debcf6b10c148638aa56e13d2c39d532","time":{"start":1709490642359,"stop":1709490648019,"duration":5660},"status":"failed","statusMessage":"AssertionError: Could not find an element with xpath: '//div[@test-data=\"search-form\"]'","statusTrace":"self = <test_ui_home_page.TestUIHomePage object at 0x7f618b765a80>\nhome_page = <pom.pages.home_page.HomePage object at 0x7f618b5f9270>\n\n    @allure.id('3')\n    @allure.title('Check Search From')\n    def test_check_search_form(self, home_page: HomePage):\n        home_page.visit()\n>       home_page.check_search_form_is_visible()\n\ntests/test_ui_home_page.py:39: \n_ _ _ _ _ _ _ _ _ _ _ _ _ _ _ _ _ _ _ _ _ _ _ _ _ _ _ _ _ _ _ _ _ _ _ _ _ _ _ _ \npom/pages/home_page.py:143: in check_search_form_is_visible\n    self.search_form.form.should_be_visible()\npom/page_factory/component.py:41: in should_be_visible\n    element = self.get_element(**kwargs)\npom/page_factory/component.py:26: in get_element\n    return self._page.get_xpath(locator)\n_ _ _ _ _ _ _ _ _ _ _ _ _ _ _ _ _ _ _ _ _ _ _ _ _ _ _ _ _ _ _ _ _ _ _ _ _ _ _ _ \n\nself = <pom.models.page.Page object at 0x7f618b5fba00>\nxpath = '//div[@test-data=\"search-form\"]', timeout = None\n\n    def get_xpath(self, xpath: str, timeout: int = None) -> Element:\n        \"\"\"\n        Finds the DOM element that match the XPATH selector.\n    \n        * If 'timeout=None' (default), use the default wait_time.\n        * If 'timeout > 0', override the default wait_time.\n        * If 'timeout=0', poll the DOM immediately without any waiting.\n        \"\"\"\n        logger.info(\n            \"Page.get_xpath() - Get the element with xpath: '%s'\", xpath\n        )\n        value = True\n        element = None\n        by = By.XPATH\n    \n        try:\n            if timeout == 0:\n                element = self.webdriver.find_element(by, xpath)\n            else:\n                element = self.wait(timeout).until(\n                    lambda x: x.find_element(by, xpath),\n                    f\"Could not find an element with xpath: '{xpath}'\"\n                )\n        except TimeoutException:\n            value = False\n    \n        if value:\n            return Element(self, element, locator=(by, xpath))\n>       raise AssertionError(\n            f\"Could not find an element with xpath: '{xpath}'\"\n        )\nE       AssertionError: Could not find an element with xpath: '//div[@test-data=\"search-form\"]'\n\npom/models/page.py:162: AssertionError","flaky":true,"newFailed":true,"newBroken":false,"newPassed":false,"retriesCount":0,"retriesStatusChange":false,"beforeStages":[{"name":"ui_config","time":{"start":1709490585630,"stop":1709490585631,"duration":1},"status":"passed","steps":[],"attachments":[],"parameters":[],"shouldDisplayMessage":false,"stepsCount":0,"attachmentsCount":0,"hasContent":false},{"name":"page","time":{"start":1709490641942,"stop":1709490642358,"duration":416},"status":"passed","steps":[],"attachments":[],"parameters":[],"shouldDisplayMessage":false,"stepsCount":0,"attachmentsCount":0,"hasContent":false},{"name":"home_page","time":{"start":1709490642358,"stop":1709490642358,"duration":0},"status":"passed","steps":[],"attachments":[],"parameters":[],"shouldDisplayMessage":false,"stepsCount":0,"attachmentsCount":0,"hasContent":false}],"testStage":{"status":"failed","statusMessage":"AssertionError: Could not find an element with xpath: '//div[@test-data=\"search-form\"]'","statusTrace":"self = <test_ui_home_page.TestUIHomePage object at 0x7f618b765a80>\nhome_page = <pom.pages.home_page.HomePage object at 0x7f618b5f9270>\n\n    @allure.id('3')\n    @allure.title('Check Search From')\n    def test_check_search_form(self, home_page: HomePage):\n        home_page.visit()\n>       home_page.check_search_form_is_visible()\n\ntests/test_ui_home_page.py:39: \n_ _ _ _ _ _ _ _ _ _ _ _ _ _ _ _ _ _ _ _ _ _ _ _ _ _ _ _ _ _ _ _ _ _ _ _ _ _ _ _ \npom/pages/home_page.py:143: in check_search_form_is_visible\n    self.search_form.form.should_be_visible()\npom/page_factory/component.py:41: in should_be_visible\n    element = self.get_element(**kwargs)\npom/page_factory/component.py:26: in get_element\n    return self._page.get_xpath(locator)\n_ _ _ _ _ _ _ _ _ _ _ _ _ _ _ _ _ _ _ _ _ _ _ _ _ _ _ _ _ _ _ _ _ _ _ _ _ _ _ _ \n\nself = <pom.models.page.Page object at 0x7f618b5fba00>\nxpath = '//div[@test-data=\"search-form\"]', timeout = None\n\n    def get_xpath(self, xpath: str, timeout: int = None) -> Element:\n        \"\"\"\n        Finds the DOM element that match the XPATH selector.\n    \n        * If 'timeout=None' (default), use the default wait_time.\n        * If 'timeout > 0', override the default wait_time.\n        * If 'timeout=0', poll the DOM immediately without any waiting.\n        \"\"\"\n        logger.info(\n            \"Page.get_xpath() - Get the element with xpath: '%s'\", xpath\n        )\n        value = True\n        element = None\n        by = By.XPATH\n    \n        try:\n            if timeout == 0:\n                element = self.webdriver.find_element(by, xpath)\n            else:\n                element = self.wait(timeout).until(\n                    lambda x: x.find_element(by, xpath),\n                    f\"Could not find an element with xpath: '{xpath}'\"\n                )\n        except TimeoutException:\n            value = False\n    \n        if value:\n            return Element(self, element, locator=(by, xpath))\n>       raise AssertionError(\n            f\"Could not find an element with xpath: '{xpath}'\"\n        )\nE       AssertionError: Could not find an element with xpath: '//div[@test-data=\"search-form\"]'\n\npom/models/page.py:162: AssertionError","steps":[{"name":"Opening the url \"https://next.4zida.rs\"","time":{"start":1709490642359,"stop":1709490644937,"duration":2578},"status":"passed","steps":[],"attachments":[],"parameters":[],"shouldDisplayMessage":false,"stepsCount":0,"attachmentsCount":0,"hasContent":false},{"name":"Checking that Search form is visible","time":{"start":1709490644937,"stop":1709490648019,"duration":3082},"status":"failed","statusMessage":"AssertionError: Could not find an element with xpath: '//div[@test-data=\"search-form\"]'\n","statusTrace":"  File \"/usr/local/lib/python3.10/site-packages/allure_commons/_allure.py\", line 192, in impl\n    return func(*a, **kw)\n  File \"/code/pom/pages/home_page.py\", line 143, in check_search_form_is_visible\n    self.search_form.form.should_be_visible()\n  File \"/code/pom/page_factory/component.py\", line 41, in should_be_visible\n    element = self.get_element(**kwargs)\n  File \"/code/pom/page_factory/component.py\", line 26, in get_element\n    return self._page.get_xpath(locator)\n  File \"/code/pom/models/page.py\", line 162, in get_xpath\n    raise AssertionError(\n","steps":[{"name":"Checking that form \"Search Form\" is visible","time":{"start":1709490644937,"stop":1709490648019,"duration":3082},"status":"failed","statusMessage":"AssertionError: Could not find an element with xpath: '//div[@test-data=\"search-form\"]'\n","statusTrace":"  File \"/code/pom/page_factory/component.py\", line 41, in should_be_visible\n    element = self.get_element(**kwargs)\n  File \"/code/pom/page_factory/component.py\", line 26, in get_element\n    return self._page.get_xpath(locator)\n  File \"/code/pom/models/page.py\", line 162, in get_xpath\n    raise AssertionError(\n","steps":[{"name":"Getting form with the name \"Search Form\" and the locator \"//div[@test-data=\"search-form\"]\"","time":{"start":1709490644937,"stop":1709490648018,"duration":3081},"status":"failed","statusMessage":"AssertionError: Could not find an element with xpath: '//div[@test-data=\"search-form\"]'\n","statusTrace":"  File \"/code/pom/page_factory/component.py\", line 26, in get_element\n    return self._page.get_xpath(locator)\n  File \"/code/pom/models/page.py\", line 162, in get_xpath\n    raise AssertionError(\n","steps":[],"attachments":[],"parameters":[],"shouldDisplayMessage":true,"stepsCount":0,"attachmentsCount":0,"hasContent":true}],"attachments":[],"parameters":[],"shouldDisplayMessage":false,"stepsCount":1,"attachmentsCount":0,"hasContent":true}],"attachments":[],"parameters":[],"shouldDisplayMessage":false,"stepsCount":2,"attachmentsCount":0,"hasContent":true}],"attachments":[{"uid":"26117cd05660474e","name":"log","source":"26117cd05660474e.txt","type":"text/plain","size":14785}],"parameters":[],"shouldDisplayMessage":true,"stepsCount":4,"attachmentsCount":1,"hasContent":true},"afterStages":[{"name":"page::0","time":{"start":1709490648035,"stop":1709490648150,"duration":115},"status":"passed","steps":[],"attachments":[{"uid":"bbf64d03b742025","name":"test_check_search_form","source":"bbf64d03b742025.png","type":"image/png","size":13823}],"parameters":[],"shouldDisplayMessage":false,"stepsCount":0,"attachmentsCount":1,"hasContent":true}],"labels":[{"name":"severity","value":"critical"},{"name":"suite","value":"UI Functional Tests"},{"name":"as_id","value":"3"},{"name":"tag","value":"order(1)"},{"name":"tag","value":"chrome_mobile"},{"name":"tag","value":"ui"},{"name":"parentSuite","value":"tests"},{"name":"subSuite","value":"TestUIHomePage"},{"name":"host","value":"318251eeca8d"},{"name":"thread","value":"1-MainThread"},{"name":"framework","value":"pytest"},{"name":"language","value":"cpython3"},{"name":"package","value":"tests.test_ui_home_page"},{"name":"resultFormat","value":"allure2"}],"parameters":[],"links":[],"hidden":false,"retry":false,"extra":{"severity":"critical","retries":[],"categories":[{"name":"Product defects","matchedStatuses":[],"flaky":false}],"history":{"statistic":{"failed":3,"broken":0,"skipped":0,"passed":6,"unknown":0,"total":9},"items":[{"uid":"3370ba43e7a18194","reportUrl":"https://valeryia-lukyanava.github.io/automated-testing-project-4zida/130//#testresult/3370ba43e7a18194","status":"passed","time":{"start":1709474885388,"stop":1709474890675,"duration":5287}},{"uid":"a5ec99c92a17293c","reportUrl":"https://valeryia-lukyanava.github.io/automated-testing-project-4zida/129//#testresult/a5ec99c92a17293c","status":"passed","time":{"start":1709466042767,"stop":1709466048860,"duration":6093}},{"uid":"92b116fba6dd4142","reportUrl":"https://valeryia-lukyanava.github.io/automated-testing-project-4zida/128//#testresult/92b116fba6dd4142","status":"failed","statusDetails":"AssertionError: Could not find an element with xpath: '//div[@test-data=\"search-form\"]'","time":{"start":1709463539065,"stop":1709463544836,"duration":5771}},{"uid":"95642dd9b22020d4","reportUrl":"https://valeryia-lukyanava.github.io/automated-testing-project-4zida/127//#testresult/95642dd9b22020d4","status":"passed","time":{"start":1709455363060,"stop":1709455368467,"duration":5407}},{"uid":"f8f22c286dc208d0","reportUrl":"https://valeryia-lukyanava.github.io/automated-testing-project-4zida/126//#testresult/f8f22c286dc208d0","status":"passed","time":{"start":1709445587944,"stop":1709445593780,"duration":5836}},{"uid":"29e8507e081b6baf","reportUrl":"https://valeryia-lukyanava.github.io/automated-testing-project-4zida/125//#testresult/29e8507e081b6baf","status":"failed","statusDetails":"AssertionError: Could not find an element with xpath: '//div[@test-data=\"search-form\"]'","time":{"start":1709391439110,"stop":1709391447144,"duration":8034}},{"uid":"b92b90a0a5a9d1e5","reportUrl":"https://valeryia-lukyanava.github.io/automated-testing-project-4zida/124//#testresult/b92b90a0a5a9d1e5","status":"passed","time":{"start":1709390139184,"stop":1709390145050,"duration":5866}},{"uid":"5f26c03f67c1c454","reportUrl":"https://valeryia-lukyanava.github.io/automated-testing-project-4zida/123//#testresult/5f26c03f67c1c454","status":"passed","time":{"start":1709388938908,"stop":1709388944707,"duration":5799}}]},"tags":["order(1)","ui","chrome_mobile"]},"source":"abbee373e9453d5b.json","parameterValues":[]}