{"uid":"129d4543ca1b6026","name":"Check Menu Navigation: \"Novogradnja\"","fullName":"tests.test_ui_navigation_menu.TestUINavigationMenu#test_navigation_menu_new","historyId":"23591d8557689fe22086bc636b3709ac","time":{"start":1709467078852,"stop":1709467087881,"duration":9029},"status":"failed","statusMessage":"AssertionError: Expected status code should be < 400. Actual status code: 404","statusTrace":"self = <test_ui_navigation_menu.TestUINavigationMenu object at 0x7fd14fd92ec0>\nhome_page = <pom.pages.home_page.HomePage object at 0x7fd14f820370>, index = 19\nsub_menu = 'Novogradnja u Prokuplju'\nexpected_url = 'https://next.4zida.rs/novogradnja/prokuplje'\n\n    @allure.id('3')\n    @allure.sub_suite('Menu Navigation: \"Novogradnja\"')\n    @allure.title('Check Menu Navigation: \"Novogradnja\"')\n    @pytest.mark.parametrize(\"index,sub_menu,expected_url\", NavigationSubMenu.SUB_MENU_NEW)\n    def test_navigation_menu_new(self, home_page: HomePage, index: int, sub_menu: str, expected_url: str):\n        home_page.visit()\n>       home_page.check_menu_navigation(menu=NavigationMenu.MENU_NEW, sub_menu=sub_menu, expected_url=expected_url)\n\ntests/test_ui_navigation_menu.py:40: \n_ _ _ _ _ _ _ _ _ _ _ _ _ _ _ _ _ _ _ _ _ _ _ _ _ _ _ _ _ _ _ _ _ _ _ _ _ _ _ _ \npom/pages/home_page.py:167: in check_menu_navigation\n    self.check_page_url(expected_url, self.errors)\npom/pages/home_page.py:123: in check_page_url\n    self.page.check_response_status_code()\n_ _ _ _ _ _ _ _ _ _ _ _ _ _ _ _ _ _ _ _ _ _ _ _ _ _ _ _ _ _ _ _ _ _ _ _ _ _ _ _ \n\nself = <pom.models.page.Page object at 0x7fd14f7e7850>\n\n    def check_response_status_code(self):\n        \"\"\"Check response status code when GET current url\"\"\"\n        response_status_code = \"\"\n        value = False\n        try:\n            actual_url = self.url()\n            response = requests.get(url=actual_url, timeout=10)\n            response_status_code = response.status_code\n            logger.info(f\"GET '{actual_url}'. Response status code: {response_status_code}\")\n            if int(response_status_code) < 400:\n                value = True\n        except TimeoutException:\n            value = False\n    \n        if value:\n            return self.url()\n        else:\n>           raise AssertionError(f\"Expected status code should be < 400. Actual status code: {response_status_code}\")\nE           AssertionError: Expected status code should be < 400. Actual status code: 404\n\npom/models/page.py:347: AssertionError","flaky":false,"newFailed":false,"newBroken":false,"newPassed":false,"retriesCount":1,"retriesStatusChange":false,"beforeStages":[{"name":"ui_config","time":{"start":1709466006690,"stop":1709466006691,"duration":1},"status":"passed","steps":[],"attachments":[],"parameters":[],"shouldDisplayMessage":false,"stepsCount":0,"attachmentsCount":0,"hasContent":false},{"name":"page","time":{"start":1709467078465,"stop":1709467078851,"duration":386},"status":"passed","steps":[],"attachments":[],"parameters":[],"shouldDisplayMessage":false,"stepsCount":0,"attachmentsCount":0,"hasContent":false},{"name":"home_page","time":{"start":1709467078852,"stop":1709467078852,"duration":0},"status":"passed","steps":[],"attachments":[],"parameters":[],"shouldDisplayMessage":false,"stepsCount":0,"attachmentsCount":0,"hasContent":false}],"testStage":{"status":"failed","statusMessage":"AssertionError: Expected status code should be < 400. Actual status code: 404","statusTrace":"self = <test_ui_navigation_menu.TestUINavigationMenu object at 0x7fd14fd92ec0>\nhome_page = <pom.pages.home_page.HomePage object at 0x7fd14f820370>, index = 19\nsub_menu = 'Novogradnja u Prokuplju'\nexpected_url = 'https://next.4zida.rs/novogradnja/prokuplje'\n\n    @allure.id('3')\n    @allure.sub_suite('Menu Navigation: \"Novogradnja\"')\n    @allure.title('Check Menu Navigation: \"Novogradnja\"')\n    @pytest.mark.parametrize(\"index,sub_menu,expected_url\", NavigationSubMenu.SUB_MENU_NEW)\n    def test_navigation_menu_new(self, home_page: HomePage, index: int, sub_menu: str, expected_url: str):\n        home_page.visit()\n>       home_page.check_menu_navigation(menu=NavigationMenu.MENU_NEW, sub_menu=sub_menu, expected_url=expected_url)\n\ntests/test_ui_navigation_menu.py:40: \n_ _ _ _ _ _ _ _ _ _ _ _ _ _ _ _ _ _ _ _ _ _ _ _ _ _ _ _ _ _ _ _ _ _ _ _ _ _ _ _ \npom/pages/home_page.py:167: in check_menu_navigation\n    self.check_page_url(expected_url, self.errors)\npom/pages/home_page.py:123: in check_page_url\n    self.page.check_response_status_code()\n_ _ _ _ _ _ _ _ _ _ _ _ _ _ _ _ _ _ _ _ _ _ _ _ _ _ _ _ _ _ _ _ _ _ _ _ _ _ _ _ \n\nself = <pom.models.page.Page object at 0x7fd14f7e7850>\n\n    def check_response_status_code(self):\n        \"\"\"Check response status code when GET current url\"\"\"\n        response_status_code = \"\"\n        value = False\n        try:\n            actual_url = self.url()\n            response = requests.get(url=actual_url, timeout=10)\n            response_status_code = response.status_code\n            logger.info(f\"GET '{actual_url}'. Response status code: {response_status_code}\")\n            if int(response_status_code) < 400:\n                value = True\n        except TimeoutException:\n            value = False\n    \n        if value:\n            return self.url()\n        else:\n>           raise AssertionError(f\"Expected status code should be < 400. Actual status code: {response_status_code}\")\nE           AssertionError: Expected status code should be < 400. Actual status code: 404\n\npom/models/page.py:347: AssertionError","steps":[{"name":"Opening the url \"https://next.4zida.rs\"","time":{"start":1709467078853,"stop":1709467085179,"duration":6326},"status":"passed","steps":[],"attachments":[],"parameters":[],"shouldDisplayMessage":false,"stepsCount":0,"attachmentsCount":0,"hasContent":false},{"name":"Checking Menu navigation: \"'Novogradnja'\" > \"'Novogradnja u Prokuplju'\"","time":{"start":1709467085180,"stop":1709467087881,"duration":2701},"status":"failed","statusMessage":"AssertionError: Expected status code should be < 400. Actual status code: 404\n","statusTrace":"  File \"/usr/local/lib/python3.10/site-packages/allure_commons/_allure.py\", line 192, in impl\n    return func(*a, **kw)\n  File \"/code/pom/pages/home_page.py\", line 167, in check_menu_navigation\n    self.check_page_url(expected_url, self.errors)\n  File \"/usr/local/lib/python3.10/site-packages/allure_commons/_allure.py\", line 192, in impl\n    return func(*a, **kw)\n  File \"/code/pom/pages/home_page.py\", line 123, in check_page_url\n    self.page.check_response_status_code()\n  File \"/code/pom/models/page.py\", line 347, in check_response_status_code\n    raise AssertionError(f\"Expected status code should be < 400. Actual status code: {response_status_code}\")\n","steps":[{"name":"Checking that button \"Main Menu Button\" is visible","time":{"start":1709467085180,"stop":1709467085214,"duration":34},"status":"passed","steps":[{"name":"Getting button with the name \"Main Menu Button\" and the locator \"//header/button\"","time":{"start":1709467085180,"stop":1709467085198,"duration":18},"status":"passed","steps":[],"attachments":[],"parameters":[],"shouldDisplayMessage":false,"stepsCount":0,"attachmentsCount":0,"hasContent":false}],"attachments":[],"parameters":[],"shouldDisplayMessage":false,"stepsCount":1,"attachmentsCount":0,"hasContent":true},{"name":"Clicking button with name \"Main Menu Button\"","time":{"start":1709467085214,"stop":1709467085310,"duration":96},"status":"passed","steps":[{"name":"Getting button with the name \"Main Menu Button\" and the locator \"//header/button\"","time":{"start":1709467085214,"stop":1709467085221,"duration":7},"status":"passed","steps":[],"attachments":[],"parameters":[],"shouldDisplayMessage":false,"stepsCount":0,"attachmentsCount":0,"hasContent":false}],"attachments":[],"parameters":[],"shouldDisplayMessage":false,"stepsCount":1,"attachmentsCount":0,"hasContent":true},{"name":"Checking that button \"Menu Button 'Novogradnja'\" is visible","time":{"start":1709467085310,"stop":1709467085848,"duration":538},"status":"passed","steps":[{"name":"Getting button with the name \"Menu Button 'Novogradnja'\" and the locator \"//header//nav//div[text()=\"Novogradnja\"]\"","time":{"start":1709467085310,"stop":1709467085322,"duration":12},"status":"passed","steps":[],"attachments":[],"parameters":[],"shouldDisplayMessage":false,"stepsCount":0,"attachmentsCount":0,"hasContent":false}],"attachments":[],"parameters":[],"shouldDisplayMessage":false,"stepsCount":1,"attachmentsCount":0,"hasContent":true},{"name":"Clicking button with name \"Menu Button 'Novogradnja'\"","time":{"start":1709467085848,"stop":1709467085940,"duration":92},"status":"passed","steps":[{"name":"Getting button with the name \"Menu Button 'Novogradnja'\" and the locator \"//header//nav//div[text()=\"Novogradnja\"]\"","time":{"start":1709467085848,"stop":1709467085855,"duration":7},"status":"passed","steps":[],"attachments":[],"parameters":[],"shouldDisplayMessage":false,"stepsCount":0,"attachmentsCount":0,"hasContent":false}],"attachments":[],"parameters":[],"shouldDisplayMessage":false,"stepsCount":1,"attachmentsCount":0,"hasContent":true},{"name":"Checking Sub Menu navigation: \"Novogradnja u Prokuplju\"","time":{"start":1709467085950,"stop":1709467086552,"duration":602},"status":"passed","steps":[],"attachments":[],"parameters":[],"shouldDisplayMessage":false,"stepsCount":0,"attachmentsCount":0,"hasContent":false},{"name":"Checking that the URL of the page is \"'https://next.4zida.rs/novogradnja/prokuplje'\"","time":{"start":1709467086553,"stop":1709467087881,"duration":1328},"status":"failed","statusMessage":"AssertionError: Expected status code should be < 400. Actual status code: 404\n","statusTrace":"  File \"/usr/local/lib/python3.10/site-packages/allure_commons/_allure.py\", line 192, in impl\n    return func(*a, **kw)\n  File \"/code/pom/pages/home_page.py\", line 123, in check_page_url\n    self.page.check_response_status_code()\n  File \"/code/pom/models/page.py\", line 347, in check_response_status_code\n    raise AssertionError(f\"Expected status code should be < 400. Actual status code: {response_status_code}\")\n","steps":[],"attachments":[],"parameters":[{"name":"expected_url","value":"'https://next.4zida.rs/novogradnja/prokuplje'"},{"name":"errors","value":"[]"}],"shouldDisplayMessage":true,"stepsCount":0,"attachmentsCount":0,"hasContent":true}],"attachments":[],"parameters":[{"name":"menu","value":"'Novogradnja'"},{"name":"sub_menu","value":"'Novogradnja u Prokuplju'"},{"name":"expected_url","value":"'https://next.4zida.rs/novogradnja/prokuplje'"}],"shouldDisplayMessage":false,"stepsCount":10,"attachmentsCount":0,"hasContent":true}],"attachments":[{"uid":"8fe1c51980f80003","name":"log","source":"8fe1c51980f80003.txt","type":"text/plain","size":23406}],"parameters":[],"shouldDisplayMessage":true,"stepsCount":12,"attachmentsCount":1,"hasContent":true},"afterStages":[{"name":"page::0","time":{"start":1709467087896,"stop":1709467088013,"duration":117},"status":"passed","steps":[],"attachments":[{"uid":"d52825c6a17fd930","name":"test_navigation_menu_new[19]","source":"d52825c6a17fd930.png","type":"image/png","size":7396}],"parameters":[],"shouldDisplayMessage":false,"stepsCount":0,"attachmentsCount":1,"hasContent":true}],"labels":[{"name":"subSuite","value":"Menu Navigation: \"Novogradnja\""},{"name":"suite","value":"UI Functional Tests"},{"name":"severity","value":"critical"},{"name":"as_id","value":"3"},{"name":"tag","value":"order(2)"},{"name":"tag","value":"chrome_mobile"},{"name":"tag","value":"ui"},{"name":"parentSuite","value":"tests"},{"name":"host","value":"78928e58726f"},{"name":"thread","value":"1-MainThread"},{"name":"framework","value":"pytest"},{"name":"language","value":"cpython3"},{"name":"package","value":"tests.test_ui_navigation_menu"},{"name":"resultFormat","value":"allure2"}],"parameters":[{"name":"expected_url","value":"'https://next.4zida.rs/novogradnja/prokuplje'"},{"name":"index","value":"19"},{"name":"sub_menu","value":"'Novogradnja u Prokuplju'"}],"links":[],"hidden":false,"retry":false,"extra":{"severity":"critical","retries":[{"uid":"2f07ccde35e08214","status":"failed","statusDetails":"AssertionError: Expected status code should be < 400. Actual status code: 404","time":{"start":1709467071596,"stop":1709467078332,"duration":6736}}],"categories":[{"name":"Product defects","matchedStatuses":[],"flaky":false}],"history":{"statistic":{"failed":7,"broken":1,"skipped":0,"passed":0,"unknown":0,"total":8},"items":[{"uid":"69abb82922a2daa","reportUrl":"https://valeryia-lukyanava.github.io/automated-testing-project-4zida/128//#testresult/69abb82922a2daa","status":"failed","statusDetails":"AssertionError: Expected status code should be < 400. Actual status code: 404","time":{"start":1709464090869,"stop":1709464096668,"duration":5799}},{"uid":"609829605d42f60b","reportUrl":"https://valeryia-lukyanava.github.io/automated-testing-project-4zida/127//#testresult/609829605d42f60b","status":"failed","statusDetails":"AssertionError: Expected status code should be < 400. Actual status code: 404","time":{"start":1709455913138,"stop":1709455919814,"duration":6676}},{"uid":"f2743056e8d69830","reportUrl":"https://valeryia-lukyanava.github.io/automated-testing-project-4zida/126//#testresult/f2743056e8d69830","status":"broken","statusDetails":"selenium.common.exceptions.WebDriverException: Message: Unable to execute request for an existing session: java.util.concurrent.TimeoutException\nBuild info: version: '4.18.1', revision: 'b1d3319b48'\nSystem info: os.name: 'Linux', os.arch: 'amd64', os.version: '6.5.0-1015-azure', java.version: '11.0.21'\nDriver info: driver.version: unknown\nStacktrace:\njava.lang.RuntimeException: Unable to execute request for an existing session: java.util.concurrent.TimeoutException\nBuild info: version: '4.18.1', revision: 'b1d3319b48'\nSystem info: os.name: 'Linux', os.arch: 'amd64', os.version: '6.5.0-1015-azure', java.version: '11.0.21'\nDriver info: driver.version: unknown\n\tat org.openqa.selenium.grid.router.HandleSession.execute(HandleSession.java:208)\n\tat org.openqa.selenium.remote.http.Route$PredicatedRoute.handle(Route.java:383)\n\tat org.openqa.selenium.remote.http.Route.execute(Route.java:69)\n\tat org.openqa.selenium.remote.http.Route$CombinedRoute.handle(Route.java:346)\n\tat org.openqa.selenium.remote.http.Route.execute(Route.java:69)\n\tat org.openqa.selenium.grid.router.Router.execute(Router.java:87)\n\tat org.openqa.selenium.grid.web.EnsureSpecCompliantResponseHeaders.lambda$apply$0(EnsureSpecCompliantResponseHeaders.java:34)\n\tat org.openqa.selenium.remote.http.Filter$1.execute(Filter.java:63)\n\tat org.openqa.selenium.remote.http.Route$CombinedRoute.handle(Route.java:346)\n\tat org.openqa.selenium.remote.http.Route.execute(Route.java:69)\n\tat org.openqa.selenium.remote.http.Route$NestedRoute.handle(Route.java:270)\n\tat org.openqa.selenium.remote.http.Route.execute(Route.java:69)\n\tat org.openqa.selenium.remote.http.Route$CombinedRoute.handle(Route.java:346)\n\tat org.openqa.selenium.remote.http.Route.execute(Route.java:69)\n\tat org.openqa.selenium.remote.http.Route$CombinedRoute.handle(Route.java:346)\n\tat org.openqa.selenium.remote.http.Route.execute(Route.java:69)\n\tat org.openqa.selenium.remote.http.Route$CombinedRoute.handle(Route.java:346)\n\tat org.openqa.selenium.remote.http.Route.execute(Route.java:69)\n\tat org.openqa.selenium.remote.http.Route$CombinedRoute.handle(Route.java:346)\n\tat org.openqa.selenium.remote.http.Route.execute(Route.java:69)\n\tat org.openqa.selenium.remote.AddWebDriverSpecHeaders.lambda$apply$0(AddWebDriverSpecHeaders.java:35)\n\tat org.openqa.selenium.remote.ErrorFilter.lambda$apply$0(ErrorFilter.java:44)\n\tat org.openqa.selenium.remote.http.Filter$1.execute(Filter.java:63)\n\tat org.openqa.selenium.remote.ErrorFilter.lambda$apply$0(ErrorFilter.java:44)\n\tat org.openqa.selenium.remote.http.Filter$1.execute(Filter.java:63)\n\tat org.openqa.selenium.netty.server.SeleniumHandler.lambda$channelRead0$0(SeleniumHandler.java:44)\n\tat java.base/java.util.concurrent.Executors$RunnableAdapter.call(Executors.java:515)\n\tat java.base/java.util.concurrent.FutureTask.run(FutureTask.java:264)\n\tat java.base/java.util.concurrent.ThreadPoolExecutor.runWorker(ThreadPoolExecutor.java:1128)\n\tat java.base/java.util.concurrent.ThreadPoolExecutor$Worker.run(ThreadPoolExecutor.java:628)\n\tat java.base/java.lang.Thread.run(Thread.java:829)\nCaused by: java.util.concurrent.TimeoutException\n\tat java.base/java.util.concurrent.CompletableFuture.timedGet(CompletableFuture.java:1892)\n\tat java.base/java.util.concurrent.CompletableFuture.get(CompletableFuture.java:2027)\n\tat org.openqa.selenium.remote.http.jdk.JdkHttpClient.execute0(JdkHttpClient.java:386)\n\tat org.openqa.selenium.remote.http.RetryRequest.lambda$apply$5(RetryRequest.java:81)\n\tat dev.failsafe.Functions.lambda$toCtxSupplier$11(Functions.java:243)\n\tat dev.failsafe.Functions.lambda$get$0(Functions.java:46)\n\tat dev.failsafe.internal.RetryPolicyExecutor.lambda$apply$0(RetryPolicyExecutor.java:74)\n\tat dev.failsafe.internal.RetryPolicyExecutor.lambda$apply$0(RetryPolicyExecutor.java:74)\n\tat dev.failsafe.internal.FallbackExecutor.lambda$apply$0(FallbackExecutor.java:51)\n\tat dev.failsafe.SyncExecutionImpl.executeSync(SyncExecutionImpl.java:187)\n\tat dev.failsafe.FailsafeExecutor.call(FailsafeExecutor.java:376)\n\tat dev.failsafe.FailsafeExecutor.get(FailsafeExecutor.java:112)\n\tat org.openqa.selenium.remote.http.RetryRequest.lambda$apply$6(RetryRequest.java:81)\n\tat org.openqa.selenium.remote.http.AddSeleniumUserAgent.lambda$apply$0(AddSeleniumUserAgent.java:42)\n\tat org.openqa.selenium.remote.http.Filter.lambda$andFinally$1(Filter.java:55)\n\tat org.openqa.selenium.remote.http.jdk.JdkHttpClient.execute(JdkHttpClient.java:359)\n\tat org.openqa.selenium.remote.tracing.TracedHttpClient.execute(TracedHttpClient.java:54)\n\tat org.openqa.selenium.grid.web.ReverseProxyHandler.execute(ReverseProxyHandler.java:90)\n\tat org.openqa.selenium.grid.router.HandleSession.execute(HandleSession.java:181)\n\t... 30 more","time":{"start":1709446362053,"stop":1709446902815,"duration":540762}},{"uid":"8e331f83a450811","reportUrl":"https://valeryia-lukyanava.github.io/automated-testing-project-4zida/125//#testresult/8e331f83a450811","status":"failed","statusDetails":"AssertionError: Expected status code should be < 400. Actual status code: 404","time":{"start":1709392013598,"stop":1709392019080,"duration":5482}},{"uid":"8804615a017c9a79","reportUrl":"https://valeryia-lukyanava.github.io/automated-testing-project-4zida/124//#testresult/8804615a017c9a79","status":"failed","statusDetails":"AssertionError: Expected status code should be < 400. Actual status code: 404","time":{"start":1709390780256,"stop":1709390788877,"duration":8621}},{"uid":"d369c27fbf47dac2","reportUrl":"https://valeryia-lukyanava.github.io/automated-testing-project-4zida/122//#testresult/d369c27fbf47dac2","status":"failed","statusDetails":"AssertionError: Expected status code should be < 400. Actual status code: 404","time":{"start":1709365097575,"stop":1709365103066,"duration":5491}},{"uid":"97bfba339394ea78","reportUrl":"https://valeryia-lukyanava.github.io/automated-testing-project-4zida/121//#testresult/97bfba339394ea78","status":"failed","statusDetails":"AssertionError: Expected status code should be < 400. Actual status code: '404'","time":{"start":1709292750473,"stop":1709292756931,"duration":6458}}]},"tags":["order(2)","ui","chrome_mobile"]},"source":"129d4543ca1b6026.json","parameterValues":["'https://next.4zida.rs/novogradnja/prokuplje'","19","'Novogradnja u Prokuplju'"]}