{"uid":"5ac8c6d766eb59df","name":"Check Search Form: Subcategories dropdown","fullName":"tests.test_ui_home_page.TestUIHomePage#test_check_search_form_subcategory_dropdown","historyId":"b255d88c4df4d64abdc3e5316b043519","time":{"start":1709664435195,"stop":1709664442817,"duration":7622},"status":"failed","statusMessage":"AssertionError: Could not find an element with xpath: '//div[@test-data=\"search-form\"]//ul'","statusTrace":"self = <test_ui_home_page.TestUIHomePage object at 0x7f3c9a358be0>\nhome_page = <pom.pages.home_page.HomePage object at 0x7f3c9a1fc730>\ncategory = 'Garaže/parking'\nsubcategory = {'Tip garaže/parkinga': ('Garaža', 'Parking')}\n\n    @allure.id('5')\n    @allure.title('Check Search Form: Subcategories dropdown')\n    @pytest.mark.parametrize(\"category, subcategory\", [\n        (DropdownType.APARTMENT, DropdownSubtypes.NUMBER_OF_ROOMS),\n        (DropdownType.HOUSE, DropdownSubtypes.FLOORS),\n        (DropdownType.OFFICE, DropdownSubtypes.PLACE_TYPE),\n        (DropdownType.LOT, DropdownSubtypes.LAND_TYPE),\n        (DropdownType.VEHICLESPOT, DropdownSubtypes.GARAGE_PARKING_TYPE)\n    ])\n    def test_check_search_form_subcategory_dropdown(self, home_page: HomePage, category: str, subcategory: dict):\n        home_page.visit()\n        home_page.check_search_form_is_visible()\n        home_page.search_form.select_type(category)\n>       home_page.search_form.check_combobox_subtype(category,\n                                                     list(subcategory.keys())[0],\n                                                     list(subcategory.values())[0])\n\ntests/test_ui_home_page.py:65: \n_ _ _ _ _ _ _ _ _ _ _ _ _ _ _ _ _ _ _ _ _ _ _ _ _ _ _ _ _ _ _ _ _ _ _ _ _ _ _ _ \npom/pages/forms/search_form.py:186: in check_combobox_subtype\n    self.combobox_subtype_select.should_be_visible()\npom/page_factory/component.py:41: in should_be_visible\n    element = self.get_element(**kwargs)\npom/page_factory/component.py:26: in get_element\n    return self._page.get_xpath(locator)\n_ _ _ _ _ _ _ _ _ _ _ _ _ _ _ _ _ _ _ _ _ _ _ _ _ _ _ _ _ _ _ _ _ _ _ _ _ _ _ _ \n\nself = <pom.models.page.Page object at 0x7f3c9a1fe8c0>\nxpath = '//div[@test-data=\"search-form\"]//ul', timeout = None\n\n    def get_xpath(self, xpath: str, timeout: int = None) -> Element:\n        \"\"\"\n        Finds the DOM element that match the XPATH selector.\n    \n        * If 'timeout=None' (default), use the default wait_time.\n        * If 'timeout > 0', override the default wait_time.\n        * If 'timeout=0', poll the DOM immediately without any waiting.\n        \"\"\"\n        logger.info(\n            \"Page.get_xpath() - Get the element with xpath: '%s'\", xpath\n        )\n        value = True\n        element = None\n        by = By.XPATH\n    \n        try:\n            if timeout == 0:\n                element = self.webdriver.find_element(by, xpath)\n            else:\n                element = self.wait(timeout).until(\n                    lambda x: x.find_element(by, xpath),\n                    f\"Could not find an element with xpath: '{xpath}'\"\n                )\n        except TimeoutException:\n            value = False\n    \n        if value:\n            return Element(self, element, locator=(by, xpath))\n>       raise AssertionError(\n            f\"Could not find an element with xpath: '{xpath}'\"\n        )\nE       AssertionError: Could not find an element with xpath: '//div[@test-data=\"search-form\"]//ul'\n\npom/models/page.py:169: AssertionError","flaky":false,"newFailed":false,"newBroken":false,"newPassed":false,"retriesCount":0,"retriesStatusChange":false,"beforeStages":[{"name":"ui_config","time":{"start":1709664359745,"stop":1709664359747,"duration":2},"status":"passed","steps":[],"attachments":[],"parameters":[],"shouldDisplayMessage":false,"stepsCount":0,"attachmentsCount":0,"hasContent":false},{"name":"page","time":{"start":1709664434793,"stop":1709664435194,"duration":401},"status":"passed","steps":[],"attachments":[],"parameters":[],"shouldDisplayMessage":false,"stepsCount":0,"attachmentsCount":0,"hasContent":false},{"name":"home_page","time":{"start":1709664435194,"stop":1709664435194,"duration":0},"status":"passed","steps":[],"attachments":[],"parameters":[],"shouldDisplayMessage":false,"stepsCount":0,"attachmentsCount":0,"hasContent":false}],"testStage":{"status":"failed","statusMessage":"AssertionError: Could not find an element with xpath: '//div[@test-data=\"search-form\"]//ul'","statusTrace":"self = <test_ui_home_page.TestUIHomePage object at 0x7f3c9a358be0>\nhome_page = <pom.pages.home_page.HomePage object at 0x7f3c9a1fc730>\ncategory = 'Garaže/parking'\nsubcategory = {'Tip garaže/parkinga': ('Garaža', 'Parking')}\n\n    @allure.id('5')\n    @allure.title('Check Search Form: Subcategories dropdown')\n    @pytest.mark.parametrize(\"category, subcategory\", [\n        (DropdownType.APARTMENT, DropdownSubtypes.NUMBER_OF_ROOMS),\n        (DropdownType.HOUSE, DropdownSubtypes.FLOORS),\n        (DropdownType.OFFICE, DropdownSubtypes.PLACE_TYPE),\n        (DropdownType.LOT, DropdownSubtypes.LAND_TYPE),\n        (DropdownType.VEHICLESPOT, DropdownSubtypes.GARAGE_PARKING_TYPE)\n    ])\n    def test_check_search_form_subcategory_dropdown(self, home_page: HomePage, category: str, subcategory: dict):\n        home_page.visit()\n        home_page.check_search_form_is_visible()\n        home_page.search_form.select_type(category)\n>       home_page.search_form.check_combobox_subtype(category,\n                                                     list(subcategory.keys())[0],\n                                                     list(subcategory.values())[0])\n\ntests/test_ui_home_page.py:65: \n_ _ _ _ _ _ _ _ _ _ _ _ _ _ _ _ _ _ _ _ _ _ _ _ _ _ _ _ _ _ _ _ _ _ _ _ _ _ _ _ \npom/pages/forms/search_form.py:186: in check_combobox_subtype\n    self.combobox_subtype_select.should_be_visible()\npom/page_factory/component.py:41: in should_be_visible\n    element = self.get_element(**kwargs)\npom/page_factory/component.py:26: in get_element\n    return self._page.get_xpath(locator)\n_ _ _ _ _ _ _ _ _ _ _ _ _ _ _ _ _ _ _ _ _ _ _ _ _ _ _ _ _ _ _ _ _ _ _ _ _ _ _ _ \n\nself = <pom.models.page.Page object at 0x7f3c9a1fe8c0>\nxpath = '//div[@test-data=\"search-form\"]//ul', timeout = None\n\n    def get_xpath(self, xpath: str, timeout: int = None) -> Element:\n        \"\"\"\n        Finds the DOM element that match the XPATH selector.\n    \n        * If 'timeout=None' (default), use the default wait_time.\n        * If 'timeout > 0', override the default wait_time.\n        * If 'timeout=0', poll the DOM immediately without any waiting.\n        \"\"\"\n        logger.info(\n            \"Page.get_xpath() - Get the element with xpath: '%s'\", xpath\n        )\n        value = True\n        element = None\n        by = By.XPATH\n    \n        try:\n            if timeout == 0:\n                element = self.webdriver.find_element(by, xpath)\n            else:\n                element = self.wait(timeout).until(\n                    lambda x: x.find_element(by, xpath),\n                    f\"Could not find an element with xpath: '{xpath}'\"\n                )\n        except TimeoutException:\n            value = False\n    \n        if value:\n            return Element(self, element, locator=(by, xpath))\n>       raise AssertionError(\n            f\"Could not find an element with xpath: '{xpath}'\"\n        )\nE       AssertionError: Could not find an element with xpath: '//div[@test-data=\"search-form\"]//ul'\n\npom/models/page.py:169: AssertionError","steps":[{"name":"Opening the url \"https://next.4zida.rs\"","time":{"start":1709664435195,"stop":1709664437255,"duration":2060},"status":"passed","steps":[],"attachments":[],"parameters":[],"shouldDisplayMessage":false,"stepsCount":0,"attachmentsCount":0,"hasContent":false},{"name":"Checking that Search form is visible","time":{"start":1709664437255,"stop":1709664437287,"duration":32},"status":"passed","steps":[{"name":"Checking that form \"Search Form\" is visible","time":{"start":1709664437255,"stop":1709664437287,"duration":32},"status":"passed","steps":[{"name":"Getting form with the name \"Search Form\" and the locator \"//div[@test-data=\"search-form\"]\"","time":{"start":1709664437255,"stop":1709664437265,"duration":10},"status":"passed","steps":[],"attachments":[],"parameters":[],"shouldDisplayMessage":false,"stepsCount":0,"attachmentsCount":0,"hasContent":false}],"attachments":[],"parameters":[],"shouldDisplayMessage":false,"stepsCount":1,"attachmentsCount":0,"hasContent":true}],"attachments":[],"parameters":[],"shouldDisplayMessage":false,"stepsCount":2,"attachmentsCount":0,"hasContent":true},{"name":"Select option \"'Garaže/parking'\" in dropdown \"Tip\"","time":{"start":1709664437287,"stop":1709664437638,"duration":351},"status":"passed","steps":[{"name":"Clicking select with name \"Search Form Dropdown 'Tip'\"","time":{"start":1709664437287,"stop":1709664437474,"duration":187},"status":"passed","steps":[{"name":"Getting select with the name \"Search Form Dropdown 'Tip'\" and the locator \"//div[@test-data=\"search-form\"]//button[@role=\"combobox\"]\"","time":{"start":1709664437287,"stop":1709664437298,"duration":11},"status":"passed","steps":[],"attachments":[],"parameters":[],"shouldDisplayMessage":false,"stepsCount":0,"attachmentsCount":0,"hasContent":false}],"attachments":[],"parameters":[],"shouldDisplayMessage":false,"stepsCount":1,"attachmentsCount":0,"hasContent":true},{"name":"Clicking button with name \"Search Form Dropdown Option 'Garaže/parking'\"","time":{"start":1709664437475,"stop":1709664437614,"duration":139},"status":"passed","steps":[{"name":"Getting button with the name \"Search Form Dropdown Option 'Garaže/parking'\" and the locator \"//div[@data-radix-popper-content-wrapper]//span[text()=\"Garaže/parking\"]\"","time":{"start":1709664437475,"stop":1709664437488,"duration":13},"status":"passed","steps":[],"attachments":[],"parameters":[],"shouldDisplayMessage":false,"stepsCount":0,"attachmentsCount":0,"hasContent":false}],"attachments":[],"parameters":[],"shouldDisplayMessage":false,"stepsCount":1,"attachmentsCount":0,"hasContent":true},{"name":"Checking that option has an attribute \"selected\"","time":{"start":1709664437614,"stop":1709664437638,"duration":24},"status":"passed","steps":[{"name":"Getting option with the name \"Search Form Select Option 'Garaže/parking'\" and the locator \"//div[@test-data=\"search-form\"]//option[@value=\"vehiclespot\"]\"","time":{"start":1709664437614,"stop":1709664437627,"duration":13},"status":"passed","steps":[],"attachments":[],"parameters":[],"shouldDisplayMessage":false,"stepsCount":0,"attachmentsCount":0,"hasContent":false}],"attachments":[],"parameters":[],"shouldDisplayMessage":false,"stepsCount":1,"attachmentsCount":0,"hasContent":true}],"attachments":[],"parameters":[{"name":"value","value":"'Garaže/parking'"}],"shouldDisplayMessage":false,"stepsCount":6,"attachmentsCount":0,"hasContent":true},{"name":"Check Combobox Subcategory for \"Tip\" = \"'Garaže/parking'\"","time":{"start":1709664437639,"stop":1709664442817,"duration":5178},"status":"failed","statusMessage":"AssertionError: Could not find an element with xpath: '//div[@test-data=\"search-form\"]//ul'\n","statusTrace":"  File \"/usr/local/lib/python3.10/site-packages/allure_commons/_allure.py\", line 192, in impl\n    return func(*a, **kw)\n  File \"/code/pom/pages/forms/search_form.py\", line 186, in check_combobox_subtype\n    self.combobox_subtype_select.should_be_visible()\n  File \"/code/pom/page_factory/component.py\", line 41, in should_be_visible\n    element = self.get_element(**kwargs)\n  File \"/code/pom/page_factory/component.py\", line 26, in get_element\n    return self._page.get_xpath(locator)\n  File \"/code/pom/models/page.py\", line 169, in get_xpath\n    raise AssertionError(\n","steps":[{"name":"Checking that text \"Search Form Combobox Subcategory Title\" is visible","time":{"start":1709664437639,"stop":1709664437664,"duration":25},"status":"passed","steps":[{"name":"Getting text with the name \"Search Form Combobox Subcategory Title\" and the locator \"//div[@test-data=\"search-form\"]//div[3]//button/span[2]\"","time":{"start":1709664437639,"stop":1709664437648,"duration":9},"status":"passed","steps":[],"attachments":[],"parameters":[],"shouldDisplayMessage":false,"stepsCount":0,"attachmentsCount":0,"hasContent":false}],"attachments":[],"parameters":[],"shouldDisplayMessage":false,"stepsCount":1,"attachmentsCount":0,"hasContent":true},{"name":"Checking that text \"Search Form Combobox Subcategory Title\" has a text \"Tip garaže/parkinga\"","time":{"start":1709664437664,"stop":1709664437678,"duration":14},"status":"passed","steps":[{"name":"Getting text with the name \"Search Form Combobox Subcategory Title\" and the locator \"//div[@test-data=\"search-form\"]//div[3]//button/span[2]\"","time":{"start":1709664437664,"stop":1709664437671,"duration":7},"status":"passed","steps":[],"attachments":[],"parameters":[],"shouldDisplayMessage":false,"stepsCount":0,"attachmentsCount":0,"hasContent":false}],"attachments":[],"parameters":[],"shouldDisplayMessage":false,"stepsCount":1,"attachmentsCount":0,"hasContent":true},{"name":"Checking that select \"Search Form Combobox Subcategory Select\" is visible","time":{"start":1709664437678,"stop":1709664442817,"duration":5139},"status":"failed","statusMessage":"AssertionError: Could not find an element with xpath: '//div[@test-data=\"search-form\"]//ul'\n","statusTrace":"  File \"/code/pom/page_factory/component.py\", line 41, in should_be_visible\n    element = self.get_element(**kwargs)\n  File \"/code/pom/page_factory/component.py\", line 26, in get_element\n    return self._page.get_xpath(locator)\n  File \"/code/pom/models/page.py\", line 169, in get_xpath\n    raise AssertionError(\n","steps":[{"name":"Getting select with the name \"Search Form Combobox Subcategory Select\" and the locator \"//div[@test-data=\"search-form\"]//ul\"","time":{"start":1709664437678,"stop":1709664442817,"duration":5139},"status":"failed","statusMessage":"AssertionError: Could not find an element with xpath: '//div[@test-data=\"search-form\"]//ul'\n","statusTrace":"  File \"/code/pom/page_factory/component.py\", line 26, in get_element\n    return self._page.get_xpath(locator)\n  File \"/code/pom/models/page.py\", line 169, in get_xpath\n    raise AssertionError(\n","steps":[],"attachments":[],"parameters":[],"shouldDisplayMessage":true,"stepsCount":0,"attachmentsCount":0,"hasContent":true}],"attachments":[],"parameters":[],"shouldDisplayMessage":false,"stepsCount":1,"attachmentsCount":0,"hasContent":true}],"attachments":[],"parameters":[{"name":"type_value","value":"'Garaže/parking'"},{"name":"subtype","value":"'Tip garaže/parkinga'"},{"name":"subtype_values","value":"('Garaža', 'Parking')"}],"shouldDisplayMessage":false,"stepsCount":6,"attachmentsCount":0,"hasContent":true}],"attachments":[{"uid":"361313061c265f0d","name":"log","source":"361313061c265f0d.txt","type":"text/plain","size":2460}],"parameters":[],"shouldDisplayMessage":true,"stepsCount":18,"attachmentsCount":1,"hasContent":true},"afterStages":[{"name":"page::0","time":{"start":1709664442833,"stop":1709664442971,"duration":138},"status":"broken","statusMessage":"FileNotFoundError: [Errno 2] No such file or directory: 'screenshots/test_check_search_form_subcategory_dropdown[Gara\\\\u017ee/parking]2024-03-05T184722.png'\n","statusTrace":"  File \"/usr/local/lib/python3.10/site-packages/allure_commons/_allure.py\", line 221, in __call__\n    return self._fixture_function(*args, **kwargs)\n  File \"/usr/local/lib/python3.10/site-packages/_pytest/fixtures.py\", line 917, in _teardown_yield_fixture\n    next(it)\n  File \"/code/conftest.py\", line 51, in page\n    attach_screenshot(page_client, request.node.name)\n  File \"/code/utils/attach_screenshot.py\", line 21, in attach_screenshot\n    allure.attach.file(\n  File \"/usr/local/lib/python3.10/site-packages/allure_commons/_allure.py\", line 203, in file\n    plugin_manager.hook.attach_file(source=source, name=name, attachment_type=attachment_type, extension=extension)\n  File \"/usr/local/lib/python3.10/site-packages/pluggy/_hooks.py\", line 501, in __call__\n    return self._hookexec(self.name, self._hookimpls.copy(), kwargs, firstresult)\n  File \"/usr/local/lib/python3.10/site-packages/pluggy/_manager.py\", line 119, in _hookexec\n    return self._inner_hookexec(hook_name, methods, kwargs, firstresult)\n  File \"/usr/local/lib/python3.10/site-packages/pluggy/_callers.py\", line 138, in _multicall\n    raise exception.with_traceback(exception.__traceback__)\n  File \"/usr/local/lib/python3.10/site-packages/pluggy/_callers.py\", line 102, in _multicall\n    res = hook_impl.function(*args)\n  File \"/usr/local/lib/python3.10/site-packages/allure_pytest/listener.py\", line 233, in attach_file\n    self.allure_logger.attach_file(uuid4(), source, name=name, attachment_type=attachment_type, extension=extension)\n  File \"/usr/local/lib/python3.10/site-packages/allure_commons/reporter.py\", line 160, in attach_file\n    plugin_manager.hook.report_attached_file(source=source, file_name=file_name)\n  File \"/usr/local/lib/python3.10/site-packages/pluggy/_hooks.py\", line 501, in __call__\n    return self._hookexec(self.name, self._hookimpls.copy(), kwargs, firstresult)\n  File \"/usr/local/lib/python3.10/site-packages/pluggy/_manager.py\", line 119, in _hookexec\n    return self._inner_hookexec(hook_name, methods, kwargs, firstresult)\n  File \"/usr/local/lib/python3.10/site-packages/pluggy/_callers.py\", line 138, in _multicall\n    raise exception.with_traceback(exception.__traceback__)\n  File \"/usr/local/lib/python3.10/site-packages/pluggy/_callers.py\", line 102, in _multicall\n    res = hook_impl.function(*args)\n  File \"/usr/local/lib/python3.10/site-packages/allure_commons/logger.py\", line 53, in report_attached_file\n    shutil.copy2(source, destination)\n  File \"/usr/local/lib/python3.10/shutil.py\", line 434, in copy2\n    copyfile(src, dst, follow_symlinks=follow_symlinks)\n  File \"/usr/local/lib/python3.10/shutil.py\", line 254, in copyfile\n    with open(src, 'rb') as fsrc:\n","steps":[],"attachments":[{"name":"test_check_search_form_subcategory_dropdown[Gara\\u017ee/parking]","type":"image/png","size":0}],"parameters":[],"shouldDisplayMessage":true,"stepsCount":0,"attachmentsCount":1,"hasContent":true}],"labels":[{"name":"as_id","value":"5"},{"name":"severity","value":"critical"},{"name":"suite","value":"UI Functional Tests"},{"name":"tag","value":"order(1)"},{"name":"tag","value":"chrome_mobile"},{"name":"tag","value":"ui"},{"name":"parentSuite","value":"tests"},{"name":"subSuite","value":"TestUIHomePage"},{"name":"host","value":"40ff07e7dcd4"},{"name":"thread","value":"1-MainThread"},{"name":"framework","value":"pytest"},{"name":"language","value":"cpython3"},{"name":"package","value":"tests.test_ui_home_page"},{"name":"resultFormat","value":"allure2"}],"parameters":[{"name":"category","value":"'Garaže/parking'"},{"name":"subcategory","value":"{'Tip garaže/parkinga': ('Garaža', 'Parking')}"}],"links":[],"hidden":false,"retry":false,"extra":{"severity":"critical","retries":[],"categories":[{"name":"Product defects","matchedStatuses":[],"flaky":false}],"tags":["order(1)","ui","chrome_mobile"]},"source":"5ac8c6d766eb59df.json","parameterValues":["'Garaže/parking'","{'Tip garaže/parkinga': ('Garaža', 'Parking')}"]}