{"uid":"e1d690455bfc77c6","name":"Check Search Form: Subcategories dropdown","fullName":"tests.test_ui_home_page.TestUIHomePage#test_check_search_form_subcategory_dropdown","historyId":"622049784aee9fd1e1b8f34138669fd3","time":{"start":1709664409396,"stop":1709664417235,"duration":7839},"status":"failed","statusMessage":"AssertionError: Could not find an element with xpath: '//div[@test-data=\"search-form\"]//ul'","statusTrace":"self = <test_ui_home_page.TestUIHomePage object at 0x7f3c9a35ae60>\nhome_page = <pom.pages.home_page.HomePage object at 0x7f3c99fdfb80>\ncategory = 'Kuće'\nsubcategory = {'Etaž': ('1-etažna kuća', '2-etažna kuća', '3-etažna kuća', '4-etažna kuća', '5-etažna kuća', '5-etažna kuća')}\n\n    @allure.id('5')\n    @allure.title('Check Search Form: Subcategories dropdown')\n    @pytest.mark.parametrize(\"category, subcategory\", [\n        (DropdownType.APARTMENT, DropdownSubtypes.NUMBER_OF_ROOMS),\n        (DropdownType.HOUSE, DropdownSubtypes.FLOORS),\n        (DropdownType.OFFICE, DropdownSubtypes.PLACE_TYPE),\n        (DropdownType.LOT, DropdownSubtypes.LAND_TYPE),\n        (DropdownType.VEHICLESPOT, DropdownSubtypes.GARAGE_PARKING_TYPE)\n    ])\n    def test_check_search_form_subcategory_dropdown(self, home_page: HomePage, category: str, subcategory: dict):\n        home_page.visit()\n        home_page.check_search_form_is_visible()\n        home_page.search_form.select_type(category)\n>       home_page.search_form.check_combobox_subtype(category,\n                                                     list(subcategory.keys())[0],\n                                                     list(subcategory.values())[0])\n\ntests/test_ui_home_page.py:65: \n_ _ _ _ _ _ _ _ _ _ _ _ _ _ _ _ _ _ _ _ _ _ _ _ _ _ _ _ _ _ _ _ _ _ _ _ _ _ _ _ \npom/pages/forms/search_form.py:186: in check_combobox_subtype\n    self.combobox_subtype_select.should_be_visible()\npom/page_factory/component.py:41: in should_be_visible\n    element = self.get_element(**kwargs)\npom/page_factory/component.py:26: in get_element\n    return self._page.get_xpath(locator)\n_ _ _ _ _ _ _ _ _ _ _ _ _ _ _ _ _ _ _ _ _ _ _ _ _ _ _ _ _ _ _ _ _ _ _ _ _ _ _ _ \n\nself = <pom.models.page.Page object at 0x7f3c99fdc3a0>\nxpath = '//div[@test-data=\"search-form\"]//ul', timeout = None\n\n    def get_xpath(self, xpath: str, timeout: int = None) -> Element:\n        \"\"\"\n        Finds the DOM element that match the XPATH selector.\n    \n        * If 'timeout=None' (default), use the default wait_time.\n        * If 'timeout > 0', override the default wait_time.\n        * If 'timeout=0', poll the DOM immediately without any waiting.\n        \"\"\"\n        logger.info(\n            \"Page.get_xpath() - Get the element with xpath: '%s'\", xpath\n        )\n        value = True\n        element = None\n        by = By.XPATH\n    \n        try:\n            if timeout == 0:\n                element = self.webdriver.find_element(by, xpath)\n            else:\n                element = self.wait(timeout).until(\n                    lambda x: x.find_element(by, xpath),\n                    f\"Could not find an element with xpath: '{xpath}'\"\n                )\n        except TimeoutException:\n            value = False\n    \n        if value:\n            return Element(self, element, locator=(by, xpath))\n>       raise AssertionError(\n            f\"Could not find an element with xpath: '{xpath}'\"\n        )\nE       AssertionError: Could not find an element with xpath: '//div[@test-data=\"search-form\"]//ul'\n\npom/models/page.py:169: AssertionError","flaky":false,"newFailed":false,"newBroken":false,"newPassed":false,"retriesCount":0,"retriesStatusChange":false,"beforeStages":[{"name":"ui_config","time":{"start":1709664359745,"stop":1709664359747,"duration":2},"status":"passed","steps":[],"attachments":[],"parameters":[],"shouldDisplayMessage":false,"stepsCount":0,"attachmentsCount":0,"hasContent":false},{"name":"page","time":{"start":1709664408993,"stop":1709664409395,"duration":402},"status":"passed","steps":[],"attachments":[],"parameters":[],"shouldDisplayMessage":false,"stepsCount":0,"attachmentsCount":0,"hasContent":false},{"name":"home_page","time":{"start":1709664409395,"stop":1709664409395,"duration":0},"status":"passed","steps":[],"attachments":[],"parameters":[],"shouldDisplayMessage":false,"stepsCount":0,"attachmentsCount":0,"hasContent":false}],"testStage":{"status":"failed","statusMessage":"AssertionError: Could not find an element with xpath: '//div[@test-data=\"search-form\"]//ul'","statusTrace":"self = <test_ui_home_page.TestUIHomePage object at 0x7f3c9a35ae60>\nhome_page = <pom.pages.home_page.HomePage object at 0x7f3c99fdfb80>\ncategory = 'Kuće'\nsubcategory = {'Etaž': ('1-etažna kuća', '2-etažna kuća', '3-etažna kuća', '4-etažna kuća', '5-etažna kuća', '5-etažna kuća')}\n\n    @allure.id('5')\n    @allure.title('Check Search Form: Subcategories dropdown')\n    @pytest.mark.parametrize(\"category, subcategory\", [\n        (DropdownType.APARTMENT, DropdownSubtypes.NUMBER_OF_ROOMS),\n        (DropdownType.HOUSE, DropdownSubtypes.FLOORS),\n        (DropdownType.OFFICE, DropdownSubtypes.PLACE_TYPE),\n        (DropdownType.LOT, DropdownSubtypes.LAND_TYPE),\n        (DropdownType.VEHICLESPOT, DropdownSubtypes.GARAGE_PARKING_TYPE)\n    ])\n    def test_check_search_form_subcategory_dropdown(self, home_page: HomePage, category: str, subcategory: dict):\n        home_page.visit()\n        home_page.check_search_form_is_visible()\n        home_page.search_form.select_type(category)\n>       home_page.search_form.check_combobox_subtype(category,\n                                                     list(subcategory.keys())[0],\n                                                     list(subcategory.values())[0])\n\ntests/test_ui_home_page.py:65: \n_ _ _ _ _ _ _ _ _ _ _ _ _ _ _ _ _ _ _ _ _ _ _ _ _ _ _ _ _ _ _ _ _ _ _ _ _ _ _ _ \npom/pages/forms/search_form.py:186: in check_combobox_subtype\n    self.combobox_subtype_select.should_be_visible()\npom/page_factory/component.py:41: in should_be_visible\n    element = self.get_element(**kwargs)\npom/page_factory/component.py:26: in get_element\n    return self._page.get_xpath(locator)\n_ _ _ _ _ _ _ _ _ _ _ _ _ _ _ _ _ _ _ _ _ _ _ _ _ _ _ _ _ _ _ _ _ _ _ _ _ _ _ _ \n\nself = <pom.models.page.Page object at 0x7f3c99fdc3a0>\nxpath = '//div[@test-data=\"search-form\"]//ul', timeout = None\n\n    def get_xpath(self, xpath: str, timeout: int = None) -> Element:\n        \"\"\"\n        Finds the DOM element that match the XPATH selector.\n    \n        * If 'timeout=None' (default), use the default wait_time.\n        * If 'timeout > 0', override the default wait_time.\n        * If 'timeout=0', poll the DOM immediately without any waiting.\n        \"\"\"\n        logger.info(\n            \"Page.get_xpath() - Get the element with xpath: '%s'\", xpath\n        )\n        value = True\n        element = None\n        by = By.XPATH\n    \n        try:\n            if timeout == 0:\n                element = self.webdriver.find_element(by, xpath)\n            else:\n                element = self.wait(timeout).until(\n                    lambda x: x.find_element(by, xpath),\n                    f\"Could not find an element with xpath: '{xpath}'\"\n                )\n        except TimeoutException:\n            value = False\n    \n        if value:\n            return Element(self, element, locator=(by, xpath))\n>       raise AssertionError(\n            f\"Could not find an element with xpath: '{xpath}'\"\n        )\nE       AssertionError: Could not find an element with xpath: '//div[@test-data=\"search-form\"]//ul'\n\npom/models/page.py:169: AssertionError","steps":[{"name":"Opening the url \"https://next.4zida.rs\"","time":{"start":1709664409396,"stop":1709664411681,"duration":2285},"status":"passed","steps":[],"attachments":[],"parameters":[],"shouldDisplayMessage":false,"stepsCount":0,"attachmentsCount":0,"hasContent":false},{"name":"Checking that Search form is visible","time":{"start":1709664411681,"stop":1709664411712,"duration":31},"status":"passed","steps":[{"name":"Checking that form \"Search Form\" is visible","time":{"start":1709664411681,"stop":1709664411712,"duration":31},"status":"passed","steps":[{"name":"Getting form with the name \"Search Form\" and the locator \"//div[@test-data=\"search-form\"]\"","time":{"start":1709664411681,"stop":1709664411693,"duration":12},"status":"passed","steps":[],"attachments":[],"parameters":[],"shouldDisplayMessage":false,"stepsCount":0,"attachmentsCount":0,"hasContent":false}],"attachments":[],"parameters":[],"shouldDisplayMessage":false,"stepsCount":1,"attachmentsCount":0,"hasContent":true}],"attachments":[],"parameters":[],"shouldDisplayMessage":false,"stepsCount":2,"attachmentsCount":0,"hasContent":true},{"name":"Select option \"'Kuće'\" in dropdown \"Tip\"","time":{"start":1709664411712,"stop":1709664412055,"duration":343},"status":"passed","steps":[{"name":"Clicking select with name \"Search Form Dropdown 'Tip'\"","time":{"start":1709664411712,"stop":1709664411892,"duration":180},"status":"passed","steps":[{"name":"Getting select with the name \"Search Form Dropdown 'Tip'\" and the locator \"//div[@test-data=\"search-form\"]//button[@role=\"combobox\"]\"","time":{"start":1709664411712,"stop":1709664411723,"duration":11},"status":"passed","steps":[],"attachments":[],"parameters":[],"shouldDisplayMessage":false,"stepsCount":0,"attachmentsCount":0,"hasContent":false}],"attachments":[],"parameters":[],"shouldDisplayMessage":false,"stepsCount":1,"attachmentsCount":0,"hasContent":true},{"name":"Clicking button with name \"Search Form Dropdown Option 'Kuće'\"","time":{"start":1709664411892,"stop":1709664412031,"duration":139},"status":"passed","steps":[{"name":"Getting button with the name \"Search Form Dropdown Option 'Kuće'\" and the locator \"//div[@data-radix-popper-content-wrapper]//span[text()=\"Kuće\"]\"","time":{"start":1709664411893,"stop":1709664411906,"duration":13},"status":"passed","steps":[],"attachments":[],"parameters":[],"shouldDisplayMessage":false,"stepsCount":0,"attachmentsCount":0,"hasContent":false}],"attachments":[],"parameters":[],"shouldDisplayMessage":false,"stepsCount":1,"attachmentsCount":0,"hasContent":true},{"name":"Checking that option has an attribute \"selected\"","time":{"start":1709664412032,"stop":1709664412055,"duration":23},"status":"passed","steps":[{"name":"Getting option with the name \"Search Form Select Option 'Kuće'\" and the locator \"//div[@test-data=\"search-form\"]//option[@value=\"house\"]\"","time":{"start":1709664412032,"stop":1709664412043,"duration":11},"status":"passed","steps":[],"attachments":[],"parameters":[],"shouldDisplayMessage":false,"stepsCount":0,"attachmentsCount":0,"hasContent":false}],"attachments":[],"parameters":[],"shouldDisplayMessage":false,"stepsCount":1,"attachmentsCount":0,"hasContent":true}],"attachments":[],"parameters":[{"name":"value","value":"'Kuće'"}],"shouldDisplayMessage":false,"stepsCount":6,"attachmentsCount":0,"hasContent":true},{"name":"Check Combobox Subcategory for \"Tip\" = \"'Kuće'\"","time":{"start":1709664412055,"stop":1709664417234,"duration":5179},"status":"failed","statusMessage":"AssertionError: Could not find an element with xpath: '//div[@test-data=\"search-form\"]//ul'\n","statusTrace":"  File \"/usr/local/lib/python3.10/site-packages/allure_commons/_allure.py\", line 192, in impl\n    return func(*a, **kw)\n  File \"/code/pom/pages/forms/search_form.py\", line 186, in check_combobox_subtype\n    self.combobox_subtype_select.should_be_visible()\n  File \"/code/pom/page_factory/component.py\", line 41, in should_be_visible\n    element = self.get_element(**kwargs)\n  File \"/code/pom/page_factory/component.py\", line 26, in get_element\n    return self._page.get_xpath(locator)\n  File \"/code/pom/models/page.py\", line 169, in get_xpath\n    raise AssertionError(\n","steps":[{"name":"Checking that text \"Search Form Combobox Subcategory Title\" is visible","time":{"start":1709664412055,"stop":1709664412082,"duration":27},"status":"passed","steps":[{"name":"Getting text with the name \"Search Form Combobox Subcategory Title\" and the locator \"//div[@test-data=\"search-form\"]//div[3]//button/span[2]\"","time":{"start":1709664412055,"stop":1709664412065,"duration":10},"status":"passed","steps":[],"attachments":[],"parameters":[],"shouldDisplayMessage":false,"stepsCount":0,"attachmentsCount":0,"hasContent":false}],"attachments":[],"parameters":[],"shouldDisplayMessage":false,"stepsCount":1,"attachmentsCount":0,"hasContent":true},{"name":"Checking that text \"Search Form Combobox Subcategory Title\" has a text \"Etaž\"","time":{"start":1709664412082,"stop":1709664412098,"duration":16},"status":"passed","steps":[{"name":"Getting text with the name \"Search Form Combobox Subcategory Title\" and the locator \"//div[@test-data=\"search-form\"]//div[3]//button/span[2]\"","time":{"start":1709664412082,"stop":1709664412090,"duration":8},"status":"passed","steps":[],"attachments":[],"parameters":[],"shouldDisplayMessage":false,"stepsCount":0,"attachmentsCount":0,"hasContent":false}],"attachments":[],"parameters":[],"shouldDisplayMessage":false,"stepsCount":1,"attachmentsCount":0,"hasContent":true},{"name":"Checking that select \"Search Form Combobox Subcategory Select\" is visible","time":{"start":1709664412098,"stop":1709664417234,"duration":5136},"status":"failed","statusMessage":"AssertionError: Could not find an element with xpath: '//div[@test-data=\"search-form\"]//ul'\n","statusTrace":"  File \"/code/pom/page_factory/component.py\", line 41, in should_be_visible\n    element = self.get_element(**kwargs)\n  File \"/code/pom/page_factory/component.py\", line 26, in get_element\n    return self._page.get_xpath(locator)\n  File \"/code/pom/models/page.py\", line 169, in get_xpath\n    raise AssertionError(\n","steps":[{"name":"Getting select with the name \"Search Form Combobox Subcategory Select\" and the locator \"//div[@test-data=\"search-form\"]//ul\"","time":{"start":1709664412098,"stop":1709664417234,"duration":5136},"status":"failed","statusMessage":"AssertionError: Could not find an element with xpath: '//div[@test-data=\"search-form\"]//ul'\n","statusTrace":"  File \"/code/pom/page_factory/component.py\", line 26, in get_element\n    return self._page.get_xpath(locator)\n  File \"/code/pom/models/page.py\", line 169, in get_xpath\n    raise AssertionError(\n","steps":[],"attachments":[],"parameters":[],"shouldDisplayMessage":true,"stepsCount":0,"attachmentsCount":0,"hasContent":true}],"attachments":[],"parameters":[],"shouldDisplayMessage":false,"stepsCount":1,"attachmentsCount":0,"hasContent":true}],"attachments":[],"parameters":[{"name":"type_value","value":"'Kuće'"},{"name":"subtype","value":"'Etaž'"},{"name":"subtype_values","value":"('1-etažna kuća', '2-etažna kuća', '3-etažna kuća', '4-etažna kuća', '5-etažna kuća', '5-etažna kuća')"}],"shouldDisplayMessage":false,"stepsCount":6,"attachmentsCount":0,"hasContent":true}],"attachments":[{"uid":"1a9e7c0142dc8436","name":"log","source":"1a9e7c0142dc8436.txt","type":"text/plain","size":2434}],"parameters":[],"shouldDisplayMessage":true,"stepsCount":18,"attachmentsCount":1,"hasContent":true},"afterStages":[{"name":"page::0","time":{"start":1709664417251,"stop":1709664417390,"duration":139},"status":"passed","steps":[],"attachments":[{"uid":"1ea66148097d09a1","name":"test_check_search_form_subcategory_dropdown[Ku\\u0107e]","source":"1ea66148097d09a1.png","type":"image/png","size":150424}],"parameters":[],"shouldDisplayMessage":false,"stepsCount":0,"attachmentsCount":1,"hasContent":true}],"labels":[{"name":"as_id","value":"5"},{"name":"severity","value":"critical"},{"name":"suite","value":"UI Functional Tests"},{"name":"tag","value":"order(1)"},{"name":"tag","value":"chrome_mobile"},{"name":"tag","value":"ui"},{"name":"parentSuite","value":"tests"},{"name":"subSuite","value":"TestUIHomePage"},{"name":"host","value":"40ff07e7dcd4"},{"name":"thread","value":"1-MainThread"},{"name":"framework","value":"pytest"},{"name":"language","value":"cpython3"},{"name":"package","value":"tests.test_ui_home_page"},{"name":"resultFormat","value":"allure2"}],"parameters":[{"name":"category","value":"'Kuće'"},{"name":"subcategory","value":"{'Etaž': ('1-etažna kuća', '2-etažna kuća', '3-etažna kuća', '4-etažna kuća', '5-etažna kuća', '5-etažna kuća')}"}],"links":[],"hidden":false,"retry":false,"extra":{"severity":"critical","retries":[],"categories":[{"name":"Product defects","matchedStatuses":[],"flaky":false}],"tags":["order(1)","ui","chrome_mobile"]},"source":"e1d690455bfc77c6.json","parameterValues":["'Kuće'","{'Etaž': ('1-etažna kuća', '2-etažna kuća', '3-etažna kuća', '4-etažna kuća', '5-etažna kuća', '5-etažna kuća')}"]}