{"uid":"d0d0035795d99f98","name":"Check Login via Google","fullName":"tests.test_ui_home_page.TestUIHomePage#test_login_via_google","historyId":"a96d9303347a17607ad19a9f8d7b5600","time":{"start":1710071502890,"stop":1710071510986,"duration":8096},"status":"failed","statusMessage":"AssertionError: Could not find an element with xpath: '//div[@role=\"button\"]'","statusTrace":"self = <test_ui_home_page.TestUIHomePage object at 0x7fbaa5e5f280>\nhome_page = <pom.pages.home_page.HomePage object at 0x7fbaa5e50a90>\ncredentials = UserCredentials(registered_user_email='qa4zida.rs@yandex.ru', registered_user_password='uanP1gw!62HoXpx4', user_google...uanP1gw!62HoXpx4', new_user_email='qa4zida.rs@gmail.com', new_user_password='uanP1gw!62HoXpx4', x_api_key='ccc182a48b')\n\n    @allure.id('3')\n    @allure.title('Check Login via Google')\n    def test_login_via_google(self, home_page: HomePage, credentials: UserCredentials):\n        home_page.visit()\n        home_page.login_click()\n>       home_page.login_via_google(email=credentials.user_google_email,\n                                   password=credentials.user_google_password)\n\ntests/test_ui_home_page.py:51: \n_ _ _ _ _ _ _ _ _ _ _ _ _ _ _ _ _ _ _ _ _ _ _ _ _ _ _ _ _ _ _ _ _ _ _ _ _ _ _ _ \npom/pages/home_page.py:194: in login_via_google\n    self.login_form.login_via_google(email, password)\npom/pages/forms/login_form.py:84: in login_via_google\n    self.page.get_xpath_and_check_visibility(LoginFormLocators.LOGIN_GOOGLE_BUTTON)\npom/models/page.py:483: in get_xpath_and_check_visibility\n    element = self.get_xpath(xpath)\n_ _ _ _ _ _ _ _ _ _ _ _ _ _ _ _ _ _ _ _ _ _ _ _ _ _ _ _ _ _ _ _ _ _ _ _ _ _ _ _ \n\nself = <pom.models.page.Page object at 0x7fbaa5e53d00>\nxpath = '//div[@role=\"button\"]', timeout = None\n\n    def get_xpath(self, xpath: str, timeout: int = None) -> Element:\n        \"\"\"\n        Finds the DOM element that match the XPATH selector.\n    \n        * If 'timeout=None' (default), use the default wait_time.\n        * If 'timeout > 0', override the default wait_time.\n        * If 'timeout=0', poll the DOM immediately without any waiting.\n        \"\"\"\n        logger.info(\n            \"Page.get_xpath() - Get the element with xpath: '%s'\", xpath\n        )\n        value = True\n        element = None\n        by = By.XPATH\n    \n        try:\n            if timeout == 0:\n                element = self.webdriver.find_element(by, xpath)\n            else:\n                element = self.wait(timeout).until(\n                    lambda x: x.find_element(by, xpath),\n                    f\"Could not find an element with xpath: '{xpath}'\"\n                )\n        except TimeoutException:\n            value = False\n    \n        if value:\n            return Element(self, element, locator=(by, xpath))\n>       raise AssertionError(\n            f\"Could not find an element with xpath: '{xpath}'\"\n        )\nE       AssertionError: Could not find an element with xpath: '//div[@role=\"button\"]'\n\npom/models/page.py:167: AssertionError","flaky":false,"newFailed":false,"newBroken":false,"newPassed":false,"retriesCount":1,"retriesStatusChange":false,"beforeStages":[{"name":"ui_config","time":{"start":1710071412691,"stop":1710071412693,"duration":2},"status":"passed","steps":[],"attachments":[],"parameters":[],"shouldDisplayMessage":false,"stepsCount":0,"attachmentsCount":0,"hasContent":false},{"name":"page","time":{"start":1710071502487,"stop":1710071502888,"duration":401},"status":"passed","steps":[],"attachments":[],"parameters":[],"shouldDisplayMessage":false,"stepsCount":0,"attachmentsCount":0,"hasContent":false},{"name":"credentials","time":{"start":1710071502888,"stop":1710071502889,"duration":1},"status":"passed","steps":[],"attachments":[],"parameters":[],"shouldDisplayMessage":false,"stepsCount":0,"attachmentsCount":0,"hasContent":false},{"name":"home_page","time":{"start":1710071502888,"stop":1710071502888,"duration":0},"status":"passed","steps":[],"attachments":[],"parameters":[],"shouldDisplayMessage":false,"stepsCount":0,"attachmentsCount":0,"hasContent":false}],"testStage":{"status":"failed","statusMessage":"AssertionError: Could not find an element with xpath: '//div[@role=\"button\"]'","statusTrace":"self = <test_ui_home_page.TestUIHomePage object at 0x7fbaa5e5f280>\nhome_page = <pom.pages.home_page.HomePage object at 0x7fbaa5e50a90>\ncredentials = UserCredentials(registered_user_email='qa4zida.rs@yandex.ru', registered_user_password='uanP1gw!62HoXpx4', user_google...uanP1gw!62HoXpx4', new_user_email='qa4zida.rs@gmail.com', new_user_password='uanP1gw!62HoXpx4', x_api_key='ccc182a48b')\n\n    @allure.id('3')\n    @allure.title('Check Login via Google')\n    def test_login_via_google(self, home_page: HomePage, credentials: UserCredentials):\n        home_page.visit()\n        home_page.login_click()\n>       home_page.login_via_google(email=credentials.user_google_email,\n                                   password=credentials.user_google_password)\n\ntests/test_ui_home_page.py:51: \n_ _ _ _ _ _ _ _ _ _ _ _ _ _ _ _ _ _ _ _ _ _ _ _ _ _ _ _ _ _ _ _ _ _ _ _ _ _ _ _ \npom/pages/home_page.py:194: in login_via_google\n    self.login_form.login_via_google(email, password)\npom/pages/forms/login_form.py:84: in login_via_google\n    self.page.get_xpath_and_check_visibility(LoginFormLocators.LOGIN_GOOGLE_BUTTON)\npom/models/page.py:483: in get_xpath_and_check_visibility\n    element = self.get_xpath(xpath)\n_ _ _ _ _ _ _ _ _ _ _ _ _ _ _ _ _ _ _ _ _ _ _ _ _ _ _ _ _ _ _ _ _ _ _ _ _ _ _ _ \n\nself = <pom.models.page.Page object at 0x7fbaa5e53d00>\nxpath = '//div[@role=\"button\"]', timeout = None\n\n    def get_xpath(self, xpath: str, timeout: int = None) -> Element:\n        \"\"\"\n        Finds the DOM element that match the XPATH selector.\n    \n        * If 'timeout=None' (default), use the default wait_time.\n        * If 'timeout > 0', override the default wait_time.\n        * If 'timeout=0', poll the DOM immediately without any waiting.\n        \"\"\"\n        logger.info(\n            \"Page.get_xpath() - Get the element with xpath: '%s'\", xpath\n        )\n        value = True\n        element = None\n        by = By.XPATH\n    \n        try:\n            if timeout == 0:\n                element = self.webdriver.find_element(by, xpath)\n            else:\n                element = self.wait(timeout).until(\n                    lambda x: x.find_element(by, xpath),\n                    f\"Could not find an element with xpath: '{xpath}'\"\n                )\n        except TimeoutException:\n            value = False\n    \n        if value:\n            return Element(self, element, locator=(by, xpath))\n>       raise AssertionError(\n            f\"Could not find an element with xpath: '{xpath}'\"\n        )\nE       AssertionError: Could not find an element with xpath: '//div[@role=\"button\"]'\n\npom/models/page.py:167: AssertionError","steps":[{"name":"Opening the url \"https://next.4zida.rs\"","time":{"start":1710071502890,"stop":1710071505009,"duration":2119},"status":"passed","steps":[],"attachments":[],"parameters":[],"shouldDisplayMessage":false,"stepsCount":0,"attachmentsCount":0,"hasContent":false},{"name":"Click Login Button and check Login Dialog is visible","time":{"start":1710071505009,"stop":1710071505685,"duration":676},"status":"passed","steps":[{"name":"Clicking button with name \"Login Button\"","time":{"start":1710071505009,"stop":1710071505134,"duration":125},"status":"passed","steps":[{"name":"Getting button with the name \"Login Button\" and the locator \"//header/a[@href=\"?modal=prijava\"]\"","time":{"start":1710071505009,"stop":1710071505024,"duration":15},"status":"passed","steps":[],"attachments":[],"parameters":[],"shouldDisplayMessage":false,"stepsCount":0,"attachmentsCount":0,"hasContent":false}],"attachments":[],"parameters":[],"shouldDisplayMessage":false,"stepsCount":1,"attachmentsCount":0,"hasContent":true},{"name":"Checking that component \"Login Dialog\" is visible","time":{"start":1710071505134,"stop":1710071505685,"duration":551},"status":"passed","steps":[{"name":"Getting component with the name \"Login Dialog\" and the locator \"//div[@role=\"dialog\"]\"","time":{"start":1710071505134,"stop":1710071505663,"duration":529},"status":"passed","steps":[],"attachments":[],"parameters":[],"shouldDisplayMessage":false,"stepsCount":0,"attachmentsCount":0,"hasContent":false}],"attachments":[],"parameters":[],"shouldDisplayMessage":false,"stepsCount":1,"attachmentsCount":0,"hasContent":true}],"attachments":[],"parameters":[],"shouldDisplayMessage":false,"stepsCount":4,"attachmentsCount":0,"hasContent":true},{"name":"Login via Google","time":{"start":1710071505686,"stop":1710071510986,"duration":5300},"status":"failed","statusMessage":"AssertionError: Could not find an element with xpath: '//div[@role=\"button\"]'\n","statusTrace":"  File \"/usr/local/lib/python3.10/site-packages/allure_commons/_allure.py\", line 192, in impl\n    return func(*a, **kw)\n  File \"/code/pom/pages/home_page.py\", line 194, in login_via_google\n    self.login_form.login_via_google(email, password)\n  File \"/usr/local/lib/python3.10/site-packages/allure_commons/_allure.py\", line 192, in impl\n    return func(*a, **kw)\n  File \"/code/pom/pages/forms/login_form.py\", line 84, in login_via_google\n    self.page.get_xpath_and_check_visibility(LoginFormLocators.LOGIN_GOOGLE_BUTTON)\n  File \"/code/pom/models/page.py\", line 483, in get_xpath_and_check_visibility\n    element = self.get_xpath(xpath)\n  File \"/code/pom/models/page.py\", line 167, in get_xpath\n    raise AssertionError(\n","steps":[{"name":"Login via Google","time":{"start":1710071505686,"stop":1710071510986,"duration":5300},"status":"failed","statusMessage":"AssertionError: Could not find an element with xpath: '//div[@role=\"button\"]'\n","statusTrace":"  File \"/usr/local/lib/python3.10/site-packages/allure_commons/_allure.py\", line 192, in impl\n    return func(*a, **kw)\n  File \"/code/pom/pages/forms/login_form.py\", line 84, in login_via_google\n    self.page.get_xpath_and_check_visibility(LoginFormLocators.LOGIN_GOOGLE_BUTTON)\n  File \"/code/pom/models/page.py\", line 483, in get_xpath_and_check_visibility\n    element = self.get_xpath(xpath)\n  File \"/code/pom/models/page.py\", line 167, in get_xpath\n    raise AssertionError(\n","steps":[{"name":"Checking that component \"Login Google iframe\" is visible","time":{"start":1710071505686,"stop":1710071505719,"duration":33},"status":"passed","steps":[{"name":"Getting component with the name \"Login Google iframe\" and the locator \"//div[@role=\"dialog\"]//iframe\"","time":{"start":1710071505686,"stop":1710071505699,"duration":13},"status":"passed","steps":[],"attachments":[],"parameters":[],"shouldDisplayMessage":false,"stepsCount":0,"attachmentsCount":0,"hasContent":false}],"attachments":[],"parameters":[],"shouldDisplayMessage":false,"stepsCount":1,"attachmentsCount":0,"hasContent":true},{"name":"Clicking component with name \"Login Google iframe\"","time":{"start":1710071505720,"stop":1710071505831,"duration":111},"status":"passed","steps":[{"name":"Getting component with the name \"Login Google iframe\" and the locator \"//div[@role=\"dialog\"]//iframe\"","time":{"start":1710071505720,"stop":1710071505731,"duration":11},"status":"passed","steps":[],"attachments":[],"parameters":[],"shouldDisplayMessage":false,"stepsCount":0,"attachmentsCount":0,"hasContent":false}],"attachments":[],"parameters":[],"shouldDisplayMessage":false,"stepsCount":1,"attachmentsCount":0,"hasContent":true}],"attachments":[],"parameters":[{"name":"email","value":"'qa4zida.rs@gmail.com'"},{"name":"password","value":"'uanP1gw!62HoXpx4'"}],"shouldDisplayMessage":true,"stepsCount":4,"attachmentsCount":0,"hasContent":true}],"attachments":[],"parameters":[{"name":"email","value":"'qa4zida.rs@gmail.com'"},{"name":"password","value":"'uanP1gw!62HoXpx4'"}],"shouldDisplayMessage":false,"stepsCount":5,"attachmentsCount":0,"hasContent":true}],"attachments":[{"uid":"7075d899f34eb044","name":"log","source":"7075d899f34eb044.txt","type":"text/plain","size":4155}],"parameters":[],"shouldDisplayMessage":true,"stepsCount":12,"attachmentsCount":1,"hasContent":true},"afterStages":[{"name":"credentials::0","time":{"start":1710071511006,"stop":1710071511452,"duration":446},"status":"passed","steps":[],"attachments":[],"parameters":[],"shouldDisplayMessage":false,"stepsCount":0,"attachmentsCount":0,"hasContent":false},{"name":"page::0","time":{"start":1710071511453,"stop":1710071511584,"duration":131},"status":"passed","steps":[],"attachments":[{"uid":"85c94492050dff52","name":"test_login_via_google","source":"85c94492050dff52.png","type":"image/png","size":68823}],"parameters":[],"shouldDisplayMessage":false,"stepsCount":0,"attachmentsCount":1,"hasContent":true}],"labels":[{"name":"severity","value":"critical"},{"name":"suite","value":"UI Functional Tests"},{"name":"as_id","value":"3"},{"name":"tag","value":"order(1)"},{"name":"tag","value":"chrome_mobile"},{"name":"tag","value":"ui"},{"name":"parentSuite","value":"tests"},{"name":"subSuite","value":"TestUIHomePage"},{"name":"host","value":"aaf018cdc2b9"},{"name":"thread","value":"1-MainThread"},{"name":"framework","value":"pytest"},{"name":"language","value":"cpython3"},{"name":"package","value":"tests.test_ui_home_page"},{"name":"resultFormat","value":"allure2"}],"parameters":[],"links":[],"hidden":false,"retry":false,"extra":{"severity":"critical","retries":[{"uid":"61bee38a1abf3221","status":"failed","statusDetails":"AssertionError: Could not find an element with xpath: '//div[@role=\"button\"]'","time":{"start":1710071493751,"stop":1710071501904,"duration":8153}}],"categories":[{"name":"Product defects","matchedStatuses":[],"flaky":false}],"history":{"statistic":{"failed":3,"broken":0,"skipped":0,"passed":0,"unknown":0,"total":3},"items":[{"uid":"d5473d89994b5bc2","reportUrl":"https://valeryia-lukyanava.github.io/automated-testing-project-4zida/141//#testresult/d5473d89994b5bc2","status":"failed","statusDetails":"AssertionError: Could not find an element with xpath: '//div[@role=\"button\"]'","time":{"start":1709985436230,"stop":1709985444827,"duration":8597}},{"uid":"3ae3ceecb17cf108","reportUrl":"https://valeryia-lukyanava.github.io/automated-testing-project-4zida/140//#testresult/3ae3ceecb17cf108","status":"failed","statusDetails":"AssertionError: Element was not visible","time":{"start":1709972659125,"stop":1709972669700,"duration":10575}}]},"tags":["order(1)","ui","chrome_mobile"]},"source":"d0d0035795d99f98.json","parameterValues":[]}